[Licensing::Module] Trying to connect to existing licensing client channel...
Built from '6000.3/staging' branch; Version is '6000.3.9f1 (7a9955a4f2fa) revision 8034645'; Using compiler version '194234433'; Build Type 'Release'
[Licensing::IpcConnector] Successfully connected to: "LicenseClient-竹林尚哉" at "2026-04-15T05:19:02.8610214Z"
OS: 'Windows 11  (10.0.26200) Enterprise' Language: 'ja' Physical Memory: 32471 MB
BatchMode: 1, IsHumanControllingUs: 0, StartBugReporterOnCrash: 0, Is64bit: 1
System  architecture: x64
Process architecture: x64
Date: 2026-04-15T05:19:02Z

COMMAND LINE ARGUMENTS:
C:\Program Files\Unity\Hub\Editor\6000.3.9f1\Editor\Unity.exe
-adb2
-batchMode
-noUpm
-name
AssetImportWorker4
-projectPath
C:/Git/Mahjong
-logFile
Logs/AssetImportWorker4.log
-srvPort
58180
-licensingIpc
LicenseClient-竹林尚哉
-job-worker-count
7
-background-job-worker-count
8
-gc-helper-count
1
-name
AssetImport
Successfully changed project path to: C:/Git/Mahjong
C:/Git/Mahjong
[UnityMemory] Configuration Parameters - Can be set up in boot.config
    "memorysetup-temp-allocator-size-nav-mesh-worker=65536"
    "memorysetup-temp-allocator-size-audio-worker=65536"
    "memorysetup-temp-allocator-size-gfx=262144"
    "memorysetup-allocator-temp-initial-block-size-main=262144"
    "memorysetup-allocator-temp-initial-block-size-worker=262144"
    "memorysetup-temp-allocator-size-background-worker=32768"
    "memorysetup-temp-allocator-size-job-worker=262144"
    "memorysetup-temp-allocator-size-preload-manager=33554432"
    "memorysetup-temp-allocator-size-gi-baking-worker=262144"
    "memorysetup-temp-allocator-size-gi-baking-worker=262144"
    "memorysetup-temp-allocator-size-gi-baking-worker=262144"
    "memorysetup-temp-allocator-size-gi-baking-worker=262144"
    "memorysetup-temp-allocator-size-gi-baking-worker=262144"
    "memorysetup-bucket-allocator-granularity=16"
    "memorysetup-bucket-allocator-bucket-count=8"
    "memorysetup-bucket-allocator-block-size=33554432"
    "memorysetup-bucket-allocator-block-count=8"
    "memorysetup-main-allocator-block-size=16777216"
    "memorysetup-thread-allocator-block-size=16777216"
    "memorysetup-gfx-main-allocator-block-size=16777216"
    "memorysetup-gfx-thread-allocator-block-size=16777216"
    "memorysetup-cache-allocator-block-size=4194304"
    "memorysetup-typetree-allocator-block-size=2097152"
    "memorysetup-profiler-bucket-allocator-granularity=16"
    "memorysetup-profiler-bucket-allocator-bucket-count=8"
    "memorysetup-profiler-bucket-allocator-block-size=33554432"
    "memorysetup-profiler-bucket-allocator-block-count=8"
    "memorysetup-profiler-allocator-block-size=16777216"
    "memorysetup-profiler-editor-allocator-block-size=1048576"
    "memorysetup-temp-allocator-size-main=16777216"
    "memorysetup-job-temp-allocator-block-size=2097152"
    "memorysetup-job-temp-allocator-block-size-background=1048576"
    "memorysetup-job-temp-allocator-reduction-small-platforms=262144"
    "memorysetup-temp-allocator-size-cloud-worker=32768"
Player connection [29756]  Target information:

Player connection [29756]  * "[IP] 192.168.4.244 [Port] 0 [Flags] 2 [Guid] 1416778152 [EditorId] 1416778152 [Version] 1048832 [Id] WindowsEditor(7,Takebayashi_PC) [Debug] 1 [PackageName] WindowsEditor [ProjectName] Editor" 

Player connection [29756] Host joined multi-casting on [225.0.0.222:54997]...
Player connection [29756] Host joined alternative multi-casting on [225.0.0.222:34997]...
JobSystem: Creating JobQueue using job-worker-count value 7
Input System module state changed to: Initialized.
[Physics::Module] Initialized fallback backend.
[Physics::Module] Id: 0xdecafbad
Library Redirect Path: Library/
[Physics::Module] Selected backend.
[Physics::Module] Name: PhysX
[Physics::Module] Id: 0xf2b8ea05
[Physics::Module] SDK Version: 4.1.2
[Physics::Module] Integration Version: 1.0.0
[Physics::Module] Threading Mode: Multi-Threaded
Refreshing native plugins compatible for Editor in 2.72 ms, found 3 plugins.
Preloading 0 native plugins for Editor in 0.00 ms.
Initialize engine version: 6000.3.9f1 (7a9955a4f2fa)
[Subsystems] Discovering subsystems at path C:/Program Files/Unity/Hub/Editor/6000.3.9f1/Editor/Data/Resources/UnitySubsystems
[Subsystems] Discovering subsystems at path C:/Git/Mahjong/Assets
GfxDevice: creating device client; kGfxThreadingModeNonThreaded
Direct3D:
    Version:  Direct3D 11.0 [level 11.1]
    Renderer: NVIDIA GeForce RTX 4060 Laptop GPU (ID=0x28a0)
    Vendor:   NVIDIA
    VRAM:     7956 MB
    Driver:   32.0.15.9174
Initialize mono
Mono path[0] = 'C:/Program Files/Unity/Hub/Editor/6000.3.9f1/Editor/Data/Managed'
Mono path[1] = 'C:/Program Files/Unity/Hub/Editor/6000.3.9f1/Editor/Data/MonoBleedingEdge/lib/mono/unityjit-win32'
Mono config path = 'C:/Program Files/Unity/Hub/Editor/6000.3.9f1/Editor/Data/MonoBleedingEdge/etc'
Using monoOptions --debugger-agent=transport=dt_socket,embedding=1,server=y,suspend=n,address=127.0.0.1:56836
Begin MonoManager ReloadAssembly
Registering precompiled unity dll's ...
Register platform support module: C:/Program Files/Unity/Hub/Editor/6000.3.9f1/Editor/Data/PlaybackEngines/WindowsStandaloneSupport/UnityEditor.WindowsStandalone.Extensions.dll
Registered in 0.001537 seconds.
- Loaded All Assemblies, in  0.409 seconds
Native extension for WindowsStandalone target not found
ScheduleIndexationOnStartup MainProcess:False IndexOnStartup:True
Mono: successfully reloaded assembly
- Finished resetting the current domain, in  0.455 seconds
Domain Reload Profiling: 862ms
	BeginReloadAssembly (151ms)
		ExecutionOrderSort (0ms)
		DisableScriptedObjects (0ms)
		BackupInstance (0ms)
		ReleaseScriptingObjects (0ms)
		CreateAndSetChildDomain (1ms)
	RebuildCommonClasses (36ms)
	RebuildNativeTypeToScriptingClass (11ms)
	initialDomainReloadingComplete (42ms)
	LoadAllAssembliesAndSetupDomain (167ms)
		LoadAssemblies (148ms)
		RebuildTransferFunctionScriptingTraits (0ms)
		AnalyzeDomain (164ms)
			TypeCache.Refresh (163ms)
				TypeCache.ScanAssembly (150ms)
			BuildScriptInfoCaches (0ms)
			ResolveRequiredComponents (0ms)
	FinalizeReload (455ms)
		ReleaseScriptCaches (0ms)
		RebuildScriptCaches (0ms)
		SetupLoadedEditorAssemblies (412ms)
			LogAssemblyErrors (0ms)
			InitializePlatformSupportModulesInManaged (49ms)
			SetLoadedEditorAssemblies (6ms)
			BeforeProcessingInitializeOnLoad (125ms)
			ProcessInitializeOnLoadAttributes (162ms)
			ProcessInitializeOnLoadMethodAttributes (69ms)
			AfterProcessingInitializeOnLoad (0ms)
			EditorAssembliesLoaded (0ms)
		ExecutionOrderSort2 (0ms)
		AwakeInstancesAfterBackupRestoration (0ms)
========================================================================
Worker process is ready to serve import requests
Import Worker Mode flag is 0x00
Begin MonoManager ReloadAssembly
[Licensing::Module] Licensing is not yet initialized.
[Licensing::Client] Handshaking with LicensingClient:
  Version:                 1.17.4+4293ba1
  Session Id:              115bd229aff648b1a4af5b2de335addf
  Correlation Id:          5eabd8007f4c9b2682695310fdaa4e8b
  External correlation Id: 1789481188440434934
  Machine Id:              6+wpDBm6+TlGFAk02gDYPphAiY8=
[Licensing::Module] Successfully connected to LicensingClient on channel: "LicenseClient-竹林尚哉" (connect: 0.00s, validation: 0.00s, handshake: 2.14s)
[Licensing::IpcConnector] Successfully connected to: "LicenseClient-竹林尚哉-notifications" at "2026-04-15T05:19:05.0008468Z"
[Licensing::Module] Licensing Background thread has ended after 2.14s
[Licensing::Module] Licensing is initialized (took 0.05s).
[Licensing::Client] Successfully resolved entitlement details
[Licensing::Module] License group:
  Id: 15669558551721-UnityPersXXXX
  Product: Unity Personal
  Type: Assigned
  Expiration: Unlimited
- Loaded All Assemblies, in  0.712 seconds
Refreshing native plugins compatible for Editor in 0.55 ms, found 3 plugins.
Native extension for WindowsStandalone target not found
Package Manager log level set to [2]
[Package Manager] Failed to launch server process. Reason: Unity was launched with the -noUpm command-line argument
[Package Manager] Unable to send message (not connected to server process).
[Package Manager] Cannot connect to Unity Package Manager local server
ScheduleIndexationOnStartup MainProcess:False IndexOnStartup:True
Mono: successfully reloaded assembly
- Finished resetting the current domain, in  0.710 seconds
Domain Reload Profiling: 1419ms
	BeginReloadAssembly (215ms)
		ExecutionOrderSort (0ms)
		DisableScriptedObjects (5ms)
		BackupInstance (0ms)
		ReleaseScriptingObjects (0ms)
		CreateAndSetChildDomain (27ms)
	RebuildCommonClasses (31ms)
	RebuildNativeTypeToScriptingClass (11ms)
	initialDomainReloadingComplete (32ms)
	LoadAllAssembliesAndSetupDomain (421ms)
		LoadAssemblies (294ms)
		RebuildTransferFunctionScriptingTraits (0ms)
		AnalyzeDomain (215ms)
			TypeCache.Refresh (157ms)
				TypeCache.ScanAssembly (145ms)
			BuildScriptInfoCaches (46ms)
			ResolveRequiredComponents (8ms)
	FinalizeReload (710ms)
		ReleaseScriptCaches (0ms)
		RebuildScriptCaches (0ms)
		SetupLoadedEditorAssemblies (535ms)
			LogAssemblyErrors (0ms)
			InitializePlatformSupportModulesInManaged (2ms)
			SetLoadedEditorAssemblies (4ms)
			BeforeProcessingInitializeOnLoad (118ms)
			ProcessInitializeOnLoadAttributes (328ms)
			ProcessInitializeOnLoadMethodAttributes (78ms)
			AfterProcessingInitializeOnLoad (4ms)
			EditorAssembliesLoaded (0ms)
		ExecutionOrderSort2 (0ms)
		AwakeInstancesAfterBackupRestoration (6ms)
Launched and connected shader compiler UnityShaderCompiler.exe after 0.01 seconds
Refreshing native plugins compatible for Editor in 0.92 ms, found 3 plugins.
Preloading 0 native plugins for Editor in 0.00 ms.
Unloading 16 Unused Serialized files (Serialized files now loaded: 0)
Unloading 6189 unused Assets / (3.9 MB). Loaded Objects now: 6988.
Memory consumption went from 150.2 MB to 146.3 MB.
Total: 6.662300 ms (FindLiveObjects: 0.435600 ms CreateObjectMapping: 0.337100 ms MarkObjects: 4.443700 ms  DeleteObjects: 1.444400 ms)

========================================================================
Received Import Request.
  Time since last request: 6796.307530 seconds.
  path: Assets/Mahjong Complete Set/Textures/tenbou1.png
  artifactKey: Guid(b5a3e7194f1c43242b32182bd52a779e) Importer(815301076,1909f56bfc062723c751e8b465ee728b)
Start importing Assets/Mahjong Complete Set/Textures/tenbou1.png using Guid(b5a3e7194f1c43242b32182bd52a779e) Importer(815301076,1909f56bfc062723c751e8b465ee728b) (PreviewImporter) -> (artifact id: '9a420465a59ede3e8e17d4accba7cb5c') in 0.0863838 seconds
Number of updated asset objects reloaded before import = 0Number of asset objects unloaded after import = 2

========================================================================
Received Import Request.
  Time since last request: 0.000021 seconds.
  path: Assets/Mahjong Complete Set/Textures/tenbou3.png
  artifactKey: Guid(2a0264e591227fb4a8c94e4383e396c2) Importer(815301076,1909f56bfc062723c751e8b465ee728b)
Start importing Assets/Mahjong Complete Set/Textures/tenbou3.png using Guid(2a0264e591227fb4a8c94e4383e396c2) Importer(815301076,1909f56bfc062723c751e8b465ee728b) (PreviewImporter) -> (artifact id: 'b16aa5d9d6aceea99177bbc6a76b9b13') in 0.0082666 seconds
Number of updated asset objects reloaded before import = 0Number of asset objects unloaded after import = 2

========================================================================
Received Import Request.
  Time since last request: 0.000022 seconds.
  path: Assets/Mahjong Complete Set/Textures/tenbou4_n.png
  artifactKey: Guid(50a4e7d072314e64abe6ce5c05c88542) Importer(815301076,1909f56bfc062723c751e8b465ee728b)
Start importing Assets/Mahjong Complete Set/Textures/tenbou4_n.png using Guid(50a4e7d072314e64abe6ce5c05c88542) Importer(815301076,1909f56bfc062723c751e8b465ee728b) (PreviewImporter) -> (artifact id: '636a7e1fafab93396618b45022f0575f') in 0.0342878 seconds
Number of updated asset objects reloaded before import = 0Number of asset objects unloaded after import = 2

========================================================================
Received Import Request.
  Time since last request: 0.000034 seconds.
  path: Assets/Mahjong Complete Set/Textures/tenbou2_n.png
  artifactKey: Guid(ad643a64cc206e54b9e1be930ce46611) Importer(815301076,1909f56bfc062723c751e8b465ee728b)
Start importing Assets/Mahjong Complete Set/Textures/tenbou2_n.png using Guid(ad643a64cc206e54b9e1be930ce46611) Importer(815301076,1909f56bfc062723c751e8b465ee728b) (PreviewImporter) -> (artifact id: '5f15f0f28511db738380c2733dc5c4da') in 0.0252716 seconds
Number of updated asset objects reloaded before import = 0Number of asset objects unloaded after import = 2

========================================================================
Received Import Request.
  Time since last request: 4.855125 seconds.
  path: Assets/Mahjong Complete Set/Textures/blank.png
  artifactKey: Guid(6b74947427590b448ac378a949b35640) Importer(815301076,1909f56bfc062723c751e8b465ee728b)
Start importing Assets/Mahjong Complete Set/Textures/blank.png using Guid(6b74947427590b448ac378a949b35640) Importer(815301076,1909f56bfc062723c751e8b465ee728b) (PreviewImporter) -> (artifact id: '0e59cc795dd96c8549f1f59a5c9b4276') in 0.0260241 seconds
Number of updated asset objects reloaded before import = 0Number of asset objects unloaded after import = 2

========================================================================
Received Import Request.
  Time since last request: 0.535843 seconds.
  path: Assets/Mahjong Complete Set/Textures/tenbou_blank.png
  artifactKey: Guid(36d10c30efbe29b4daae4825707053c7) Importer(815301076,1909f56bfc062723c751e8b465ee728b)
Start importing Assets/Mahjong Complete Set/Textures/tenbou_blank.png using Guid(36d10c30efbe29b4daae4825707053c7) Importer(815301076,1909f56bfc062723c751e8b465ee728b) (PreviewImporter) -> (artifact id: 'd75ce631e5a822813595550753c31483') in 0.0237244 seconds
Number of updated asset objects reloaded before import = 0Number of asset objects unloaded after import = 2

========================================================================
Received Import Request.
  Time since last request: 614.647301 seconds.
  path: Assets/Mahjong Complete Set/Mesh/pjihai_haku.fbx
  artifactKey: Guid(8e618d67ea0e95142bfc1eda406adf28) Importer(815301076,1909f56bfc062723c751e8b465ee728b)
Start importing Assets/Mahjong Complete Set/Mesh/pjihai_haku.fbx using Guid(8e618d67ea0e95142bfc1eda406adf28) Importer(815301076,1909f56bfc062723c751e8b465ee728b) (PreviewImporter) -> (artifact id: 'a735b58d02703624c33a68e51af65e8c') in 0.7226349 seconds
Number of updated asset objects reloaded before import = 20Number of asset objects unloaded after import = 13

========================================================================
Received Import Request.
  Time since last request: 0.000069 seconds.
  path: Assets/Mahjong Complete Set/Mesh/pjihai_hatsu.fbx
  artifactKey: Guid(52edffde2d8b3ad45bb43abb094c0e5f) Importer(815301076,1909f56bfc062723c751e8b465ee728b)
Start importing Assets/Mahjong Complete Set/Mesh/pjihai_hatsu.fbx using Guid(52edffde2d8b3ad45bb43abb094c0e5f) Importer(815301076,1909f56bfc062723c751e8b465ee728b) (PreviewImporter) -> (artifact id: 'fae0879e9203e02250ef8b08d53152de') in 0.0326469 seconds
Number of updated asset objects reloaded before import = 0Number of asset objects unloaded after import = 15

========================================================================
Received Import Request.
  Time since last request: 2155.863400 seconds.
  path: Assets/Mahjong Complete Set/Mesh/pjihai_chun.fbx
  artifactKey: Guid(865372c8087629a49bb545b129259b16) Importer(815301076,1909f56bfc062723c751e8b465ee728b)
Start importing Assets/Mahjong Complete Set/Mesh/pjihai_chun.fbx using Guid(865372c8087629a49bb545b129259b16) Importer(815301076,1909f56bfc062723c751e8b465ee728b) (PreviewImporter) -> (artifact id: 'cbf7010e15ffab27b9e0fced61358e43') in 0.1274566 seconds
Number of updated asset objects reloaded before import = 0Number of asset objects unloaded after import = 15

========================================================================
Received Import Request.
  Time since last request: 1219.130164 seconds.
  path: Assets/Mahjong Complete Set/Materials/table.mat
  artifactKey: Guid(c7858058a0d3f2143894a51c3a97fcd2) Importer(2089858483,b0f066a214c2f5e87bad3c948f4d605d)
Start importing Assets/Mahjong Complete Set/Materials/table.mat using Guid(c7858058a0d3f2143894a51c3a97fcd2) Importer(2089858483,b0f066a214c2f5e87bad3c948f4d605d) (ScriptedImporter) -> (artifact id: '6b8c438b37903654959c51af3c577368') in 0.1780965 seconds
Number of updated asset objects reloaded before import = 0Number of asset objects unloaded after import = 3

========================================================================
Received Import Request.
  Time since last request: 0.000048 seconds.
  path: Assets/Scenes/GameMain.unity
  artifactKey: Guid(f2214d1c9936ed74798682037938c9bc) Importer(2089858483,b0f066a214c2f5e87bad3c948f4d605d)
Start importing Assets/Scenes/GameMain.unity using Guid(f2214d1c9936ed74798682037938c9bc) Importer(2089858483,b0f066a214c2f5e87bad3c948f4d605d) (ScriptedImporter) -> (artifact id: 'bdf12c957dd0a86b8fb66c42d04e7668') in 0.0263419 seconds
Number of updated asset objects reloaded before import = 0Number of asset objects unloaded after import = 1

========================================================================
Received Import Request.
  Time since last request: 2.461584 seconds.
  path: Assets/Mahjong Complete Set/Materials/manzu_5.mat
  artifactKey: Guid(dae26ffff5ed356458476d94e5347b9a) Importer(2089858483,b0f066a214c2f5e87bad3c948f4d605d)
Start importing Assets/Mahjong Complete Set/Materials/manzu_5.mat using Guid(dae26ffff5ed356458476d94e5347b9a) Importer(2089858483,b0f066a214c2f5e87bad3c948f4d605d) (ScriptedImporter) -> (artifact id: 'db948a71c71bacc5ed25bd3aeba32a75') in 0.0154725 seconds
Number of updated asset objects reloaded before import = 0Number of asset objects unloaded after import = 3

========================================================================
Received Import Request.
  Time since last request: 0.000021 seconds.
  path: Assets/Mahjong Complete Set/Materials/manzu_2.mat
  artifactKey: Guid(44c126483731ab44ebd03b704fcaa7f6) Importer(2089858483,b0f066a214c2f5e87bad3c948f4d605d)
Start importing Assets/Mahjong Complete Set/Materials/manzu_2.mat using Guid(44c126483731ab44ebd03b704fcaa7f6) Importer(2089858483,b0f066a214c2f5e87bad3c948f4d605d) (ScriptedImporter) -> (artifact id: '546ed81b1a04c253ad569b8ee92e6876') in 0.0259393 seconds
Number of updated asset objects reloaded before import = 0Number of asset objects unloaded after import = 3

========================================================================
Received Import Request.
  Time since last request: 0.000028 seconds.
  path: Assets/Mahjong Complete Set/Materials/souzu_7.mat
  artifactKey: Guid(d196137a9f76c5745bf3fc7ed5135d24) Importer(2089858483,b0f066a214c2f5e87bad3c948f4d605d)
Start importing Assets/Mahjong Complete Set/Materials/souzu_7.mat using Guid(d196137a9f76c5745bf3fc7ed5135d24) Importer(2089858483,b0f066a214c2f5e87bad3c948f4d605d) (ScriptedImporter) -> (artifact id: 'b0bf0bab33bd27c370be0e4491f88ce3') in 0.0220293 seconds
Number of updated asset objects reloaded before import = 0Number of asset objects unloaded after import = 3

========================================================================
Received Import Request.
  Time since last request: 0.000018 seconds.
  path: Assets/Mahjong Complete Set/Materials/tenboublank.mat
  artifactKey: Guid(d1ff0bf5a3515c04994aca39cbabb887) Importer(2089858483,b0f066a214c2f5e87bad3c948f4d605d)
Start importing Assets/Mahjong Complete Set/Materials/tenboublank.mat using Guid(d1ff0bf5a3515c04994aca39cbabb887) Importer(2089858483,b0f066a214c2f5e87bad3c948f4d605d) (ScriptedImporter) -> (artifact id: '81a918478ec82635ff2c99294a840dc2') in 0.0244157 seconds
Number of updated asset objects reloaded before import = 0Number of asset objects unloaded after import = 3

========================================================================
Received Import Request.
  Time since last request: 0.000027 seconds.
  path: Assets/Mahjong Complete Set/Materials/manzu_3.mat
  artifactKey: Guid(587722f915542ca42ae5331afc8deabb) Importer(2089858483,b0f066a214c2f5e87bad3c948f4d605d)
Start importing Assets/Mahjong Complete Set/Materials/manzu_3.mat using Guid(587722f915542ca42ae5331afc8deabb) Importer(2089858483,b0f066a214c2f5e87bad3c948f4d605d) (ScriptedImporter) -> (artifact id: '4a07d06610138f9f23885251a3d7cf2a') in 0.0226567 seconds
Number of updated asset objects reloaded before import = 0Number of asset objects unloaded after import = 3

========================================================================
Received Import Request.
  Time since last request: 0.000036 seconds.
  path: Assets/Mahjong Complete Set/Materials/pinzu_1.mat
  artifactKey: Guid(28e6e0260c5b13f41a40363c9d0aa4bc) Importer(2089858483,b0f066a214c2f5e87bad3c948f4d605d)
Start importing Assets/Mahjong Complete Set/Materials/pinzu_1.mat using Guid(28e6e0260c5b13f41a40363c9d0aa4bc) Importer(2089858483,b0f066a214c2f5e87bad3c948f4d605d) (ScriptedImporter) -> (artifact id: '9fcff6bd12ddc28ddd0db7ad508f9cbb') in 0.0241576 seconds
Number of updated asset objects reloaded before import = 0Number of asset objects unloaded after import = 3

========================================================================
Received Import Request.
  Time since last request: 0.000023 seconds.
  path: Assets/Mahjong Complete Set/Materials/pinzu_5.mat
  artifactKey: Guid(776afc0d38879c349a63c933bc5f51b4) Importer(2089858483,b0f066a214c2f5e87bad3c948f4d605d)
Start importing Assets/Mahjong Complete Set/Materials/pinzu_5.mat using Guid(776afc0d38879c349a63c933bc5f51b4) Importer(2089858483,b0f066a214c2f5e87bad3c948f4d605d) (ScriptedImporter) -> (artifact id: 'ce87fbf3b35145665d4431581cbca394') in 0.0247569 seconds
Number of updated asset objects reloaded before import = 0Number of asset objects unloaded after import = 3

========================================================================
Received Import Request.
  Time since last request: 0.000029 seconds.
  path: Assets/Mahjong Complete Set/Materials/chicha_north.mat
  artifactKey: Guid(2181e1ce44885e949ad1c7fd5523e40d) Importer(2089858483,b0f066a214c2f5e87bad3c948f4d605d)
Start importing Assets/Mahjong Complete Set/Materials/chicha_north.mat using Guid(2181e1ce44885e949ad1c7fd5523e40d) Importer(2089858483,b0f066a214c2f5e87bad3c948f4d605d) (ScriptedImporter) -> (artifact id: 'd90633973fa0222b00bde7c71f054624') in 0.0210312 seconds
Number of updated asset objects reloaded before import = 0Number of asset objects unloaded after import = 3

========================================================================
Received Import Request.
  Time since last request: 0.000022 seconds.
  path: Assets/Mahjong Complete Set/Materials/souzu_4.mat
  artifactKey: Guid(de3acf170598c0848acf1db4b5e2fa3d) Importer(2089858483,b0f066a214c2f5e87bad3c948f4d605d)
Start importing Assets/Mahjong Complete Set/Materials/souzu_4.mat using Guid(de3acf170598c0848acf1db4b5e2fa3d) Importer(2089858483,b0f066a214c2f5e87bad3c948f4d605d) (ScriptedImporter) -> (artifact id: '3aef1634271beb7006b40dd0b2b4f1cb') in 0.0230861 seconds
Number of updated asset objects reloaded before import = 0Number of asset objects unloaded after import = 3

========================================================================
Received Import Request.
  Time since last request: 0.000022 seconds.
  path: Assets/Mahjong Complete Set/Materials/jihai_ pe.mat
  artifactKey: Guid(3f6d35fcc9f9f8f4f90ef71d8615f785) Importer(2089858483,b0f066a214c2f5e87bad3c948f4d605d)
Start importing Assets/Mahjong Complete Set/Materials/jihai_ pe.mat using Guid(3f6d35fcc9f9f8f4f90ef71d8615f785) Importer(2089858483,b0f066a214c2f5e87bad3c948f4d605d) (ScriptedImporter) -> (artifact id: '2dc3ec566909cd4838207d6e2a57b2ac') in 0.0555338 seconds
Number of updated asset objects reloaded before import = 0Number of asset objects unloaded after import = 3

========================================================================
Received Import Request.
  Time since last request: 0.000029 seconds.
  path: Assets/Mahjong Complete Set/Materials/souzu_9.mat
  artifactKey: Guid(dbbc010bf02c19c4c9f4f7459a0476c0) Importer(2089858483,b0f066a214c2f5e87bad3c948f4d605d)
Start importing Assets/Mahjong Complete Set/Materials/souzu_9.mat using Guid(dbbc010bf02c19c4c9f4f7459a0476c0) Importer(2089858483,b0f066a214c2f5e87bad3c948f4d605d) (ScriptedImporter) -> (artifact id: '207c97d36f08b917ec62e24a96355e16') in 0.0243448 seconds
Number of updated asset objects reloaded before import = 0Number of asset objects unloaded after import = 3

========================================================================
Received Import Request.
  Time since last request: 0.000036 seconds.
  path: Assets/Mahjong Complete Set/Materials/souzu_3.mat
  artifactKey: Guid(b2dbc72e0ef374e4e9552d27f7d6e411) Importer(2089858483,b0f066a214c2f5e87bad3c948f4d605d)
Start importing Assets/Mahjong Complete Set/Materials/souzu_3.mat using Guid(b2dbc72e0ef374e4e9552d27f7d6e411) Importer(2089858483,b0f066a214c2f5e87bad3c948f4d605d) (ScriptedImporter) -> (artifact id: 'a3b00747356a164230fec1648e7ab17e') in 0.0214419 seconds
Number of updated asset objects reloaded before import = 0Number of asset objects unloaded after import = 3

========================================================================
Received Import Request.
  Time since last request: 0.000029 seconds.
  path: Assets/Mahjong Complete Set/Materials/pinzu_9.mat
  artifactKey: Guid(8b9076e92adfe4b40a5aaa1d41ccbfc4) Importer(2089858483,b0f066a214c2f5e87bad3c948f4d605d)
Start importing Assets/Mahjong Complete Set/Materials/pinzu_9.mat using Guid(8b9076e92adfe4b40a5aaa1d41ccbfc4) Importer(2089858483,b0f066a214c2f5e87bad3c948f4d605d) (ScriptedImporter) -> (artifact id: '08bdbaea1ddae710836744ba17c4de0c') in 0.0252626 seconds
Number of updated asset objects reloaded before import = 0Number of asset objects unloaded after import = 3

========================================================================
Received Import Request.
  Time since last request: 0.000024 seconds.
  path: Assets/Mahjong Complete Set/Materials/pinzu_6.mat
  artifactKey: Guid(f892ae9d8fc770741ad6e3d0b0a23308) Importer(2089858483,b0f066a214c2f5e87bad3c948f4d605d)
Start importing Assets/Mahjong Complete Set/Materials/pinzu_6.mat using Guid(f892ae9d8fc770741ad6e3d0b0a23308) Importer(2089858483,b0f066a214c2f5e87bad3c948f4d605d) (ScriptedImporter) -> (artifact id: '71ec47963bb3235567264056c98c698f') in 0.0165863 seconds
Number of updated asset objects reloaded before import = 0Number of asset objects unloaded after import = 3

========================================================================
Received Import Request.
  Time since last request: 0.000022 seconds.
  path: Assets/Mahjong Complete Set/Materials/jihai_ nan.mat
  artifactKey: Guid(171279431d8710d4a8e8e2489254d06b) Importer(2089858483,b0f066a214c2f5e87bad3c948f4d605d)
Start importing Assets/Mahjong Complete Set/Materials/jihai_ nan.mat using Guid(171279431d8710d4a8e8e2489254d06b) Importer(2089858483,b0f066a214c2f5e87bad3c948f4d605d) (ScriptedImporter) -> (artifact id: '2e86012f0511f83ced1aad10babba6dc') in 0.0212097 seconds
Number of updated asset objects reloaded before import = 0Number of asset objects unloaded after import = 3

========================================================================
Received Import Request.
  Time since last request: 0.000061 seconds.
  path: Assets/Mahjong Complete Set/Materials/souzu_1.mat
  artifactKey: Guid(dd68672b0b20ac845852256736e93941) Importer(2089858483,b0f066a214c2f5e87bad3c948f4d605d)
Start importing Assets/Mahjong Complete Set/Materials/souzu_1.mat using Guid(dd68672b0b20ac845852256736e93941) Importer(2089858483,b0f066a214c2f5e87bad3c948f4d605d) (ScriptedImporter) -> (artifact id: '1d74bc822885d42a59add9094f701914') in 0.0211239 seconds
Number of updated asset objects reloaded before import = 0Number of asset objects unloaded after import = 3

========================================================================
Received Import Request.
  Time since last request: 0.000033 seconds.
  path: Assets/Mahjong Complete Set/Materials/souzu_2.mat
  artifactKey: Guid(050cb6db0300f9f4d87b01f5b3831409) Importer(2089858483,b0f066a214c2f5e87bad3c948f4d605d)
Start importing Assets/Mahjong Complete Set/Materials/souzu_2.mat using Guid(050cb6db0300f9f4d87b01f5b3831409) Importer(2089858483,b0f066a214c2f5e87bad3c948f4d605d) (ScriptedImporter) -> (artifact id: 'f20f9c99372b448d0080399e61507908') in 0.0223334 seconds
Number of updated asset objects reloaded before import = 0Number of asset objects unloaded after import = 3

========================================================================
Received Import Request.
  Time since last request: 0.000028 seconds.
  path: Assets/Mahjong Complete Set/Materials/jihai_ ton.mat
  artifactKey: Guid(fafa70e405a476242aac158d0c8decba) Importer(2089858483,b0f066a214c2f5e87bad3c948f4d605d)
Start importing Assets/Mahjong Complete Set/Materials/jihai_ ton.mat using Guid(fafa70e405a476242aac158d0c8decba) Importer(2089858483,b0f066a214c2f5e87bad3c948f4d605d) (ScriptedImporter) -> (artifact id: '2e2c40c9fb5c0c78d49b32cb0a8f918d') in 0.0202915 seconds
Number of updated asset objects reloaded before import = 0Number of asset objects unloaded after import = 3

========================================================================
Received Import Request.
  Time since last request: 0.000024 seconds.
  path: Assets/Mahjong Complete Set/Materials/pinzu_3.mat
  artifactKey: Guid(c9fdd03aba545bd478942ad229848099) Importer(2089858483,b0f066a214c2f5e87bad3c948f4d605d)
Start importing Assets/Mahjong Complete Set/Materials/pinzu_3.mat using Guid(c9fdd03aba545bd478942ad229848099) Importer(2089858483,b0f066a214c2f5e87bad3c948f4d605d) (ScriptedImporter) -> (artifact id: '3ed56c425c02b97a74f84db3255c312c') in 0.0233125 seconds
Number of updated asset objects reloaded before import = 0Number of asset objects unloaded after import = 3

========================================================================
Received Import Request.
  Time since last request: 0.000025 seconds.
  path: Assets/Mahjong Complete Set/Materials/pai_side.mat
  artifactKey: Guid(4d3c864a7fef32b4cb5772d24ada6d19) Importer(2089858483,b0f066a214c2f5e87bad3c948f4d605d)
Start importing Assets/Mahjong Complete Set/Materials/pai_side.mat using Guid(4d3c864a7fef32b4cb5772d24ada6d19) Importer(2089858483,b0f066a214c2f5e87bad3c948f4d605d) (ScriptedImporter) -> (artifact id: '19ce8d29a9362065a4c52ed673d9aca1') in 0.0224676 seconds
Number of updated asset objects reloaded before import = 0Number of asset objects unloaded after import = 3

========================================================================
Received Import Request.
  Time since last request: 0.000028 seconds.
  path: Assets/Mahjong Complete Set/Materials/manzu_5r.mat
  artifactKey: Guid(e9209463ec4465d47a1bc79d14061fe9) Importer(2089858483,b0f066a214c2f5e87bad3c948f4d605d)
Start importing Assets/Mahjong Complete Set/Materials/manzu_5r.mat using Guid(e9209463ec4465d47a1bc79d14061fe9) Importer(2089858483,b0f066a214c2f5e87bad3c948f4d605d) (ScriptedImporter) -> (artifact id: 'b218fd2e4379b4858c2fd2f78214da47') in 0.0212467 seconds
Number of updated asset objects reloaded before import = 0Number of asset objects unloaded after import = 3

========================================================================
Received Import Request.
  Time since last request: 0.000050 seconds.
  path: Assets/Mahjong Complete Set/Materials/souzu_6.mat
  artifactKey: Guid(901cf77a26ef8a8438df1092b8f40c26) Importer(2089858483,b0f066a214c2f5e87bad3c948f4d605d)
Start importing Assets/Mahjong Complete Set/Materials/souzu_6.mat using Guid(901cf77a26ef8a8438df1092b8f40c26) Importer(2089858483,b0f066a214c2f5e87bad3c948f4d605d) (ScriptedImporter) -> (artifact id: 'eab12eb50c66093411a3b7640867a807') in 0.0205201 seconds
Number of updated asset objects reloaded before import = 0Number of asset objects unloaded after import = 3

========================================================================
Received Import Request.
  Time since last request: 0.000023 seconds.
  path: Assets/Mahjong Complete Set/Materials/manzu_9.mat
  artifactKey: Guid(34a144b4c44f0a848a7d506a2c917b69) Importer(2089858483,b0f066a214c2f5e87bad3c948f4d605d)
Start importing Assets/Mahjong Complete Set/Materials/manzu_9.mat using Guid(34a144b4c44f0a848a7d506a2c917b69) Importer(2089858483,b0f066a214c2f5e87bad3c948f4d605d) (ScriptedImporter) -> (artifact id: 'f50e4c9c896cbcaf0a354c101a8ec2d5') in 0.0225458 seconds
Number of updated asset objects reloaded before import = 0Number of asset objects unloaded after import = 3

========================================================================
Received Import Request.
  Time since last request: 0.000028 seconds.
  path: Assets/Mahjong Complete Set/Materials/dice.mat
  artifactKey: Guid(f292733f7aeba4b4a96daeb7b03a9b38) Importer(2089858483,b0f066a214c2f5e87bad3c948f4d605d)
Start importing Assets/Mahjong Complete Set/Materials/dice.mat using Guid(f292733f7aeba4b4a96daeb7b03a9b38) Importer(2089858483,b0f066a214c2f5e87bad3c948f4d605d) (ScriptedImporter) -> (artifact id: '373d69f172e6471dbaf484040298523f') in 0.024625 seconds
Number of updated asset objects reloaded before import = 0Number of asset objects unloaded after import = 3

========================================================================
Received Import Request.
  Time since last request: 0.000023 seconds.
  path: Assets/Mahjong Complete Set/Materials/tbm_1000.mat
  artifactKey: Guid(0e80c68a9a4de344f9f6aeaad86d5778) Importer(2089858483,b0f066a214c2f5e87bad3c948f4d605d)
Start importing Assets/Mahjong Complete Set/Materials/tbm_1000.mat using Guid(0e80c68a9a4de344f9f6aeaad86d5778) Importer(2089858483,b0f066a214c2f5e87bad3c948f4d605d) (ScriptedImporter) -> (artifact id: '5f17681c97e84c7fdf4f2c04893e2d3b') in 0.018337 seconds
Number of updated asset objects reloaded before import = 0Number of asset objects unloaded after import = 3

Editor requested this worker to shutdown with reason: Scaling down because of idle timeout
AssetImportWorkerClient::OnTransportError - code=2 error=End of file
AssetImportWorker is now disconnected from the server
Process exiting
Exiting without the bug reporter. Application will terminate with return code 0