[Licensing::Module] Trying to connect to existing licensing client channel...
Built from '6000.3/staging' branch; Version is '6000.3.9f1 (7a9955a4f2fa) revision 8034645'; Using compiler version '194234433'; Build Type 'Release'
OS: 'Windows 11  (10.0.26200) Enterprise' Language: 'ja' Physical Memory: 32471 MB
[Licensing::IpcConnector] Successfully connected to: "LicenseClient-竹林尚哉" at "2026-04-15T05:21:05.9286655Z"
BatchMode: 1, IsHumanControllingUs: 0, StartBugReporterOnCrash: 0, Is64bit: 1
System  architecture: x64
Process architecture: x64
Date: 2026-04-15T05:21:05Z

COMMAND LINE ARGUMENTS:
C:\Program Files\Unity\Hub\Editor\6000.3.9f1\Editor\Unity.exe
-adb2
-batchMode
-noUpm
-name
AssetImportWorker6
-projectPath
C:/Git/Mahjong
-logFile
Logs/AssetImportWorker6.log
-srvPort
58180
-licensingIpc
LicenseClient-竹林尚哉
-job-worker-count
7
-background-job-worker-count
8
-gc-helper-count
1
-name
AssetImport
Successfully changed project path to: C:/Git/Mahjong
C:/Git/Mahjong
[UnityMemory] Configuration Parameters - Can be set up in boot.config
    "memorysetup-temp-allocator-size-nav-mesh-worker=65536"
    "memorysetup-temp-allocator-size-audio-worker=65536"
    "memorysetup-temp-allocator-size-gfx=262144"
    "memorysetup-allocator-temp-initial-block-size-main=262144"
    "memorysetup-allocator-temp-initial-block-size-worker=262144"
    "memorysetup-temp-allocator-size-background-worker=32768"
    "memorysetup-temp-allocator-size-job-worker=262144"
    "memorysetup-temp-allocator-size-preload-manager=33554432"
    "memorysetup-temp-allocator-size-gi-baking-worker=262144"
    "memorysetup-temp-allocator-size-gi-baking-worker=262144"
    "memorysetup-temp-allocator-size-gi-baking-worker=262144"
    "memorysetup-temp-allocator-size-gi-baking-worker=262144"
    "memorysetup-temp-allocator-size-gi-baking-worker=262144"
    "memorysetup-bucket-allocator-granularity=16"
    "memorysetup-bucket-allocator-bucket-count=8"
    "memorysetup-bucket-allocator-block-size=33554432"
    "memorysetup-bucket-allocator-block-count=8"
    "memorysetup-main-allocator-block-size=16777216"
    "memorysetup-thread-allocator-block-size=16777216"
    "memorysetup-gfx-main-allocator-block-size=16777216"
    "memorysetup-gfx-thread-allocator-block-size=16777216"
    "memorysetup-cache-allocator-block-size=4194304"
    "memorysetup-typetree-allocator-block-size=2097152"
    "memorysetup-profiler-bucket-allocator-granularity=16"
    "memorysetup-profiler-bucket-allocator-bucket-count=8"
    "memorysetup-profiler-bucket-allocator-block-size=33554432"
    "memorysetup-profiler-bucket-allocator-block-count=8"
    "memorysetup-profiler-allocator-block-size=16777216"
    "memorysetup-profiler-editor-allocator-block-size=1048576"
    "memorysetup-temp-allocator-size-main=16777216"
    "memorysetup-job-temp-allocator-block-size=2097152"
    "memorysetup-job-temp-allocator-block-size-background=1048576"
    "memorysetup-job-temp-allocator-reduction-small-platforms=262144"
    "memorysetup-temp-allocator-size-cloud-worker=32768"
Player connection [31724]  Target information:

Player connection [31724]  * "[IP] 192.168.4.244 [Port] 0 [Flags] 2 [Guid] 860374814 [EditorId] 860374814 [Version] 1048832 [Id] WindowsEditor(7,Takebayashi_PC) [Debug] 1 [PackageName] WindowsEditor [ProjectName] Editor" 

Player connection [31724] Host joined multi-casting on [225.0.0.222:54997]...
Player connection [31724] Host joined alternative multi-casting on [225.0.0.222:34997]...
JobSystem: Creating JobQueue using job-worker-count value 7
Input System module state changed to: Initialized.
[Physics::Module] Initialized fallback backend.
[Physics::Module] Id: 0xdecafbad
Library Redirect Path: Library/
[Physics::Module] Selected backend.
[Physics::Module] Name: PhysX
[Physics::Module] Id: 0xf2b8ea05
[Physics::Module] SDK Version: 4.1.2
[Physics::Module] Integration Version: 1.0.0
[Physics::Module] Threading Mode: Multi-Threaded
Refreshing native plugins compatible for Editor in 1.79 ms, found 3 plugins.
Preloading 0 native plugins for Editor in 0.00 ms.
Initialize engine version: 6000.3.9f1 (7a9955a4f2fa)
[Subsystems] Discovering subsystems at path C:/Program Files/Unity/Hub/Editor/6000.3.9f1/Editor/Data/Resources/UnitySubsystems
[Subsystems] Discovering subsystems at path C:/Git/Mahjong/Assets
GfxDevice: creating device client; kGfxThreadingModeNonThreaded
Direct3D:
    Version:  Direct3D 11.0 [level 11.1]
    Renderer: NVIDIA GeForce RTX 4060 Laptop GPU (ID=0x28a0)
    Vendor:   NVIDIA
    VRAM:     7956 MB
    Driver:   32.0.15.9174
Initialize mono
Mono path[0] = 'C:/Program Files/Unity/Hub/Editor/6000.3.9f1/Editor/Data/Managed'
Mono path[1] = 'C:/Program Files/Unity/Hub/Editor/6000.3.9f1/Editor/Data/MonoBleedingEdge/lib/mono/unityjit-win32'
Mono config path = 'C:/Program Files/Unity/Hub/Editor/6000.3.9f1/Editor/Data/MonoBleedingEdge/etc'
Using monoOptions --debugger-agent=transport=dt_socket,embedding=1,server=y,suspend=n,address=127.0.0.1:56296
Begin MonoManager ReloadAssembly
Registering precompiled unity dll's ...
Register platform support module: C:/Program Files/Unity/Hub/Editor/6000.3.9f1/Editor/Data/PlaybackEngines/WindowsStandaloneSupport/UnityEditor.WindowsStandalone.Extensions.dll
Registered in 0.002067 seconds.
- Loaded All Assemblies, in  0.442 seconds
Native extension for WindowsStandalone target not found
ScheduleIndexationOnStartup MainProcess:False IndexOnStartup:True
Mono: successfully reloaded assembly
- Finished resetting the current domain, in  0.398 seconds
Domain Reload Profiling: 837ms
	BeginReloadAssembly (169ms)
		ExecutionOrderSort (0ms)
		DisableScriptedObjects (0ms)
		BackupInstance (0ms)
		ReleaseScriptingObjects (0ms)
		CreateAndSetChildDomain (1ms)
	RebuildCommonClasses (45ms)
	RebuildNativeTypeToScriptingClass (12ms)
	initialDomainReloadingComplete (56ms)
	LoadAllAssembliesAndSetupDomain (156ms)
		LoadAssemblies (165ms)
		RebuildTransferFunctionScriptingTraits (0ms)
		AnalyzeDomain (152ms)
			TypeCache.Refresh (150ms)
				TypeCache.ScanAssembly (138ms)
			BuildScriptInfoCaches (0ms)
			ResolveRequiredComponents (0ms)
	FinalizeReload (399ms)
		ReleaseScriptCaches (0ms)
		RebuildScriptCaches (0ms)
		SetupLoadedEditorAssemblies (356ms)
			LogAssemblyErrors (0ms)
			InitializePlatformSupportModulesInManaged (45ms)
			SetLoadedEditorAssemblies (4ms)
			BeforeProcessingInitializeOnLoad (82ms)
			ProcessInitializeOnLoadAttributes (155ms)
			ProcessInitializeOnLoadMethodAttributes (70ms)
			AfterProcessingInitializeOnLoad (0ms)
			EditorAssembliesLoaded (0ms)
		ExecutionOrderSort2 (0ms)
		AwakeInstancesAfterBackupRestoration (0ms)
========================================================================
Worker process is ready to serve import requests
Import Worker Mode flag is 0x00
Begin MonoManager ReloadAssembly
[Licensing::Module] Licensing is not yet initialized.
[Licensing::Client] Handshaking with LicensingClient:
  Version:                 1.17.4+4293ba1
  Session Id:              050bd6dcbfbe49918145ffb5689e64ff
  Correlation Id:          5eabd8007f4c9b2682695310fdaa4e8b
  External correlation Id: 5699004388471804755
  Machine Id:              6+wpDBm6+TlGFAk02gDYPphAiY8=
[Licensing::Module] Successfully connected to LicensingClient on channel: "LicenseClient-竹林尚哉" (connect: 0.00s, validation: 0.00s, handshake: 2.05s)
[Licensing::IpcConnector] Successfully connected to: "LicenseClient-竹林尚哉-notifications" at "2026-04-15T05:21:07.9785639Z"
[Licensing::Module] Licensing Background thread has ended after 2.05s
[Licensing::Module] Licensing is initialized (took 0.19s).
[Licensing::Client] Successfully resolved entitlement details
[Licensing::Module] License group:
  Id: 15669558551721-UnityPersXXXX
  Product: Unity Personal
  Type: Assigned
  Expiration: Unlimited
- Loaded All Assemblies, in  0.845 seconds
Refreshing native plugins compatible for Editor in 0.61 ms, found 3 plugins.
Native extension for WindowsStandalone target not found
Package Manager log level set to [2]
[Package Manager] Failed to launch server process. Reason: Unity was launched with the -noUpm command-line argument
[Package Manager] Unable to send message (not connected to server process).
[Package Manager] Cannot connect to Unity Package Manager local server
ScheduleIndexationOnStartup MainProcess:False IndexOnStartup:True
Mono: successfully reloaded assembly
- Finished resetting the current domain, in  0.642 seconds
Domain Reload Profiling: 1484ms
	BeginReloadAssembly (359ms)
		ExecutionOrderSort (0ms)
		DisableScriptedObjects (4ms)
		BackupInstance (0ms)
		ReleaseScriptingObjects (0ms)
		CreateAndSetChildDomain (27ms)
	RebuildCommonClasses (31ms)
	RebuildNativeTypeToScriptingClass (11ms)
	initialDomainReloadingComplete (35ms)
	LoadAllAssembliesAndSetupDomain (405ms)
		LoadAssemblies (290ms)
		RebuildTransferFunctionScriptingTraits (0ms)
		AnalyzeDomain (203ms)
			TypeCache.Refresh (145ms)
				TypeCache.ScanAssembly (133ms)
			BuildScriptInfoCaches (46ms)
			ResolveRequiredComponents (9ms)
	FinalizeReload (643ms)
		ReleaseScriptCaches (0ms)
		RebuildScriptCaches (0ms)
		SetupLoadedEditorAssemblies (488ms)
			LogAssemblyErrors (0ms)
			InitializePlatformSupportModulesInManaged (1ms)
			SetLoadedEditorAssemblies (4ms)
			BeforeProcessingInitializeOnLoad (118ms)
			ProcessInitializeOnLoadAttributes (309ms)
			ProcessInitializeOnLoadMethodAttributes (52ms)
			AfterProcessingInitializeOnLoad (3ms)
			EditorAssembliesLoaded (0ms)
		ExecutionOrderSort2 (0ms)
		AwakeInstancesAfterBackupRestoration (5ms)
Launched and connected shader compiler UnityShaderCompiler.exe after 0.02 seconds
Refreshing native plugins compatible for Editor in 1.54 ms, found 3 plugins.
Preloading 0 native plugins for Editor in 0.00 ms.
Unloading 16 Unused Serialized files (Serialized files now loaded: 0)
Unloading 6189 unused Assets / (3.7 MB). Loaded Objects now: 6988.
Memory consumption went from 154.0 MB to 150.3 MB.
Total: 9.170200 ms (FindLiveObjects: 0.607500 ms CreateObjectMapping: 0.566200 ms MarkObjects: 6.090700 ms  DeleteObjects: 1.904100 ms)

========================================================================
Received Import Request.
  Time since last request: 10797.531521 seconds.
  path: Assets/Settings/DefaultVolumeProfile.asset
  artifactKey: Guid(ab09877e2e707104187f6f83e2f62510) Importer(2089858483,b0f066a214c2f5e87bad3c948f4d605d)
Start importing Assets/Settings/DefaultVolumeProfile.asset using Guid(ab09877e2e707104187f6f83e2f62510) Importer(2089858483,b0f066a214c2f5e87bad3c948f4d605d) (ScriptedImporter) -> (artifact id: '33634bd98dad0b940bed0fc6c61d1fe4') in 0.1793244 seconds
Number of updated asset objects reloaded before import = 20Number of asset objects unloaded after import = 0

========================================================================
Received Import Request.
  Time since last request: 0.000327 seconds.
  path: Assets/Mahjong Complete Set/Materials/pai_bottom.mat
  artifactKey: Guid(bb5c95a42da2ba34cb365e62b526b2df) Importer(2089858483,b0f066a214c2f5e87bad3c948f4d605d)
Start importing Assets/Mahjong Complete Set/Materials/pai_bottom.mat using Guid(bb5c95a42da2ba34cb365e62b526b2df) Importer(2089858483,b0f066a214c2f5e87bad3c948f4d605d) (ScriptedImporter) -> (artifact id: '7dc11ea490b5c39b243cf27a996b99e6') in 0.0981745 seconds
Number of updated asset objects reloaded before import = 0Number of asset objects unloaded after import = 3

========================================================================
Received Import Request.
  Time since last request: 2.386593 seconds.
  path: Assets/Mahjong Complete Set/Materials/manzu_6.mat
  artifactKey: Guid(a3512bfdb4efe584f84e53c71d1025ec) Importer(2089858483,b0f066a214c2f5e87bad3c948f4d605d)
Start importing Assets/Mahjong Complete Set/Materials/manzu_6.mat using Guid(a3512bfdb4efe584f84e53c71d1025ec) Importer(2089858483,b0f066a214c2f5e87bad3c948f4d605d) (ScriptedImporter) -> (artifact id: '3f5f572703d2f9bb7d929c6784a768df') in 0.0142316 seconds
Number of updated asset objects reloaded before import = 0Number of asset objects unloaded after import = 3

========================================================================
Received Import Request.
  Time since last request: 0.000014 seconds.
  path: Assets/Mahjong Complete Set/Materials/pinzu_4.mat
  artifactKey: Guid(c21bde0d8e984024580f7def202fba54) Importer(2089858483,b0f066a214c2f5e87bad3c948f4d605d)
Start importing Assets/Mahjong Complete Set/Materials/pinzu_4.mat using Guid(c21bde0d8e984024580f7def202fba54) Importer(2089858483,b0f066a214c2f5e87bad3c948f4d605d) (ScriptedImporter) -> (artifact id: 'fa709ba3db4dfaf23683cda544288de2') in 0.0249686 seconds
Number of updated asset objects reloaded before import = 0Number of asset objects unloaded after import = 3

========================================================================
Received Import Request.
  Time since last request: 0.000017 seconds.
  path: Assets/Mahjong Complete Set/Materials/chicha_south.mat
  artifactKey: Guid(d3a04d9053dd94c419e88867cbc4059b) Importer(2089858483,b0f066a214c2f5e87bad3c948f4d605d)
Start importing Assets/Mahjong Complete Set/Materials/chicha_south.mat using Guid(d3a04d9053dd94c419e88867cbc4059b) Importer(2089858483,b0f066a214c2f5e87bad3c948f4d605d) (ScriptedImporter) -> (artifact id: '905926cfa0a8fefc73fbf8142cb7c105') in 0.01836 seconds
Number of updated asset objects reloaded before import = 0Number of asset objects unloaded after import = 3

========================================================================
Received Import Request.
  Time since last request: 0.000023 seconds.
  path: Assets/Mahjong Complete Set/Materials/chicha_west.mat
  artifactKey: Guid(7383abc3be96ec34db7f68596767fbb5) Importer(2089858483,b0f066a214c2f5e87bad3c948f4d605d)
Start importing Assets/Mahjong Complete Set/Materials/chicha_west.mat using Guid(7383abc3be96ec34db7f68596767fbb5) Importer(2089858483,b0f066a214c2f5e87bad3c948f4d605d) (ScriptedImporter) -> (artifact id: '27a1c4720ae2c45051540ec53f2f1e21') in 0.0228677 seconds
Number of updated asset objects reloaded before import = 0Number of asset objects unloaded after import = 3

========================================================================
Received Import Request.
  Time since last request: 0.000012 seconds.
  path: Assets/Mahjong Complete Set/Materials/manzu_8.mat
  artifactKey: Guid(8ad825433793e624fab3ba06f3a5d8d3) Importer(2089858483,b0f066a214c2f5e87bad3c948f4d605d)
Start importing Assets/Mahjong Complete Set/Materials/manzu_8.mat using Guid(8ad825433793e624fab3ba06f3a5d8d3) Importer(2089858483,b0f066a214c2f5e87bad3c948f4d605d) (ScriptedImporter) -> (artifact id: '26b460751cc12d3b0186eaa756ead574') in 0.023084 seconds
Number of updated asset objects reloaded before import = 0Number of asset objects unloaded after import = 3

========================================================================
Received Import Request.
  Time since last request: 0.000012 seconds.
  path: Assets/Mahjong Complete Set/Materials/tenbou.mat
  artifactKey: Guid(68a57eebff0103a498c8152d4762ff3d) Importer(2089858483,b0f066a214c2f5e87bad3c948f4d605d)
Start importing Assets/Mahjong Complete Set/Materials/tenbou.mat using Guid(68a57eebff0103a498c8152d4762ff3d) Importer(2089858483,b0f066a214c2f5e87bad3c948f4d605d) (ScriptedImporter) -> (artifact id: '2fe191cf01ceb71bd3e01afbb1320f8d') in 0.0227559 seconds
Number of updated asset objects reloaded before import = 0Number of asset objects unloaded after import = 3

========================================================================
Received Import Request.
  Time since last request: 0.000012 seconds.
  path: Assets/Mahjong Complete Set/Materials/jihai_chun.mat
  artifactKey: Guid(a884bc4867726a2458327efbce10d665) Importer(2089858483,b0f066a214c2f5e87bad3c948f4d605d)
Start importing Assets/Mahjong Complete Set/Materials/jihai_chun.mat using Guid(a884bc4867726a2458327efbce10d665) Importer(2089858483,b0f066a214c2f5e87bad3c948f4d605d) (ScriptedImporter) -> (artifact id: '826ec829fece49e3dbc2cb4b184154dd') in 0.0534738 seconds
Number of updated asset objects reloaded before import = 0Number of asset objects unloaded after import = 3

========================================================================
Received Import Request.
  Time since last request: 0.000052 seconds.
  path: Assets/Mahjong Complete Set/Materials/souzu_8.mat
  artifactKey: Guid(a7974dd2eb2911042a8048b99cf7951e) Importer(2089858483,b0f066a214c2f5e87bad3c948f4d605d)
Start importing Assets/Mahjong Complete Set/Materials/souzu_8.mat using Guid(a7974dd2eb2911042a8048b99cf7951e) Importer(2089858483,b0f066a214c2f5e87bad3c948f4d605d) (ScriptedImporter) -> (artifact id: 'b0482a5adc724bb96e9a94d8f47eb303') in 0.0215686 seconds
Number of updated asset objects reloaded before import = 0Number of asset objects unloaded after import = 3

========================================================================
Received Import Request.
  Time since last request: 0.000029 seconds.
  path: Assets/Mahjong Complete Set/Materials/manzu_7.mat
  artifactKey: Guid(6c7d627a966bf9849bea8e2e9002c268) Importer(2089858483,b0f066a214c2f5e87bad3c948f4d605d)
Start importing Assets/Mahjong Complete Set/Materials/manzu_7.mat using Guid(6c7d627a966bf9849bea8e2e9002c268) Importer(2089858483,b0f066a214c2f5e87bad3c948f4d605d) (ScriptedImporter) -> (artifact id: 'efca84ae18ba0235b270e5a54b32864e') in 0.0188392 seconds
Number of updated asset objects reloaded before import = 0Number of asset objects unloaded after import = 3

========================================================================
Received Import Request.
  Time since last request: 0.000015 seconds.
  path: Assets/Mahjong Complete Set/Materials/tbm_100.mat
  artifactKey: Guid(0e70aa76b4b6aeb458a04c680349c3ea) Importer(2089858483,b0f066a214c2f5e87bad3c948f4d605d)
Start importing Assets/Mahjong Complete Set/Materials/tbm_100.mat using Guid(0e70aa76b4b6aeb458a04c680349c3ea) Importer(2089858483,b0f066a214c2f5e87bad3c948f4d605d) (ScriptedImporter) -> (artifact id: 'd7f11317a4b1bfbdb312f03d4ce83f35') in 0.0220095 seconds
Number of updated asset objects reloaded before import = 0Number of asset objects unloaded after import = 3

========================================================================
Received Import Request.
  Time since last request: 0.000016 seconds.
  path: Assets/Mahjong Complete Set/Materials/souzu_5r.mat
  artifactKey: Guid(cbad1327e0a18fa4a9eaddc8e0ff35d4) Importer(2089858483,b0f066a214c2f5e87bad3c948f4d605d)
Start importing Assets/Mahjong Complete Set/Materials/souzu_5r.mat using Guid(cbad1327e0a18fa4a9eaddc8e0ff35d4) Importer(2089858483,b0f066a214c2f5e87bad3c948f4d605d) (ScriptedImporter) -> (artifact id: '153bdc5a974f226171022f9c88416876') in 0.0208249 seconds
Number of updated asset objects reloaded before import = 0Number of asset objects unloaded after import = 3

========================================================================
Received Import Request.
  Time since last request: 0.000018 seconds.
  path: Assets/Mahjong Complete Set/Materials/jihai_ haku.mat
  artifactKey: Guid(7dd5e8e04e52f724184edea4ef5206e5) Importer(2089858483,b0f066a214c2f5e87bad3c948f4d605d)
Start importing Assets/Mahjong Complete Set/Materials/jihai_ haku.mat using Guid(7dd5e8e04e52f724184edea4ef5206e5) Importer(2089858483,b0f066a214c2f5e87bad3c948f4d605d) (ScriptedImporter) -> (artifact id: '03e5b1f3fecb602a0855699227a97b8e') in 0.0445274 seconds
Number of updated asset objects reloaded before import = 0Number of asset objects unloaded after import = 3

========================================================================
Received Import Request.
  Time since last request: 0.000020 seconds.
  path: Assets/Mahjong Complete Set/Materials/souzu_5.mat
  artifactKey: Guid(13a1291ff519af442896cef50c1586bd) Importer(2089858483,b0f066a214c2f5e87bad3c948f4d605d)
Start importing Assets/Mahjong Complete Set/Materials/souzu_5.mat using Guid(13a1291ff519af442896cef50c1586bd) Importer(2089858483,b0f066a214c2f5e87bad3c948f4d605d) (ScriptedImporter) -> (artifact id: '7c5254a77378068ffb96d6f4ddf2fff6') in 0.0262918 seconds
Number of updated asset objects reloaded before import = 0Number of asset objects unloaded after import = 3

========================================================================
Received Import Request.
  Time since last request: 0.000026 seconds.
  path: Assets/Mahjong Complete Set/Materials/jihai_ hatsu.mat
  artifactKey: Guid(a7ad743d0dcffda488c5112e05968569) Importer(2089858483,b0f066a214c2f5e87bad3c948f4d605d)
Start importing Assets/Mahjong Complete Set/Materials/jihai_ hatsu.mat using Guid(a7ad743d0dcffda488c5112e05968569) Importer(2089858483,b0f066a214c2f5e87bad3c948f4d605d) (ScriptedImporter) -> (artifact id: 'edb1a926335df3574dec5bea8d1ae350') in 0.0436016 seconds
Number of updated asset objects reloaded before import = 0Number of asset objects unloaded after import = 3

========================================================================
Received Import Request.
  Time since last request: 0.000024 seconds.
  path: Assets/Mahjong Complete Set/Materials/pai_top.mat
  artifactKey: Guid(f7dc792252690a149aa4ae6d2cd40765) Importer(2089858483,b0f066a214c2f5e87bad3c948f4d605d)
Start importing Assets/Mahjong Complete Set/Materials/pai_top.mat using Guid(f7dc792252690a149aa4ae6d2cd40765) Importer(2089858483,b0f066a214c2f5e87bad3c948f4d605d) (ScriptedImporter) -> (artifact id: '81a3b36da810b2e7e96fa2055e8b85ee') in 0.0192482 seconds
Number of updated asset objects reloaded before import = 0Number of asset objects unloaded after import = 3

========================================================================
Received Import Request.
  Time since last request: 0.000017 seconds.
  path: Assets/Mahjong Complete Set/Materials/jihai_ sha.mat
  artifactKey: Guid(b631455a54e6c514f95ac8b0ee631cea) Importer(2089858483,b0f066a214c2f5e87bad3c948f4d605d)
Start importing Assets/Mahjong Complete Set/Materials/jihai_ sha.mat using Guid(b631455a54e6c514f95ac8b0ee631cea) Importer(2089858483,b0f066a214c2f5e87bad3c948f4d605d) (ScriptedImporter) -> (artifact id: '9632ceada8cc036e4f5571e6899b084f') in 0.0193953 seconds
Number of updated asset objects reloaded before import = 0Number of asset objects unloaded after import = 3

========================================================================
Received Import Request.
  Time since last request: 0.000016 seconds.
  path: Assets/Mahjong Complete Set/Materials/pinzu_7.mat
  artifactKey: Guid(97e73452da3920f41a682890f03852f8) Importer(2089858483,b0f066a214c2f5e87bad3c948f4d605d)
Start importing Assets/Mahjong Complete Set/Materials/pinzu_7.mat using Guid(97e73452da3920f41a682890f03852f8) Importer(2089858483,b0f066a214c2f5e87bad3c948f4d605d) (ScriptedImporter) -> (artifact id: 'c946d43be3be2cb852e65cc17ac6cbcf') in 0.0202478 seconds
Number of updated asset objects reloaded before import = 0Number of asset objects unloaded after import = 3

========================================================================
Received Import Request.
  Time since last request: 0.000017 seconds.
  path: Assets/Mahjong Complete Set/Materials/manzu_1.mat
  artifactKey: Guid(20c4bd8e5cbd70e4889aa63487459ca5) Importer(2089858483,b0f066a214c2f5e87bad3c948f4d605d)
Start importing Assets/Mahjong Complete Set/Materials/manzu_1.mat using Guid(20c4bd8e5cbd70e4889aa63487459ca5) Importer(2089858483,b0f066a214c2f5e87bad3c948f4d605d) (ScriptedImporter) -> (artifact id: 'd17ceae365f9cf5d4c82350e8c5cd374') in 0.0223454 seconds
Number of updated asset objects reloaded before import = 0Number of asset objects unloaded after import = 3

========================================================================
Received Import Request.
  Time since last request: 0.000036 seconds.
  path: Assets/Mahjong Complete Set/Materials/pinzu_2.mat
  artifactKey: Guid(0efd4393c4588784097c43b768c7c930) Importer(2089858483,b0f066a214c2f5e87bad3c948f4d605d)
Start importing Assets/Mahjong Complete Set/Materials/pinzu_2.mat using Guid(0efd4393c4588784097c43b768c7c930) Importer(2089858483,b0f066a214c2f5e87bad3c948f4d605d) (ScriptedImporter) -> (artifact id: 'dee8936c69f81b0edadf6ac7653a44ed') in 0.0200561 seconds
Number of updated asset objects reloaded before import = 0Number of asset objects unloaded after import = 3

========================================================================
Received Import Request.
  Time since last request: 0.000017 seconds.
  path: Assets/Mahjong Complete Set/Materials/manzu_4.mat
  artifactKey: Guid(3f4e15024d2ba9844ba69289687c7651) Importer(2089858483,b0f066a214c2f5e87bad3c948f4d605d)
Start importing Assets/Mahjong Complete Set/Materials/manzu_4.mat using Guid(3f4e15024d2ba9844ba69289687c7651) Importer(2089858483,b0f066a214c2f5e87bad3c948f4d605d) (ScriptedImporter) -> (artifact id: '6fcdc45f2e0b2b85151811c5f805fdc3') in 0.0193722 seconds
Number of updated asset objects reloaded before import = 0Number of asset objects unloaded after import = 3

========================================================================
Received Import Request.
  Time since last request: 0.000018 seconds.
  path: Assets/Mahjong Complete Set/Materials/chicha_east.mat
  artifactKey: Guid(d4d977a126223ed48ae1bd8e2924f118) Importer(2089858483,b0f066a214c2f5e87bad3c948f4d605d)
Start importing Assets/Mahjong Complete Set/Materials/chicha_east.mat using Guid(d4d977a126223ed48ae1bd8e2924f118) Importer(2089858483,b0f066a214c2f5e87bad3c948f4d605d) (ScriptedImporter) -> (artifact id: '1b06d629f9d2a125cab9216daeb6826a') in 0.021831 seconds
Number of updated asset objects reloaded before import = 0Number of asset objects unloaded after import = 3

========================================================================
Received Import Request.
  Time since last request: 0.000019 seconds.
  path: Assets/Mahjong Complete Set/Materials/tbm_10000.mat
  artifactKey: Guid(bd121565c29bcc34e90154d7fe89da93) Importer(2089858483,b0f066a214c2f5e87bad3c948f4d605d)
Start importing Assets/Mahjong Complete Set/Materials/tbm_10000.mat using Guid(bd121565c29bcc34e90154d7fe89da93) Importer(2089858483,b0f066a214c2f5e87bad3c948f4d605d) (ScriptedImporter) -> (artifact id: '41faace757dc490ab4fd21f5b283b3ee') in 0.0203358 seconds
Number of updated asset objects reloaded before import = 0Number of asset objects unloaded after import = 3

========================================================================
Received Import Request.
  Time since last request: 0.000019 seconds.
  path: Assets/Mahjong Complete Set/Materials/tbm_5000.mat
  artifactKey: Guid(f4c2c5cd774f338449a0126cab5487ac) Importer(2089858483,b0f066a214c2f5e87bad3c948f4d605d)
Start importing Assets/Mahjong Complete Set/Materials/tbm_5000.mat using Guid(f4c2c5cd774f338449a0126cab5487ac) Importer(2089858483,b0f066a214c2f5e87bad3c948f4d605d) (ScriptedImporter) -> (artifact id: '5c1bdfa77d3b5edf690de0b268f8d9ff') in 0.0196784 seconds
Number of updated asset objects reloaded before import = 0Number of asset objects unloaded after import = 3

========================================================================
Received Import Request.
  Time since last request: 0.000029 seconds.
  path: Assets/Mahjong Complete Set/Materials/pinzu_8.mat
  artifactKey: Guid(66b67d653f75e744d8af533249674b4a) Importer(2089858483,b0f066a214c2f5e87bad3c948f4d605d)
Start importing Assets/Mahjong Complete Set/Materials/pinzu_8.mat using Guid(66b67d653f75e744d8af533249674b4a) Importer(2089858483,b0f066a214c2f5e87bad3c948f4d605d) (ScriptedImporter) -> (artifact id: '9f67dafb741d408f6556df37b7fc8887') in 0.022686 seconds
Number of updated asset objects reloaded before import = 0Number of asset objects unloaded after import = 3

========================================================================
Received Import Request.
  Time since last request: 0.000016 seconds.
  path: Assets/Mahjong Complete Set/Materials/pinzu_5r.mat
  artifactKey: Guid(e022aa6187a91444ebd15878f89df33e) Importer(2089858483,b0f066a214c2f5e87bad3c948f4d605d)
Start importing Assets/Mahjong Complete Set/Materials/pinzu_5r.mat using Guid(e022aa6187a91444ebd15878f89df33e) Importer(2089858483,b0f066a214c2f5e87bad3c948f4d605d) (ScriptedImporter) -> (artifact id: '6f417b2adee65cbf7bc92d9af42df0d0') in 0.0173013 seconds
Number of updated asset objects reloaded before import = 0Number of asset objects unloaded after import = 3

Editor requested this worker to shutdown with reason: Scaling down because of idle timeout
AssetImportWorker is now disconnected from the server
Process exiting
Exiting without the bug reporter. Application will terminate with return code 0