[Licensing::Module] Trying to connect to existing licensing client channel...
Built from '6000.3/staging' branch; Version is '6000.3.9f1 (7a9955a4f2fa) revision 8034645'; Using compiler version '194234433'; Build Type 'Release'
OS: 'Windows 11  (10.0.26200) Enterprise' Language: 'ja' Physical Memory: 32471 MB
BatchMode: 1, IsHumanControllingUs: 0, StartBugReporterOnCrash: 0, Is64bit: 1
[Licensing::IpcConnector] Successfully connected to: "LicenseClient-竹林尚哉" at "2026-04-15T06:44:31.3355575Z"
System  architecture: x64
Process architecture: x64
Date: 2026-04-15T06:44:31Z

COMMAND LINE ARGUMENTS:
C:\Program Files\Unity\Hub\Editor\6000.3.9f1\Editor\Unity.exe
-adb2
-batchMode
-noUpm
-name
AssetImportWorker3
-projectPath
C:/Git/Mahjong
-logFile
Logs/AssetImportWorker3.log
-srvPort
53590
-licensingIpc
LicenseClient-竹林尚哉
-job-worker-count
7
-background-job-worker-count
8
-gc-helper-count
1
-name
AssetImport
Successfully changed project path to: C:/Git/Mahjong
C:/Git/Mahjong
[UnityMemory] Configuration Parameters - Can be set up in boot.config
    "memorysetup-temp-allocator-size-nav-mesh-worker=65536"
    "memorysetup-temp-allocator-size-audio-worker=65536"
    "memorysetup-temp-allocator-size-gfx=262144"
    "memorysetup-allocator-temp-initial-block-size-main=262144"
    "memorysetup-allocator-temp-initial-block-size-worker=262144"
    "memorysetup-temp-allocator-size-background-worker=32768"
    "memorysetup-temp-allocator-size-job-worker=262144"
    "memorysetup-temp-allocator-size-preload-manager=33554432"
    "memorysetup-temp-allocator-size-gi-baking-worker=262144"
    "memorysetup-temp-allocator-size-gi-baking-worker=262144"
    "memorysetup-temp-allocator-size-gi-baking-worker=262144"
    "memorysetup-temp-allocator-size-gi-baking-worker=262144"
    "memorysetup-temp-allocator-size-gi-baking-worker=262144"
    "memorysetup-bucket-allocator-granularity=16"
    "memorysetup-bucket-allocator-bucket-count=8"
    "memorysetup-bucket-allocator-block-size=33554432"
    "memorysetup-bucket-allocator-block-count=8"
    "memorysetup-main-allocator-block-size=16777216"
    "memorysetup-thread-allocator-block-size=16777216"
    "memorysetup-gfx-main-allocator-block-size=16777216"
    "memorysetup-gfx-thread-allocator-block-size=16777216"
    "memorysetup-cache-allocator-block-size=4194304"
    "memorysetup-typetree-allocator-block-size=2097152"
    "memorysetup-profiler-bucket-allocator-granularity=16"
    "memorysetup-profiler-bucket-allocator-bucket-count=8"
    "memorysetup-profiler-bucket-allocator-block-size=33554432"
    "memorysetup-profiler-bucket-allocator-block-count=8"
    "memorysetup-profiler-allocator-block-size=16777216"
    "memorysetup-profiler-editor-allocator-block-size=1048576"
    "memorysetup-temp-allocator-size-main=16777216"
    "memorysetup-job-temp-allocator-block-size=2097152"
    "memorysetup-job-temp-allocator-block-size-background=1048576"
    "memorysetup-job-temp-allocator-reduction-small-platforms=262144"
    "memorysetup-temp-allocator-size-cloud-worker=32768"
Player connection [17912]  Target information:

Player connection [17912]  * "[IP] 192.168.4.244 [Port] 0 [Flags] 2 [Guid] 3957793028 [EditorId] 3957793028 [Version] 1048832 [Id] WindowsEditor(7,Takebayashi_PC) [Debug] 1 [PackageName] WindowsEditor [ProjectName] Editor" 

Player connection [17912] Host joined multi-casting on [225.0.0.222:54997]...
Player connection [17912] Host joined alternative multi-casting on [225.0.0.222:34997]...
JobSystem: Creating JobQueue using job-worker-count value 7
Input System module state changed to: Initialized.
[Physics::Module] Initialized fallback backend.
[Physics::Module] Id: 0xdecafbad
Library Redirect Path: Library/
[Physics::Module] Selected backend.
[Physics::Module] Name: PhysX
[Physics::Module] Id: 0xf2b8ea05
[Physics::Module] SDK Version: 4.1.2
[Physics::Module] Integration Version: 1.0.0
[Physics::Module] Threading Mode: Multi-Threaded
Refreshing native plugins compatible for Editor in 1.94 ms, found 3 plugins.
Preloading 0 native plugins for Editor in 0.00 ms.
Initialize engine version: 6000.3.9f1 (7a9955a4f2fa)
[Subsystems] Discovering subsystems at path C:/Program Files/Unity/Hub/Editor/6000.3.9f1/Editor/Data/Resources/UnitySubsystems
[Subsystems] Discovering subsystems at path C:/Git/Mahjong/Assets
GfxDevice: creating device client; kGfxThreadingModeNonThreaded
Direct3D:
    Version:  Direct3D 11.0 [level 11.1]
    Renderer: NVIDIA GeForce RTX 4060 Laptop GPU (ID=0x28a0)
    Vendor:   NVIDIA
    VRAM:     7956 MB
    Driver:   32.0.15.9174
Initialize mono
Mono path[0] = 'C:/Program Files/Unity/Hub/Editor/6000.3.9f1/Editor/Data/Managed'
Mono path[1] = 'C:/Program Files/Unity/Hub/Editor/6000.3.9f1/Editor/Data/MonoBleedingEdge/lib/mono/unityjit-win32'
Mono config path = 'C:/Program Files/Unity/Hub/Editor/6000.3.9f1/Editor/Data/MonoBleedingEdge/etc'
Using monoOptions --debugger-agent=transport=dt_socket,embedding=1,server=y,suspend=n,address=127.0.0.1:56348
Begin MonoManager ReloadAssembly
Registering precompiled unity dll's ...
Register platform support module: C:/Program Files/Unity/Hub/Editor/6000.3.9f1/Editor/Data/PlaybackEngines/WindowsStandaloneSupport/UnityEditor.WindowsStandalone.Extensions.dll
Registered in 0.001445 seconds.
- Loaded All Assemblies, in  0.559 seconds
Native extension for WindowsStandalone target not found
ScheduleIndexationOnStartup MainProcess:False IndexOnStartup:True
Mono: successfully reloaded assembly
- Finished resetting the current domain, in  0.586 seconds
Domain Reload Profiling: 1143ms
	BeginReloadAssembly (204ms)
		ExecutionOrderSort (0ms)
		DisableScriptedObjects (0ms)
		BackupInstance (0ms)
		ReleaseScriptingObjects (0ms)
		CreateAndSetChildDomain (1ms)
	RebuildCommonClasses (56ms)
	RebuildNativeTypeToScriptingClass (17ms)
	initialDomainReloadingComplete (63ms)
	LoadAllAssembliesAndSetupDomain (217ms)
		LoadAssemblies (198ms)
		RebuildTransferFunctionScriptingTraits (0ms)
		AnalyzeDomain (214ms)
			TypeCache.Refresh (211ms)
				TypeCache.ScanAssembly (191ms)
			BuildScriptInfoCaches (0ms)
			ResolveRequiredComponents (1ms)
	FinalizeReload (586ms)
		ReleaseScriptCaches (0ms)
		RebuildScriptCaches (0ms)
		SetupLoadedEditorAssemblies (543ms)
			LogAssemblyErrors (0ms)
			InitializePlatformSupportModulesInManaged (66ms)
			SetLoadedEditorAssemblies (5ms)
			BeforeProcessingInitializeOnLoad (137ms)
			ProcessInitializeOnLoadAttributes (248ms)
			ProcessInitializeOnLoadMethodAttributes (86ms)
			AfterProcessingInitializeOnLoad (0ms)
			EditorAssembliesLoaded (0ms)
		ExecutionOrderSort2 (0ms)
		AwakeInstancesAfterBackupRestoration (0ms)
========================================================================
Worker process is ready to serve import requests
Import Worker Mode flag is 0x00
Begin MonoManager ReloadAssembly
[Licensing::Module] Licensing is not yet initialized.
[Licensing::Client] Handshaking with LicensingClient:
  Version:                 1.17.4+4293ba1
  Session Id:              a44b622355ea407abfbb8fcbe6c5ac2d
  Correlation Id:          5eabd8007f4c9b2682695310fdaa4e8b
  External correlation Id: 2307166109986111613
  Machine Id:              6+wpDBm6+TlGFAk02gDYPphAiY8=
[Licensing::Module] Successfully connected to LicensingClient on channel: "LicenseClient-竹林尚哉" (connect: 0.00s, validation: 0.00s, handshake: 2.68s)
[Licensing::IpcConnector] Successfully connected to: "LicenseClient-竹林尚哉-notifications" at "2026-04-15T06:44:34.0228212Z"
[Licensing::Module] Licensing Background thread has ended after 2.69s
[Licensing::Module] Licensing is initialized (took 0.27s).
[Licensing::Client] Successfully resolved entitlement details
[Licensing::Module] License group:
  Id: 15669558551721-UnityPersXXXX
  Product: Unity Personal
  Type: Assigned
  Expiration: Unlimited
- Loaded All Assemblies, in  1.002 seconds
Refreshing native plugins compatible for Editor in 0.86 ms, found 3 plugins.
Native extension for WindowsStandalone target not found
Package Manager log level set to [2]
[Package Manager] Failed to launch server process. Reason: Unity was launched with the -noUpm command-line argument
[Package Manager] Unable to send message (not connected to server process).
[Package Manager] Cannot connect to Unity Package Manager local server
ScheduleIndexationOnStartup MainProcess:False IndexOnStartup:True
Mono: successfully reloaded assembly
- Finished resetting the current domain, in  0.870 seconds
Domain Reload Profiling: 1868ms
	BeginReloadAssembly (454ms)
		ExecutionOrderSort (0ms)
		DisableScriptedObjects (6ms)
		BackupInstance (0ms)
		ReleaseScriptingObjects (0ms)
		CreateAndSetChildDomain (27ms)
	RebuildCommonClasses (34ms)
	RebuildNativeTypeToScriptingClass (12ms)
	initialDomainReloadingComplete (36ms)
	LoadAllAssembliesAndSetupDomain (463ms)
		LoadAssemblies (332ms)
		RebuildTransferFunctionScriptingTraits (0ms)
		AnalyzeDomain (232ms)
			TypeCache.Refresh (167ms)
				TypeCache.ScanAssembly (153ms)
			BuildScriptInfoCaches (53ms)
			ResolveRequiredComponents (9ms)
	FinalizeReload (870ms)
		ReleaseScriptCaches (0ms)
		RebuildScriptCaches (0ms)
		SetupLoadedEditorAssemblies (651ms)
			LogAssemblyErrors (0ms)
			InitializePlatformSupportModulesInManaged (2ms)
			SetLoadedEditorAssemblies (7ms)
			BeforeProcessingInitializeOnLoad (193ms)
			ProcessInitializeOnLoadAttributes (384ms)
			ProcessInitializeOnLoadMethodAttributes (61ms)
			AfterProcessingInitializeOnLoad (4ms)
			EditorAssembliesLoaded (0ms)
		ExecutionOrderSort2 (0ms)
		AwakeInstancesAfterBackupRestoration (6ms)
Launched and connected shader compiler UnityShaderCompiler.exe after 0.03 seconds
Refreshing native plugins compatible for Editor in 0.71 ms, found 3 plugins.
Preloading 0 native plugins for Editor in 0.00 ms.
Unloading 16 Unused Serialized files (Serialized files now loaded: 0)
Unloading 6187 unused Assets / (3.4 MB). Loaded Objects now: 6988.
Memory consumption went from 154.0 MB to 150.5 MB.
Total: 7.230600 ms (FindLiveObjects: 0.908400 ms CreateObjectMapping: 0.483800 ms MarkObjects: 4.406000 ms  DeleteObjects: 1.431400 ms)

========================================================================
Received Import Request.
  Time since last request: 11806.706565 seconds.
  path: Assets/Mahjong Complete Set/Materials/chicha_south.mat
  artifactKey: Guid(d3a04d9053dd94c419e88867cbc4059b) Importer(2089858483,b0f066a214c2f5e87bad3c948f4d605d)
Start importing Assets/Mahjong Complete Set/Materials/chicha_south.mat using Guid(d3a04d9053dd94c419e88867cbc4059b) Importer(2089858483,b0f066a214c2f5e87bad3c948f4d605d) (ScriptedImporter) -> (artifact id: 'b8fcaa33dabe516b7f354e27757d8e3b') in 0.1122711 seconds
Number of updated asset objects reloaded before import = 0Number of asset objects unloaded after import = 3

========================================================================
Received Import Request.
  Time since last request: 0.000016 seconds.
  path: Assets/Mahjong Complete Set/Materials/pai_bottom.mat
  artifactKey: Guid(bb5c95a42da2ba34cb365e62b526b2df) Importer(2089858483,b0f066a214c2f5e87bad3c948f4d605d)
Start importing Assets/Mahjong Complete Set/Materials/pai_bottom.mat using Guid(bb5c95a42da2ba34cb365e62b526b2df) Importer(2089858483,b0f066a214c2f5e87bad3c948f4d605d) (ScriptedImporter) -> (artifact id: '3159932ff9afd17e984a0cdaf0b4c366') in 0.0325257 seconds
Number of updated asset objects reloaded before import = 0Number of asset objects unloaded after import = 3

========================================================================
Received Import Request.
  Time since last request: 0.000020 seconds.
  path: Assets/Mahjong Complete Set/Materials/manzu_8.mat
  artifactKey: Guid(8ad825433793e624fab3ba06f3a5d8d3) Importer(2089858483,b0f066a214c2f5e87bad3c948f4d605d)
Start importing Assets/Mahjong Complete Set/Materials/manzu_8.mat using Guid(8ad825433793e624fab3ba06f3a5d8d3) Importer(2089858483,b0f066a214c2f5e87bad3c948f4d605d) (ScriptedImporter) -> (artifact id: 'd4f639123cbddbeaecc989589eb2e5a4') in 0.0196569 seconds
Number of updated asset objects reloaded before import = 0Number of asset objects unloaded after import = 3

========================================================================
Received Import Request.
  Time since last request: 0.000029 seconds.
  path: Assets/Mahjong Complete Set/Materials/tenbou.mat
  artifactKey: Guid(68a57eebff0103a498c8152d4762ff3d) Importer(2089858483,b0f066a214c2f5e87bad3c948f4d605d)
Start importing Assets/Mahjong Complete Set/Materials/tenbou.mat using Guid(68a57eebff0103a498c8152d4762ff3d) Importer(2089858483,b0f066a214c2f5e87bad3c948f4d605d) (ScriptedImporter) -> (artifact id: '9ffb71f489c7638cad7114c51b979533') in 0.0209659 seconds
Number of updated asset objects reloaded before import = 0Number of asset objects unloaded after import = 3

========================================================================
Received Import Request.
  Time since last request: 0.000015 seconds.
  path: Assets/Mahjong Complete Set/Materials/jihai_ ton.mat
  artifactKey: Guid(fafa70e405a476242aac158d0c8decba) Importer(2089858483,b0f066a214c2f5e87bad3c948f4d605d)
Start importing Assets/Mahjong Complete Set/Materials/jihai_ ton.mat using Guid(fafa70e405a476242aac158d0c8decba) Importer(2089858483,b0f066a214c2f5e87bad3c948f4d605d) (ScriptedImporter) -> (artifact id: '99786aafb2c8fca903fdc3fbb4db9f0c') in 0.0212708 seconds
Number of updated asset objects reloaded before import = 0Number of asset objects unloaded after import = 3

========================================================================
Received Import Request.
  Time since last request: 0.000016 seconds.
  path: Assets/Mahjong Complete Set/Materials/manzu_1.mat
  artifactKey: Guid(20c4bd8e5cbd70e4889aa63487459ca5) Importer(2089858483,b0f066a214c2f5e87bad3c948f4d605d)
Start importing Assets/Mahjong Complete Set/Materials/manzu_1.mat using Guid(20c4bd8e5cbd70e4889aa63487459ca5) Importer(2089858483,b0f066a214c2f5e87bad3c948f4d605d) (ScriptedImporter) -> (artifact id: '3857101cfcd552437228492f7abf93bf') in 0.0180096 seconds
Number of updated asset objects reloaded before import = 0Number of asset objects unloaded after import = 3

========================================================================
Received Import Request.
  Time since last request: 0.000015 seconds.
  path: Assets/Mahjong Complete Set/Materials/pai_side.mat
  artifactKey: Guid(4d3c864a7fef32b4cb5772d24ada6d19) Importer(2089858483,b0f066a214c2f5e87bad3c948f4d605d)
Start importing Assets/Mahjong Complete Set/Materials/pai_side.mat using Guid(4d3c864a7fef32b4cb5772d24ada6d19) Importer(2089858483,b0f066a214c2f5e87bad3c948f4d605d) (ScriptedImporter) -> (artifact id: '71e55db307eb6410004219b9d08e3ec7') in 0.0184725 seconds
Number of updated asset objects reloaded before import = 0Number of asset objects unloaded after import = 3

========================================================================
Received Import Request.
  Time since last request: 0.000019 seconds.
  path: Assets/Mahjong Complete Set/Materials/souzu_4.mat
  artifactKey: Guid(de3acf170598c0848acf1db4b5e2fa3d) Importer(2089858483,b0f066a214c2f5e87bad3c948f4d605d)
Start importing Assets/Mahjong Complete Set/Materials/souzu_4.mat using Guid(de3acf170598c0848acf1db4b5e2fa3d) Importer(2089858483,b0f066a214c2f5e87bad3c948f4d605d) (ScriptedImporter) -> (artifact id: 'd93bf99dd78484a1173b3271a37f5502') in 0.0195932 seconds
Number of updated asset objects reloaded before import = 0Number of asset objects unloaded after import = 3

========================================================================
Received Import Request.
  Time since last request: 0.000024 seconds.
  path: Assets/Mahjong Complete Set/Materials/manzu_6.mat
  artifactKey: Guid(a3512bfdb4efe584f84e53c71d1025ec) Importer(2089858483,b0f066a214c2f5e87bad3c948f4d605d)
Start importing Assets/Mahjong Complete Set/Materials/manzu_6.mat using Guid(a3512bfdb4efe584f84e53c71d1025ec) Importer(2089858483,b0f066a214c2f5e87bad3c948f4d605d) (ScriptedImporter) -> (artifact id: '636a89913f7f996985d3def5826c0fd9') in 0.020843 seconds
Number of updated asset objects reloaded before import = 0Number of asset objects unloaded after import = 3

========================================================================
Received Import Request.
  Time since last request: 0.000015 seconds.
  path: Assets/Mahjong Complete Set/Materials/manzu_5.mat
  artifactKey: Guid(dae26ffff5ed356458476d94e5347b9a) Importer(2089858483,b0f066a214c2f5e87bad3c948f4d605d)
Start importing Assets/Mahjong Complete Set/Materials/manzu_5.mat using Guid(dae26ffff5ed356458476d94e5347b9a) Importer(2089858483,b0f066a214c2f5e87bad3c948f4d605d) (ScriptedImporter) -> (artifact id: 'a4e512c3e68933457a6a998bef77a876') in 0.0242885 seconds
Number of updated asset objects reloaded before import = 0Number of asset objects unloaded after import = 3

========================================================================
Received Import Request.
  Time since last request: 0.000013 seconds.
  path: Assets/Mahjong Complete Set/Materials/tbm_10000.mat
  artifactKey: Guid(bd121565c29bcc34e90154d7fe89da93) Importer(2089858483,b0f066a214c2f5e87bad3c948f4d605d)
Start importing Assets/Mahjong Complete Set/Materials/tbm_10000.mat using Guid(bd121565c29bcc34e90154d7fe89da93) Importer(2089858483,b0f066a214c2f5e87bad3c948f4d605d) (ScriptedImporter) -> (artifact id: '052debf1fe3c4b29cfe1c92d399cc3d0') in 0.0285571 seconds
Number of updated asset objects reloaded before import = 0Number of asset objects unloaded after import = 3

========================================================================
Received Import Request.
  Time since last request: 0.000017 seconds.
  path: Assets/Mahjong Complete Set/Materials/jihai_ haku.mat
  artifactKey: Guid(7dd5e8e04e52f724184edea4ef5206e5) Importer(2089858483,b0f066a214c2f5e87bad3c948f4d605d)
Start importing Assets/Mahjong Complete Set/Materials/jihai_ haku.mat using Guid(7dd5e8e04e52f724184edea4ef5206e5) Importer(2089858483,b0f066a214c2f5e87bad3c948f4d605d) (ScriptedImporter) -> (artifact id: '47cea144919b2e25c5ead0acea74a764') in 0.0214538 seconds
Number of updated asset objects reloaded before import = 0Number of asset objects unloaded after import = 3

========================================================================
Received Import Request.
  Time since last request: 0.000030 seconds.
  path: Assets/Mahjong Complete Set/Materials/dice.mat
  artifactKey: Guid(f292733f7aeba4b4a96daeb7b03a9b38) Importer(2089858483,b0f066a214c2f5e87bad3c948f4d605d)
Start importing Assets/Mahjong Complete Set/Materials/dice.mat using Guid(f292733f7aeba4b4a96daeb7b03a9b38) Importer(2089858483,b0f066a214c2f5e87bad3c948f4d605d) (ScriptedImporter) -> (artifact id: 'a67f1fecb3eb5a068f3f1781723729c9') in 0.0226571 seconds
Number of updated asset objects reloaded before import = 0Number of asset objects unloaded after import = 3

========================================================================
Received Import Request.
  Time since last request: 0.000027 seconds.
  path: Assets/Mahjong Complete Set/Materials/tbm_1000.mat
  artifactKey: Guid(0e80c68a9a4de344f9f6aeaad86d5778) Importer(2089858483,b0f066a214c2f5e87bad3c948f4d605d)
Start importing Assets/Mahjong Complete Set/Materials/tbm_1000.mat using Guid(0e80c68a9a4de344f9f6aeaad86d5778) Importer(2089858483,b0f066a214c2f5e87bad3c948f4d605d) (ScriptedImporter) -> (artifact id: '90bb7b19ad5f056004c833e86c120e20') in 0.0230277 seconds
Number of updated asset objects reloaded before import = 0Number of asset objects unloaded after import = 3

========================================================================
Received Import Request.
  Time since last request: 0.000016 seconds.
  path: Assets/Mahjong Complete Set/Materials/pinzu_5r.mat
  artifactKey: Guid(e022aa6187a91444ebd15878f89df33e) Importer(2089858483,b0f066a214c2f5e87bad3c948f4d605d)
Start importing Assets/Mahjong Complete Set/Materials/pinzu_5r.mat using Guid(e022aa6187a91444ebd15878f89df33e) Importer(2089858483,b0f066a214c2f5e87bad3c948f4d605d) (ScriptedImporter) -> (artifact id: '2091ea0b84f6570b9a6552d170b9c2bc') in 0.0221088 seconds
Number of updated asset objects reloaded before import = 0Number of asset objects unloaded after import = 3

========================================================================
Received Import Request.
  Time since last request: 298.795351 seconds.
  path: Assets/Mahjong Complete Set/Materials/manzu_6.mat
  artifactKey: Guid(a3512bfdb4efe584f84e53c71d1025ec) Importer(2089858483,b0f066a214c2f5e87bad3c948f4d605d)
Start importing Assets/Mahjong Complete Set/Materials/manzu_6.mat using Guid(a3512bfdb4efe584f84e53c71d1025ec) Importer(2089858483,b0f066a214c2f5e87bad3c948f4d605d) (ScriptedImporter) -> (artifact id: '882921dca27f77db9b79718eb6b5ae22') in 0.0220698 seconds
Number of updated asset objects reloaded before import = 0Number of asset objects unloaded after import = 3

========================================================================
Received Import Request.
  Time since last request: 0.000018 seconds.
  path: Assets/Mahjong Complete Set/Materials/chicha_south.mat
  artifactKey: Guid(d3a04d9053dd94c419e88867cbc4059b) Importer(2089858483,b0f066a214c2f5e87bad3c948f4d605d)
Start importing Assets/Mahjong Complete Set/Materials/chicha_south.mat using Guid(d3a04d9053dd94c419e88867cbc4059b) Importer(2089858483,b0f066a214c2f5e87bad3c948f4d605d) (ScriptedImporter) -> (artifact id: '1671fbdf981fe4be126ce43ebe611abd') in 0.0180524 seconds
Number of updated asset objects reloaded before import = 0Number of asset objects unloaded after import = 3

========================================================================
Received Import Request.
  Time since last request: 0.000029 seconds.
  path: Assets/Mahjong Complete Set/Materials/souzu_7.mat
  artifactKey: Guid(d196137a9f76c5745bf3fc7ed5135d24) Importer(2089858483,b0f066a214c2f5e87bad3c948f4d605d)
Start importing Assets/Mahjong Complete Set/Materials/souzu_7.mat using Guid(d196137a9f76c5745bf3fc7ed5135d24) Importer(2089858483,b0f066a214c2f5e87bad3c948f4d605d) (ScriptedImporter) -> (artifact id: '44cd4b6aa5dee8dc2ef7fa06c68cc946') in 0.0235786 seconds
Number of updated asset objects reloaded before import = 0Number of asset objects unloaded after import = 3

========================================================================
Received Import Request.
  Time since last request: 0.000035 seconds.
  path: Assets/Mahjong Complete Set/Materials/manzu_3.mat
  artifactKey: Guid(587722f915542ca42ae5331afc8deabb) Importer(2089858483,b0f066a214c2f5e87bad3c948f4d605d)
Start importing Assets/Mahjong Complete Set/Materials/manzu_3.mat using Guid(587722f915542ca42ae5331afc8deabb) Importer(2089858483,b0f066a214c2f5e87bad3c948f4d605d) (ScriptedImporter) -> (artifact id: '937ff793b9b764b6eb7810737caa4f65') in 0.0253324 seconds
Number of updated asset objects reloaded before import = 0Number of asset objects unloaded after import = 3

========================================================================
Received Import Request.
  Time since last request: 0.000022 seconds.
  path: Assets/Mahjong Complete Set/Materials/manzu_8.mat
  artifactKey: Guid(8ad825433793e624fab3ba06f3a5d8d3) Importer(2089858483,b0f066a214c2f5e87bad3c948f4d605d)
Start importing Assets/Mahjong Complete Set/Materials/manzu_8.mat using Guid(8ad825433793e624fab3ba06f3a5d8d3) Importer(2089858483,b0f066a214c2f5e87bad3c948f4d605d) (ScriptedImporter) -> (artifact id: 'd71ec5570d2e9e21864a10e148cba5e7') in 0.0267432 seconds
Number of updated asset objects reloaded before import = 0Number of asset objects unloaded after import = 3

========================================================================
Received Import Request.
  Time since last request: 0.000017 seconds.
  path: Assets/Mahjong Complete Set/Materials/pinzu_1.mat
  artifactKey: Guid(28e6e0260c5b13f41a40363c9d0aa4bc) Importer(2089858483,b0f066a214c2f5e87bad3c948f4d605d)
Start importing Assets/Mahjong Complete Set/Materials/pinzu_1.mat using Guid(28e6e0260c5b13f41a40363c9d0aa4bc) Importer(2089858483,b0f066a214c2f5e87bad3c948f4d605d) (ScriptedImporter) -> (artifact id: '2770f68c527e1c6fd1cb0f2ca16f48ac') in 0.0242348 seconds
Number of updated asset objects reloaded before import = 0Number of asset objects unloaded after import = 3

========================================================================
Received Import Request.
  Time since last request: 0.000019 seconds.
  path: Assets/Mahjong Complete Set/Materials/pinzu_7.mat
  artifactKey: Guid(97e73452da3920f41a682890f03852f8) Importer(2089858483,b0f066a214c2f5e87bad3c948f4d605d)
Start importing Assets/Mahjong Complete Set/Materials/pinzu_7.mat using Guid(97e73452da3920f41a682890f03852f8) Importer(2089858483,b0f066a214c2f5e87bad3c948f4d605d) (ScriptedImporter) -> (artifact id: '30903b41a52ca2316ccbd397f410c06f') in 0.0254361 seconds
Number of updated asset objects reloaded before import = 0Number of asset objects unloaded after import = 3

========================================================================
Received Import Request.
  Time since last request: 0.000023 seconds.
  path: Assets/Mahjong Complete Set/Materials/jihai_ ton.mat
  artifactKey: Guid(fafa70e405a476242aac158d0c8decba) Importer(2089858483,b0f066a214c2f5e87bad3c948f4d605d)
Start importing Assets/Mahjong Complete Set/Materials/jihai_ ton.mat using Guid(fafa70e405a476242aac158d0c8decba) Importer(2089858483,b0f066a214c2f5e87bad3c948f4d605d) (ScriptedImporter) -> (artifact id: '5a5c52e5e0b3bc8d996048f0159eb76d') in 0.0348819 seconds
Number of updated asset objects reloaded before import = 0Number of asset objects unloaded after import = 3

========================================================================
Received Import Request.
  Time since last request: 0.000028 seconds.
  path: Assets/Mahjong Complete Set/Materials/pinzu_5.mat
  artifactKey: Guid(776afc0d38879c349a63c933bc5f51b4) Importer(2089858483,b0f066a214c2f5e87bad3c948f4d605d)
Start importing Assets/Mahjong Complete Set/Materials/pinzu_5.mat using Guid(776afc0d38879c349a63c933bc5f51b4) Importer(2089858483,b0f066a214c2f5e87bad3c948f4d605d) (ScriptedImporter) -> (artifact id: '3f736511f19fa3f3d7a13cf843892d0d') in 0.0218756 seconds
Number of updated asset objects reloaded before import = 0Number of asset objects unloaded after import = 3

========================================================================
Received Import Request.
  Time since last request: 0.000020 seconds.
  path: Assets/Mahjong Complete Set/Materials/chicha_north.mat
  artifactKey: Guid(2181e1ce44885e949ad1c7fd5523e40d) Importer(2089858483,b0f066a214c2f5e87bad3c948f4d605d)
Start importing Assets/Mahjong Complete Set/Materials/chicha_north.mat using Guid(2181e1ce44885e949ad1c7fd5523e40d) Importer(2089858483,b0f066a214c2f5e87bad3c948f4d605d) (ScriptedImporter) -> (artifact id: '48bf563a30cfb00262e2b2b8dbf3634a') in 0.0223749 seconds
Number of updated asset objects reloaded before import = 0Number of asset objects unloaded after import = 3

========================================================================
Received Import Request.
  Time since last request: 0.000017 seconds.
  path: Assets/Mahjong Complete Set/Materials/pinzu_2.mat
  artifactKey: Guid(0efd4393c4588784097c43b768c7c930) Importer(2089858483,b0f066a214c2f5e87bad3c948f4d605d)
Start importing Assets/Mahjong Complete Set/Materials/pinzu_2.mat using Guid(0efd4393c4588784097c43b768c7c930) Importer(2089858483,b0f066a214c2f5e87bad3c948f4d605d) (ScriptedImporter) -> (artifact id: '6087a7f0a7fc3858e1341cd55290aee3') in 0.0217582 seconds
Number of updated asset objects reloaded before import = 0Number of asset objects unloaded after import = 3

========================================================================
Received Import Request.
  Time since last request: 0.000018 seconds.
  path: Assets/Mahjong Complete Set/Materials/manzu_5r.mat
  artifactKey: Guid(e9209463ec4465d47a1bc79d14061fe9) Importer(2089858483,b0f066a214c2f5e87bad3c948f4d605d)
Start importing Assets/Mahjong Complete Set/Materials/manzu_5r.mat using Guid(e9209463ec4465d47a1bc79d14061fe9) Importer(2089858483,b0f066a214c2f5e87bad3c948f4d605d) (ScriptedImporter) -> (artifact id: '846528bea65428dbe15673cd5211407a') in 0.023396 seconds
Number of updated asset objects reloaded before import = 0Number of asset objects unloaded after import = 3

========================================================================
Received Import Request.
  Time since last request: 0.000021 seconds.
  path: Assets/Mahjong Complete Set/Materials/souzu_4.mat
  artifactKey: Guid(de3acf170598c0848acf1db4b5e2fa3d) Importer(2089858483,b0f066a214c2f5e87bad3c948f4d605d)
Start importing Assets/Mahjong Complete Set/Materials/souzu_4.mat using Guid(de3acf170598c0848acf1db4b5e2fa3d) Importer(2089858483,b0f066a214c2f5e87bad3c948f4d605d) (ScriptedImporter) -> (artifact id: '02d5a7f78d19c1bbb0abfa7341a8421c') in 0.019121 seconds
Number of updated asset objects reloaded before import = 0Number of asset objects unloaded after import = 3

========================================================================
Received Import Request.
  Time since last request: 0.000024 seconds.
  path: Assets/Mahjong Complete Set/Materials/souzu_6.mat
  artifactKey: Guid(901cf77a26ef8a8438df1092b8f40c26) Importer(2089858483,b0f066a214c2f5e87bad3c948f4d605d)
Start importing Assets/Mahjong Complete Set/Materials/souzu_6.mat using Guid(901cf77a26ef8a8438df1092b8f40c26) Importer(2089858483,b0f066a214c2f5e87bad3c948f4d605d) (ScriptedImporter) -> (artifact id: 'a02316420aaf3953892041c995d25718') in 0.0208363 seconds
Number of updated asset objects reloaded before import = 0Number of asset objects unloaded after import = 3

========================================================================
Received Import Request.
  Time since last request: 0.000027 seconds.
  path: Assets/Mahjong Complete Set/Materials/jihai_ pe.mat
  artifactKey: Guid(3f6d35fcc9f9f8f4f90ef71d8615f785) Importer(2089858483,b0f066a214c2f5e87bad3c948f4d605d)
Start importing Assets/Mahjong Complete Set/Materials/jihai_ pe.mat using Guid(3f6d35fcc9f9f8f4f90ef71d8615f785) Importer(2089858483,b0f066a214c2f5e87bad3c948f4d605d) (ScriptedImporter) -> (artifact id: '7a5111276a56a4f1d050acdab4262aae') in 0.0224547 seconds
Number of updated asset objects reloaded before import = 0Number of asset objects unloaded after import = 3

========================================================================
Received Import Request.
  Time since last request: 0.000019 seconds.
  path: Assets/Mahjong Complete Set/Materials/tbm_10000.mat
  artifactKey: Guid(bd121565c29bcc34e90154d7fe89da93) Importer(2089858483,b0f066a214c2f5e87bad3c948f4d605d)
Start importing Assets/Mahjong Complete Set/Materials/tbm_10000.mat using Guid(bd121565c29bcc34e90154d7fe89da93) Importer(2089858483,b0f066a214c2f5e87bad3c948f4d605d) (ScriptedImporter) -> (artifact id: 'b5cd86157a49cda3a6e3add51c7116be') in 0.0216682 seconds
Number of updated asset objects reloaded before import = 0Number of asset objects unloaded after import = 3

========================================================================
Received Import Request.
  Time since last request: 0.000017 seconds.
  path: Assets/Mahjong Complete Set/Materials/souzu_9.mat
  artifactKey: Guid(dbbc010bf02c19c4c9f4f7459a0476c0) Importer(2089858483,b0f066a214c2f5e87bad3c948f4d605d)
Start importing Assets/Mahjong Complete Set/Materials/souzu_9.mat using Guid(dbbc010bf02c19c4c9f4f7459a0476c0) Importer(2089858483,b0f066a214c2f5e87bad3c948f4d605d) (ScriptedImporter) -> (artifact id: '1dd6182afb77ff6bac53be041e78290d') in 0.0240325 seconds
Number of updated asset objects reloaded before import = 0Number of asset objects unloaded after import = 3

========================================================================
Received Import Request.
  Time since last request: 0.000017 seconds.
  path: Assets/Mahjong Complete Set/Materials/jihai_ haku.mat
  artifactKey: Guid(7dd5e8e04e52f724184edea4ef5206e5) Importer(2089858483,b0f066a214c2f5e87bad3c948f4d605d)
Start importing Assets/Mahjong Complete Set/Materials/jihai_ haku.mat using Guid(7dd5e8e04e52f724184edea4ef5206e5) Importer(2089858483,b0f066a214c2f5e87bad3c948f4d605d) (ScriptedImporter) -> (artifact id: 'f779e9018c156023536eb43401db4e31') in 0.0205308 seconds
Number of updated asset objects reloaded before import = 0Number of asset objects unloaded after import = 3

========================================================================
Received Import Request.
  Time since last request: 0.000016 seconds.
  path: Assets/Scenes/Demo.unity
  artifactKey: Guid(c8c93bc5e74aa6844bdce6ef82d4912b) Importer(2089858483,b0f066a214c2f5e87bad3c948f4d605d)
Start importing Assets/Scenes/Demo.unity using Guid(c8c93bc5e74aa6844bdce6ef82d4912b) Importer(2089858483,b0f066a214c2f5e87bad3c948f4d605d) (ScriptedImporter) -> (artifact id: 'cd37fbc6e183c3fd84baa39ce5b31c7f') in 0.0291389 seconds
Number of updated asset objects reloaded before import = 0Number of asset objects unloaded after import = 1

========================================================================
Received Import Request.
  Time since last request: 0.000019 seconds.
  path: Assets/Mahjong Complete Set/Materials/souzu_5.mat
  artifactKey: Guid(13a1291ff519af442896cef50c1586bd) Importer(2089858483,b0f066a214c2f5e87bad3c948f4d605d)
Start importing Assets/Mahjong Complete Set/Materials/souzu_5.mat using Guid(13a1291ff519af442896cef50c1586bd) Importer(2089858483,b0f066a214c2f5e87bad3c948f4d605d) (ScriptedImporter) -> (artifact id: 'f8168b58cde3409eb6dc98cf9360921c') in 0.0225761 seconds
Number of updated asset objects reloaded before import = 0Number of asset objects unloaded after import = 3

========================================================================
Received Import Request.
  Time since last request: 0.000028 seconds.
  path: Assets/Mahjong Complete Set/Materials/pinzu_8.mat
  artifactKey: Guid(66b67d653f75e744d8af533249674b4a) Importer(2089858483,b0f066a214c2f5e87bad3c948f4d605d)
Start importing Assets/Mahjong Complete Set/Materials/pinzu_8.mat using Guid(66b67d653f75e744d8af533249674b4a) Importer(2089858483,b0f066a214c2f5e87bad3c948f4d605d) (ScriptedImporter) -> (artifact id: '555e0a0912b0fc58899c67d03f810e39') in 0.0227505 seconds
Number of updated asset objects reloaded before import = 0Number of asset objects unloaded after import = 3

========================================================================
Received Import Request.
  Time since last request: 0.000018 seconds.
  path: Assets/Mahjong Complete Set/Materials/tbm_1000.mat
  artifactKey: Guid(0e80c68a9a4de344f9f6aeaad86d5778) Importer(2089858483,b0f066a214c2f5e87bad3c948f4d605d)
Start importing Assets/Mahjong Complete Set/Materials/tbm_1000.mat using Guid(0e80c68a9a4de344f9f6aeaad86d5778) Importer(2089858483,b0f066a214c2f5e87bad3c948f4d605d) (ScriptedImporter) -> (artifact id: '6a11f18c93aaca85ca27decf236f4a0f') in 0.0178364 seconds
Number of updated asset objects reloaded before import = 0Number of asset objects unloaded after import = 3

========================================================================
Received Import Request.
  Time since last request: 0.000017 seconds.
  path: Assets/Mahjong Complete Set/Materials/tbm_5000.mat
  artifactKey: Guid(f4c2c5cd774f338449a0126cab5487ac) Importer(2089858483,b0f066a214c2f5e87bad3c948f4d605d)
Start importing Assets/Mahjong Complete Set/Materials/tbm_5000.mat using Guid(f4c2c5cd774f338449a0126cab5487ac) Importer(2089858483,b0f066a214c2f5e87bad3c948f4d605d) (ScriptedImporter) -> (artifact id: 'df3f630f78b6542fad6a8a3b732f8497') in 0.0194667 seconds
Number of updated asset objects reloaded before import = 0Number of asset objects unloaded after import = 3

Editor requested this worker to shutdown with reason: Scaling down because of idle timeout
AssetImportWorker is now disconnected from the server
Process exiting
Exiting without the bug reporter. Application will terminate with return code 0