[Licensing::Module] Trying to connect to existing licensing client channel...
Built from '6000.3/staging' branch; Version is '6000.3.9f1 (7a9955a4f2fa) revision 8034645'; Using compiler version '194234433'; Build Type 'Release'
OS: 'Windows 11  (10.0.26200) Enterprise' Language: 'ja' Physical Memory: 32471 MB
BatchMode: 1, IsHumanControllingUs: 0, StartBugReporterOnCrash: 0, Is64bit: 1
System  architecture: x64
Process architecture: x64
[Licensing::IpcConnector] Successfully connected to: "LicenseClient-竹林尚哉" at "2026-04-15T06:49:36.0944516Z"
Date: 2026-04-15T06:49:36Z

COMMAND LINE ARGUMENTS:
C:\Program Files\Unity\Hub\Editor\6000.3.9f1\Editor\Unity.exe
-adb2
-batchMode
-noUpm
-name
AssetImportWorker4
-projectPath
C:/Git/Mahjong
-logFile
Logs/AssetImportWorker4.log
-srvPort
53590
-licensingIpc
LicenseClient-竹林尚哉
-job-worker-count
7
-background-job-worker-count
8
-gc-helper-count
1
-name
AssetImport
Successfully changed project path to: C:/Git/Mahjong
C:/Git/Mahjong
[UnityMemory] Configuration Parameters - Can be set up in boot.config
    "memorysetup-temp-allocator-size-nav-mesh-worker=65536"
    "memorysetup-temp-allocator-size-audio-worker=65536"
    "memorysetup-temp-allocator-size-gfx=262144"
    "memorysetup-allocator-temp-initial-block-size-main=262144"
    "memorysetup-allocator-temp-initial-block-size-worker=262144"
    "memorysetup-temp-allocator-size-background-worker=32768"
    "memorysetup-temp-allocator-size-job-worker=262144"
    "memorysetup-temp-allocator-size-preload-manager=33554432"
    "memorysetup-temp-allocator-size-gi-baking-worker=262144"
    "memorysetup-temp-allocator-size-gi-baking-worker=262144"
    "memorysetup-temp-allocator-size-gi-baking-worker=262144"
    "memorysetup-temp-allocator-size-gi-baking-worker=262144"
    "memorysetup-temp-allocator-size-gi-baking-worker=262144"
    "memorysetup-bucket-allocator-granularity=16"
    "memorysetup-bucket-allocator-bucket-count=8"
    "memorysetup-bucket-allocator-block-size=33554432"
    "memorysetup-bucket-allocator-block-count=8"
    "memorysetup-main-allocator-block-size=16777216"
    "memorysetup-thread-allocator-block-size=16777216"
    "memorysetup-gfx-main-allocator-block-size=16777216"
    "memorysetup-gfx-thread-allocator-block-size=16777216"
    "memorysetup-cache-allocator-block-size=4194304"
    "memorysetup-typetree-allocator-block-size=2097152"
    "memorysetup-profiler-bucket-allocator-granularity=16"
    "memorysetup-profiler-bucket-allocator-bucket-count=8"
    "memorysetup-profiler-bucket-allocator-block-size=33554432"
    "memorysetup-profiler-bucket-allocator-block-count=8"
    "memorysetup-profiler-allocator-block-size=16777216"
    "memorysetup-profiler-editor-allocator-block-size=1048576"
    "memorysetup-temp-allocator-size-main=16777216"
    "memorysetup-job-temp-allocator-block-size=2097152"
    "memorysetup-job-temp-allocator-block-size-background=1048576"
    "memorysetup-job-temp-allocator-reduction-small-platforms=262144"
    "memorysetup-temp-allocator-size-cloud-worker=32768"
Player connection [928]  Target information:

Player connection [928]  * "[IP] 192.168.4.244 [Port] 0 [Flags] 2 [Guid] 4222530385 [EditorId] 4222530385 [Version] 1048832 [Id] WindowsEditor(7,Takebayashi_PC) [Debug] 1 [PackageName] WindowsEditor [ProjectName] Editor" 

Player connection [928] Host joined multi-casting on [225.0.0.222:54997]...
Player connection [928] Host joined alternative multi-casting on [225.0.0.222:34997]...
JobSystem: Creating JobQueue using job-worker-count value 7
Input System module state changed to: Initialized.
[Physics::Module] Initialized fallback backend.
[Physics::Module] Id: 0xdecafbad
Library Redirect Path: Library/
[Physics::Module] Selected backend.
[Physics::Module] Name: PhysX
[Physics::Module] Id: 0xf2b8ea05
[Physics::Module] SDK Version: 4.1.2
[Physics::Module] Integration Version: 1.0.0
[Physics::Module] Threading Mode: Multi-Threaded
Refreshing native plugins compatible for Editor in 1.63 ms, found 3 plugins.
Preloading 0 native plugins for Editor in 0.00 ms.
Initialize engine version: 6000.3.9f1 (7a9955a4f2fa)
[Subsystems] Discovering subsystems at path C:/Program Files/Unity/Hub/Editor/6000.3.9f1/Editor/Data/Resources/UnitySubsystems
[Subsystems] Discovering subsystems at path C:/Git/Mahjong/Assets
GfxDevice: creating device client; kGfxThreadingModeNonThreaded
Direct3D:
    Version:  Direct3D 11.0 [level 11.1]
    Renderer: NVIDIA GeForce RTX 4060 Laptop GPU (ID=0x28a0)
    Vendor:   NVIDIA
    VRAM:     7956 MB
    Driver:   32.0.15.9174
Initialize mono
Mono path[0] = 'C:/Program Files/Unity/Hub/Editor/6000.3.9f1/Editor/Data/Managed'
Mono path[1] = 'C:/Program Files/Unity/Hub/Editor/6000.3.9f1/Editor/Data/MonoBleedingEdge/lib/mono/unityjit-win32'
Mono config path = 'C:/Program Files/Unity/Hub/Editor/6000.3.9f1/Editor/Data/MonoBleedingEdge/etc'
Using monoOptions --debugger-agent=transport=dt_socket,embedding=1,server=y,suspend=n,address=127.0.0.1:56400
Begin MonoManager ReloadAssembly
Registering precompiled unity dll's ...
Register platform support module: C:/Program Files/Unity/Hub/Editor/6000.3.9f1/Editor/Data/PlaybackEngines/WindowsStandaloneSupport/UnityEditor.WindowsStandalone.Extensions.dll
Registered in 0.001320 seconds.
- Loaded All Assemblies, in  0.398 seconds
Native extension for WindowsStandalone target not found
ScheduleIndexationOnStartup MainProcess:False IndexOnStartup:True
Mono: successfully reloaded assembly
- Finished resetting the current domain, in  0.403 seconds
Domain Reload Profiling: 799ms
	BeginReloadAssembly (124ms)
		ExecutionOrderSort (0ms)
		DisableScriptedObjects (0ms)
		BackupInstance (0ms)
		ReleaseScriptingObjects (0ms)
		CreateAndSetChildDomain (1ms)
	RebuildCommonClasses (39ms)
	RebuildNativeTypeToScriptingClass (12ms)
	initialDomainReloadingComplete (41ms)
	LoadAllAssembliesAndSetupDomain (181ms)
		LoadAssemblies (120ms)
		RebuildTransferFunctionScriptingTraits (0ms)
		AnalyzeDomain (178ms)
			TypeCache.Refresh (176ms)
				TypeCache.ScanAssembly (164ms)
			BuildScriptInfoCaches (0ms)
			ResolveRequiredComponents (0ms)
	FinalizeReload (404ms)
		ReleaseScriptCaches (0ms)
		RebuildScriptCaches (0ms)
		SetupLoadedEditorAssemblies (360ms)
			LogAssemblyErrors (0ms)
			InitializePlatformSupportModulesInManaged (45ms)
			SetLoadedEditorAssemblies (4ms)
			BeforeProcessingInitializeOnLoad (89ms)
			ProcessInitializeOnLoadAttributes (154ms)
			ProcessInitializeOnLoadMethodAttributes (68ms)
			AfterProcessingInitializeOnLoad (0ms)
			EditorAssembliesLoaded (0ms)
		ExecutionOrderSort2 (0ms)
		AwakeInstancesAfterBackupRestoration (0ms)
========================================================================
Worker process is ready to serve import requests
Import Worker Mode flag is 0x00
Begin MonoManager ReloadAssembly
[Licensing::Module] Licensing is not yet initialized.
[Licensing::Client] Handshaking with LicensingClient:
  Version:                 1.17.4+4293ba1
  Session Id:              625a76fa98c54c8ea2fd221f37d2f589
  Correlation Id:          5eabd8007f4c9b2682695310fdaa4e8b
  External correlation Id: 6323141941880345005
  Machine Id:              6+wpDBm6+TlGFAk02gDYPphAiY8=
[Licensing::Module] Successfully connected to LicensingClient on channel: "LicenseClient-竹林尚哉" (connect: 0.00s, validation: 0.00s, handshake: 1.95s)
[Licensing::IpcConnector] Successfully connected to: "LicenseClient-竹林尚哉-notifications" at "2026-04-15T06:49:38.0486522Z"
[Licensing::Module] Licensing Background thread has ended after 1.95s
[Licensing::Module] Licensing is initialized (took 0.23s).
[Licensing::Client] Successfully resolved entitlement details
[Licensing::Module] License group:
  Id: 15669558551721-UnityPersXXXX
  Product: Unity Personal
  Type: Assigned
  Expiration: Unlimited
- Loaded All Assemblies, in  0.829 seconds
Refreshing native plugins compatible for Editor in 0.48 ms, found 3 plugins.
Native extension for WindowsStandalone target not found
Package Manager log level set to [2]
[Package Manager] Failed to launch server process. Reason: Unity was launched with the -noUpm command-line argument
[Package Manager] Unable to send message (not connected to server process).
[Package Manager] Cannot connect to Unity Package Manager local server
ScheduleIndexationOnStartup MainProcess:False IndexOnStartup:True
Mono: successfully reloaded assembly
- Finished resetting the current domain, in  0.693 seconds
Domain Reload Profiling: 1520ms
	BeginReloadAssembly (376ms)
		ExecutionOrderSort (0ms)
		DisableScriptedObjects (5ms)
		BackupInstance (0ms)
		ReleaseScriptingObjects (0ms)
		CreateAndSetChildDomain (24ms)
	RebuildCommonClasses (30ms)
	RebuildNativeTypeToScriptingClass (11ms)
	initialDomainReloadingComplete (29ms)
	LoadAllAssembliesAndSetupDomain (380ms)
		LoadAssemblies (263ms)
		RebuildTransferFunctionScriptingTraits (0ms)
		AnalyzeDomain (198ms)
			TypeCache.Refresh (142ms)
				TypeCache.ScanAssembly (129ms)
			BuildScriptInfoCaches (46ms)
			ResolveRequiredComponents (7ms)
	FinalizeReload (693ms)
		ReleaseScriptCaches (0ms)
		RebuildScriptCaches (0ms)
		SetupLoadedEditorAssemblies (504ms)
			LogAssemblyErrors (0ms)
			InitializePlatformSupportModulesInManaged (2ms)
			SetLoadedEditorAssemblies (5ms)
			BeforeProcessingInitializeOnLoad (154ms)
			ProcessInitializeOnLoadAttributes (289ms)
			ProcessInitializeOnLoadMethodAttributes (51ms)
			AfterProcessingInitializeOnLoad (3ms)
			EditorAssembliesLoaded (0ms)
		ExecutionOrderSort2 (0ms)
		AwakeInstancesAfterBackupRestoration (5ms)
Launched and connected shader compiler UnityShaderCompiler.exe after 0.01 seconds
Refreshing native plugins compatible for Editor in 0.61 ms, found 3 plugins.
Preloading 0 native plugins for Editor in 0.00 ms.
Unloading 16 Unused Serialized files (Serialized files now loaded: 0)
Unloading 6187 unused Assets / (4.1 MB). Loaded Objects now: 6988.
Memory consumption went from 154.0 MB to 149.9 MB.
Total: 5.827200 ms (FindLiveObjects: 0.405800 ms CreateObjectMapping: 0.255400 ms MarkObjects: 3.870800 ms  DeleteObjects: 1.294600 ms)

========================================================================
Received Import Request.
  Time since last request: 12111.346212 seconds.
  path: Assets/Scenes/InGame.unity
  artifactKey: Guid(c8c93bc5e74aa6844bdce6ef82d4912b) Importer(815301076,1909f56bfc062723c751e8b465ee728b)
Start importing Assets/Scenes/InGame.unity using Guid(c8c93bc5e74aa6844bdce6ef82d4912b) Importer(815301076,1909f56bfc062723c751e8b465ee728b) (PreviewImporter) -> (artifact id: 'a5ba79a5674be3e8d12237168ea8ead6') in 0.0080271 seconds
Number of updated asset objects reloaded before import = 0Number of asset objects unloaded after import = 0

========================================================================
Received Import Request.
  Time since last request: 0.935366 seconds.
  path: Assets/Scenes/InGame.unity
  artifactKey: Guid(c8c93bc5e74aa6844bdce6ef82d4912b) Importer(2089858483,b0f066a214c2f5e87bad3c948f4d605d)
Start importing Assets/Scenes/InGame.unity using Guid(c8c93bc5e74aa6844bdce6ef82d4912b) Importer(2089858483,b0f066a214c2f5e87bad3c948f4d605d) (ScriptedImporter) -> (artifact id: '2749172e8dc5995aa3d4ca87cfa1fe16') in 0.0577323 seconds
Number of updated asset objects reloaded before import = 0Number of asset objects unloaded after import = 1

========================================================================
Received Import Request.
  Time since last request: 2.934252 seconds.
  path: Assets/Mahjong Complete Set/Scenes/Demo.unity
  artifactKey: Guid(c8b0f411426a73c41bd3ff83c922a9c3) Importer(2089858483,b0f066a214c2f5e87bad3c948f4d605d)
Start importing Assets/Mahjong Complete Set/Scenes/Demo.unity using Guid(c8b0f411426a73c41bd3ff83c922a9c3) Importer(2089858483,b0f066a214c2f5e87bad3c948f4d605d) (ScriptedImporter) -> (artifact id: '93b8f643b63851bd7959110c56bf556f') in 0.0232561 seconds
Number of updated asset objects reloaded before import = 0Number of asset objects unloaded after import = 1

========================================================================
Received Import Request.
  Time since last request: 4.910559 seconds.
  path: Assets/Mahjong Complete Set/Scenes/DemoSettings.lighting
  artifactKey: Guid(d24d9e274aec02f40afc8f9e7a741ea1) Importer(815301076,1909f56bfc062723c751e8b465ee728b)
Start importing Assets/Mahjong Complete Set/Scenes/DemoSettings.lighting using Guid(d24d9e274aec02f40afc8f9e7a741ea1) Importer(815301076,1909f56bfc062723c751e8b465ee728b) (PreviewImporter)LightingSettings: switching bake backend from 2 to 1.
 -> (artifact id: '251e521bf27a4698c2bbd47b5d443c31') in 0.0104682 seconds
Number of updated asset objects reloaded before import = 0Number of asset objects unloaded after import = 1

========================================================================
Received Import Request.
  Time since last request: 1.136558 seconds.
  path: Assets/Mahjong Complete Set/Scenes/Demo.unity
  artifactKey: Guid(c8b0f411426a73c41bd3ff83c922a9c3) Importer(815301076,1909f56bfc062723c751e8b465ee728b)
Start importing Assets/Mahjong Complete Set/Scenes/Demo.unity using Guid(c8b0f411426a73c41bd3ff83c922a9c3) Importer(815301076,1909f56bfc062723c751e8b465ee728b) (PreviewImporter) -> (artifact id: '56f682421fa6153498c0f2e0a3a77d3b') in 0.000902 seconds
Number of updated asset objects reloaded before import = 0Number of asset objects unloaded after import = 0

========================================================================
Received Import Request.
  Time since last request: 157.260160 seconds.
  path: Assets/Mahjong Complete Set/Mesh/pjihai_hatsu.fbx
  artifactKey: Guid(52edffde2d8b3ad45bb43abb094c0e5f) Importer(815301076,1909f56bfc062723c751e8b465ee728b)
Start importing Assets/Mahjong Complete Set/Mesh/pjihai_hatsu.fbx using Guid(52edffde2d8b3ad45bb43abb094c0e5f) Importer(815301076,1909f56bfc062723c751e8b465ee728b) (PreviewImporter) -> (artifact id: 'd73b01af8af75a80e359318cb80806c1') in 0.4795545 seconds
Number of updated asset objects reloaded before import = 0Number of asset objects unloaded after import = 15

========================================================================
Received Import Request.
  Time since last request: 0.930591 seconds.
  path: Assets/Mahjong Complete Set/Mesh/pjihai_chun.fbx
  artifactKey: Guid(865372c8087629a49bb545b129259b16) Importer(815301076,1909f56bfc062723c751e8b465ee728b)
Start importing Assets/Mahjong Complete Set/Mesh/pjihai_chun.fbx using Guid(865372c8087629a49bb545b129259b16) Importer(815301076,1909f56bfc062723c751e8b465ee728b) (PreviewImporter) -> (artifact id: '4e5c908b08eb3704f739b8f0f0fac451') in 0.0380147 seconds
Number of updated asset objects reloaded before import = 0Number of asset objects unloaded after import = 15

========================================================================
Received Import Request.
  Time since last request: 78.253596 seconds.
  path: Assets/Scenes/InGameSettings.lighting
  artifactKey: Guid(d24eb02bb13dcd84b9102d817db6803d) Importer(2089858483,b0f066a214c2f5e87bad3c948f4d605d)
Start importing Assets/Scenes/InGameSettings.lighting using Guid(d24eb02bb13dcd84b9102d817db6803d) Importer(2089858483,b0f066a214c2f5e87bad3c948f4d605d) (ScriptedImporter)LightingSettings: switching bake backend from 2 to 1.
 -> (artifact id: '7bb19f569cb252a671ab3106dcd659d4') in 0.0623689 seconds
Number of updated asset objects reloaded before import = 0Number of asset objects unloaded after import = 1

========================================================================
Received Import Request.
  Time since last request: 212.718375 seconds.
  path: Assets/Scenes/InGame.unity
  artifactKey: Guid(c8c93bc5e74aa6844bdce6ef82d4912b) Importer(2089858483,b0f066a214c2f5e87bad3c948f4d605d)
Start importing Assets/Scenes/InGame.unity using Guid(c8c93bc5e74aa6844bdce6ef82d4912b) Importer(2089858483,b0f066a214c2f5e87bad3c948f4d605d) (ScriptedImporter) -> (artifact id: 'dd8c62e5ae3ec95806eda313ddd39452') in 0.0172593 seconds
Number of updated asset objects reloaded before import = 0Number of asset objects unloaded after import = 1

========================================================================
Received Import Request.
  Time since last request: 74.679409 seconds.
  path: Assets/Mahjong Complete Set/Materials/tenboublank.mat
  artifactKey: Guid(d1ff0bf5a3515c04994aca39cbabb887) Importer(815301076,1909f56bfc062723c751e8b465ee728b)
Start importing Assets/Mahjong Complete Set/Materials/tenboublank.mat using Guid(d1ff0bf5a3515c04994aca39cbabb887) Importer(815301076,1909f56bfc062723c751e8b465ee728b) (PreviewImporter) -> (artifact id: '0094c5906bf650d6fc507edf42875ea6') in 0.0457116 seconds
Number of updated asset objects reloaded before import = 0Number of asset objects unloaded after import = 3

========================================================================
Received Import Request.
  Time since last request: 25.653315 seconds.
  path: Assets/Scenes/InGame.unity
  artifactKey: Guid(c8c93bc5e74aa6844bdce6ef82d4912b) Importer(2089858483,b0f066a214c2f5e87bad3c948f4d605d)
Start importing Assets/Scenes/InGame.unity using Guid(c8c93bc5e74aa6844bdce6ef82d4912b) Importer(2089858483,b0f066a214c2f5e87bad3c948f4d605d) (ScriptedImporter) -> (artifact id: 'ef1df638ffbe6e6093fdcdd2fcde30ad') in 0.0181207 seconds
Number of updated asset objects reloaded before import = 0Number of asset objects unloaded after import = 1

========================================================================
Received Import Request.
  Time since last request: 521.876646 seconds.
  path: Assets/Mahjong Complete Set/Scripts
  artifactKey: Guid(a3deaced6b5ad8f40aea098abfbfffe6) Importer(815301076,1909f56bfc062723c751e8b465ee728b)
Start importing Assets/Mahjong Complete Set/Scripts using Guid(a3deaced6b5ad8f40aea098abfbfffe6) Importer(815301076,1909f56bfc062723c751e8b465ee728b) (PreviewImporter) -> (artifact id: '3f1b1904ce577c56f1cd63a080ec79fd') in 0.0008892 seconds
Number of updated asset objects reloaded before import = 0Number of asset objects unloaded after import = 0

========================================================================
Received Import Request.
  Time since last request: 13.879337 seconds.
  path: Assets/New Folder
  artifactKey: Guid(50440bf9c58461a41a18abcba56b27b0) Importer(815301076,1909f56bfc062723c751e8b465ee728b)
Start importing Assets/New Folder using Guid(50440bf9c58461a41a18abcba56b27b0) Importer(815301076,1909f56bfc062723c751e8b465ee728b) (PreviewImporter) -> (artifact id: '28b1addaa67eeb850b054fa7e43b7de0') in 0.0008632 seconds
Number of updated asset objects reloaded before import = 0Number of asset objects unloaded after import = 0

========================================================================
Received Import Request.
  Time since last request: 0.925195 seconds.
  path: Assets/New Folder
  artifactKey: Guid(50440bf9c58461a41a18abcba56b27b0) Importer(2089858483,b0f066a214c2f5e87bad3c948f4d605d)
Start importing Assets/New Folder using Guid(50440bf9c58461a41a18abcba56b27b0) Importer(2089858483,b0f066a214c2f5e87bad3c948f4d605d) (ScriptedImporter) -> (artifact id: '53b011b43c45f125de7720500cb1f76e') in 0.0170385 seconds
Number of updated asset objects reloaded before import = 0Number of asset objects unloaded after import = 1

========================================================================
Received Import Request.
  Time since last request: 16.909992 seconds.
  path: Assets/Scripts
  artifactKey: Guid(50440bf9c58461a41a18abcba56b27b0) Importer(815301076,1909f56bfc062723c751e8b465ee728b)
Start importing Assets/Scripts using Guid(50440bf9c58461a41a18abcba56b27b0) Importer(815301076,1909f56bfc062723c751e8b465ee728b) (PreviewImporter) -> (artifact id: '1fe750d54bdf6fcb3369b060787f4310') in 0.0006152 seconds
Number of updated asset objects reloaded before import = 0Number of asset objects unloaded after import = 0

========================================================================
Received Import Request.
  Time since last request: 0.938048 seconds.
  path: Assets/Scripts
  artifactKey: Guid(50440bf9c58461a41a18abcba56b27b0) Importer(2089858483,b0f066a214c2f5e87bad3c948f4d605d)
Start importing Assets/Scripts using Guid(50440bf9c58461a41a18abcba56b27b0) Importer(2089858483,b0f066a214c2f5e87bad3c948f4d605d) (ScriptedImporter) -> (artifact id: 'c77bf9a5d7216bb700f58cbdb58d212d') in 0.0200073 seconds
Number of updated asset objects reloaded before import = 0Number of asset objects unloaded after import = 1

========================================================================
Received Import Request.
  Time since last request: 122.959862 seconds.
  path: Assets/Scripts/Model
  artifactKey: Guid(41dab9ef235224b41af8b5893fb3f338) Importer(815301076,1909f56bfc062723c751e8b465ee728b)
Start importing Assets/Scripts/Model using Guid(41dab9ef235224b41af8b5893fb3f338) Importer(815301076,1909f56bfc062723c751e8b465ee728b) (PreviewImporter) -> (artifact id: '1b82b415ffc1ed9591b3a29b0df7b894') in 0.0006344 seconds
Number of updated asset objects reloaded before import = 0Number of asset objects unloaded after import = 0

========================================================================
Received Import Request.
  Time since last request: 0.000023 seconds.
  path: Assets/Scripts/Model
  artifactKey: Guid(41dab9ef235224b41af8b5893fb3f338) Importer(2089858483,b0f066a214c2f5e87bad3c948f4d605d)
Start importing Assets/Scripts/Model using Guid(41dab9ef235224b41af8b5893fb3f338) Importer(2089858483,b0f066a214c2f5e87bad3c948f4d605d) (ScriptedImporter) -> (artifact id: '8f605c8ba4d1f70100a5e8d0ce2ca478') in 0.0198373 seconds
Number of updated asset objects reloaded before import = 0Number of asset objects unloaded after import = 1

========================================================================
Received Import Request.
  Time since last request: 636.234069 seconds.
  path: Assets/Scenes/InGame.unity
  artifactKey: Guid(c8c93bc5e74aa6844bdce6ef82d4912b) Importer(2089858483,b0f066a214c2f5e87bad3c948f4d605d)
Start importing Assets/Scenes/InGame.unity using Guid(c8c93bc5e74aa6844bdce6ef82d4912b) Importer(2089858483,b0f066a214c2f5e87bad3c948f4d605d) (ScriptedImporter) -> (artifact id: '5a702337d27ec18c1938fcba9f2d49b1') in 0.0225167 seconds
Number of updated asset objects reloaded before import = 0Number of asset objects unloaded after import = 1

========================================================================
Received Import Request.
  Time since last request: 55.459710 seconds.
  path: Assets/Scripts/Tile
  artifactKey: Guid(41dab9ef235224b41af8b5893fb3f338) Importer(815301076,1909f56bfc062723c751e8b465ee728b)
Start importing Assets/Scripts/Tile using Guid(41dab9ef235224b41af8b5893fb3f338) Importer(815301076,1909f56bfc062723c751e8b465ee728b) (PreviewImporter) -> (artifact id: '7b7db5dabbe695b352b2c1456ca620cc') in 0.0009361 seconds
Number of updated asset objects reloaded before import = 0Number of asset objects unloaded after import = 0

========================================================================
Received Import Request.
  Time since last request: 2.127313 seconds.
  path: Assets/Scripts/Tile
  artifactKey: Guid(41dab9ef235224b41af8b5893fb3f338) Importer(2089858483,b0f066a214c2f5e87bad3c948f4d605d)
Start importing Assets/Scripts/Tile using Guid(41dab9ef235224b41af8b5893fb3f338) Importer(2089858483,b0f066a214c2f5e87bad3c948f4d605d) (ScriptedImporter) -> (artifact id: 'd3e9ebd121d6f144ac1813c36119a3be') in 0.0243167 seconds
Number of updated asset objects reloaded before import = 0Number of asset objects unloaded after import = 1

========================================================================
Received Import Request.
  Time since last request: 3.852611 seconds.
  path: Assets/Scripts/Tile/Model
  artifactKey: Guid(45f57a9664a6d6945b768f2a98c9ff64) Importer(815301076,1909f56bfc062723c751e8b465ee728b)
Start importing Assets/Scripts/Tile/Model using Guid(45f57a9664a6d6945b768f2a98c9ff64) Importer(815301076,1909f56bfc062723c751e8b465ee728b) (PreviewImporter) -> (artifact id: '7aa977552b2c648bf5184084a77ab009') in 0.0006795 seconds
Number of updated asset objects reloaded before import = 0Number of asset objects unloaded after import = 0

========================================================================
Received Import Request.
  Time since last request: 0.913604 seconds.
  path: Assets/Scripts/Tile/Model
  artifactKey: Guid(45f57a9664a6d6945b768f2a98c9ff64) Importer(2089858483,b0f066a214c2f5e87bad3c948f4d605d)
Start importing Assets/Scripts/Tile/Model using Guid(45f57a9664a6d6945b768f2a98c9ff64) Importer(2089858483,b0f066a214c2f5e87bad3c948f4d605d) (ScriptedImporter) -> (artifact id: '000fe5603361d0b31395c7ba8e074c09') in 0.0166992 seconds
Number of updated asset objects reloaded before import = 0Number of asset objects unloaded after import = 1

========================================================================
Received Prepare
Refreshing native plugins compatible for Editor in 1.71 ms, found 3 plugins.
Preloading 0 native plugins for Editor in 0.00 ms.
Unloading 16 Unused Serialized files (Serialized files now loaded: 0)
Unloading 6184 unused Assets / (3.3 MB). Loaded Objects now: 7152.
Memory consumption went from 160.1 MB to 156.8 MB.
Total: 34.049800 ms (FindLiveObjects: 0.838900 ms CreateObjectMapping: 0.597700 ms MarkObjects: 30.070500 ms  DeleteObjects: 2.536700 ms)

Prepare: number of updated asset objects reloaded= 0
========================================================================
Received Prepare
Begin MonoManager ReloadAssembly
[Licensing::Client] Successfully resolved entitlement details
- Loaded All Assemblies, in  7.890 seconds
Refreshing native plugins compatible for Editor in 3.16 ms, found 3 plugins.
Assertion failed on expression: 'pred(*previous, *i)'
Assertion failed on expression: 'pred(*previous, *i)'
Native extension for WindowsStandalone target not found
[Package Manager] Failed to launch server process. Reason: Unity was launched with the -noUpm command-line argument
[Package Manager] Unable to send message (not connected to server process).
[Package Manager] Cannot connect to Unity Package Manager local server
ScheduleIndexationOnStartup MainProcess:False IndexOnStartup:True
Mono: successfully reloaded assembly
- Finished resetting the current domain, in  3.884 seconds
Domain Reload Profiling: 11781ms
	BeginReloadAssembly (967ms)
		ExecutionOrderSort (0ms)
		DisableScriptedObjects (29ms)
		BackupInstance (0ms)
		ReleaseScriptingObjects (0ms)
		CreateAndSetChildDomain (85ms)
	RebuildCommonClasses (355ms)
	RebuildNativeTypeToScriptingClass (20ms)
	initialDomainReloadingComplete (36ms)
	LoadAllAssembliesAndSetupDomain (6516ms)
		LoadAssemblies (6467ms)
		RebuildTransferFunctionScriptingTraits (0ms)
		AnalyzeDomain (819ms)
			TypeCache.Refresh (42ms)
				TypeCache.ScanAssembly (1ms)
			BuildScriptInfoCaches (731ms)
			ResolveRequiredComponents (31ms)
	FinalizeReload (3886ms)
		ReleaseScriptCaches (0ms)
		RebuildScriptCaches (0ms)
		SetupLoadedEditorAssemblies (3178ms)
			LogAssemblyErrors (0ms)
			InitializePlatformSupportModulesInManaged (5ms)
			SetLoadedEditorAssemblies (15ms)
			BeforeProcessingInitializeOnLoad (571ms)
			ProcessInitializeOnLoadAttributes (1470ms)
			ProcessInitializeOnLoadMethodAttributes (1029ms)
			AfterProcessingInitializeOnLoad (87ms)
			EditorAssembliesLoaded (1ms)
		ExecutionOrderSort2 (0ms)
		AwakeInstancesAfterBackupRestoration (161ms)
Refreshing native plugins compatible for Editor in 3.75 ms, found 3 plugins.
Preloading 0 native plugins for Editor in 0.00 ms.
Unloading 16 Unused Serialized files (Serialized files now loaded: 0)
Unloading 6189 unused Assets / (3.7 MB). Loaded Objects now: 7076.
Memory consumption went from 161.9 MB to 158.2 MB.
Total: 55.068600 ms (FindLiveObjects: 1.767100 ms CreateObjectMapping: 3.204300 ms MarkObjects: 35.649300 ms  DeleteObjects: 14.444800 ms)

Prepare: number of updated asset objects reloaded= 0
========================================================================
Received Import Request.
  Time since last request: 133.723732 seconds.
  path: Assets/Scripts/Tile/Model/Tile.cs
  artifactKey: Guid(ddc09b87eddac924cb10aedaa36a4658) Importer(815301076,1909f56bfc062723c751e8b465ee728b)
Start importing Assets/Scripts/Tile/Model/Tile.cs using Guid(ddc09b87eddac924cb10aedaa36a4658) Importer(815301076,1909f56bfc062723c751e8b465ee728b) (PreviewImporter) -> (artifact id: 'f8b705e59bc89e61d92c4ba8759246c5') in 0.1801348 seconds
Number of updated asset objects reloaded before import = 0Number of asset objects unloaded after import = 0

========================================================================
Received Prepare
Refreshing native plugins compatible for Editor in 6.30 ms, found 3 plugins.
Preloading 0 native plugins for Editor in 0.00 ms.
Unloading 16 Unused Serialized files (Serialized files now loaded: 0)
Unloading 6183 unused Assets / (3.8 MB). Loaded Objects now: 7076.
Memory consumption went from 161.9 MB to 158.1 MB.
Total: 33.310900 ms (FindLiveObjects: 1.710400 ms CreateObjectMapping: 1.243000 ms MarkObjects: 20.315900 ms  DeleteObjects: 10.039000 ms)

Prepare: number of updated asset objects reloaded= 0
========================================================================
Received Import Request.
  Time since last request: 40.587682 seconds.
  path: Assets/Scripts/Tile/Model/Tile.cs
  artifactKey: Guid(ddc09b87eddac924cb10aedaa36a4658) Importer(815301076,1909f56bfc062723c751e8b465ee728b)
Start importing Assets/Scripts/Tile/Model/Tile.cs using Guid(ddc09b87eddac924cb10aedaa36a4658) Importer(815301076,1909f56bfc062723c751e8b465ee728b) (PreviewImporter) -> (artifact id: '65e38b4af62271253951d02680a56d1d') in 0.0175429 seconds
Number of updated asset objects reloaded before import = 0Number of asset objects unloaded after import = 0

========================================================================
Received Prepare
Refreshing native plugins compatible for Editor in 4.52 ms, found 3 plugins.
Preloading 0 native plugins for Editor in 0.00 ms.
Unloading 16 Unused Serialized files (Serialized files now loaded: 0)
Unloading 6183 unused Assets / (3.3 MB). Loaded Objects now: 7076.
Memory consumption went from 161.9 MB to 158.6 MB.
Total: 32.591600 ms (FindLiveObjects: 1.748700 ms CreateObjectMapping: 1.807900 ms MarkObjects: 20.469900 ms  DeleteObjects: 8.563000 ms)

Prepare: number of updated asset objects reloaded= 0
========================================================================
Received Prepare
Refreshing native plugins compatible for Editor in 2.75 ms, found 3 plugins.
Preloading 0 native plugins for Editor in 0.00 ms.
Unloading 16 Unused Serialized files (Serialized files now loaded: 0)
Unloading 6183 unused Assets / (3.8 MB). Loaded Objects now: 7076.
Memory consumption went from 161.9 MB to 158.2 MB.
Total: 18.585800 ms (FindLiveObjects: 1.147300 ms CreateObjectMapping: 1.164000 ms MarkObjects: 12.640400 ms  DeleteObjects: 3.631300 ms)

Prepare: number of updated asset objects reloaded= 0
========================================================================
Received Prepare
Refreshing native plugins compatible for Editor in 2.97 ms, found 3 plugins.
Preloading 0 native plugins for Editor in 0.00 ms.
Unloading 16 Unused Serialized files (Serialized files now loaded: 0)
Unloading 6183 unused Assets / (5.4 MB). Loaded Objects now: 7076.
Memory consumption went from 161.9 MB to 156.5 MB.
Total: 22.277000 ms (FindLiveObjects: 1.076900 ms CreateObjectMapping: 1.402100 ms MarkObjects: 14.326100 ms  DeleteObjects: 5.469000 ms)

Prepare: number of updated asset objects reloaded= 0
========================================================================
Received Prepare
Refreshing native plugins compatible for Editor in 2.25 ms, found 3 plugins.
Preloading 0 native plugins for Editor in 0.00 ms.
Unloading 16 Unused Serialized files (Serialized files now loaded: 0)
Unloading 6183 unused Assets / (3.7 MB). Loaded Objects now: 7076.
Memory consumption went from 161.9 MB to 158.2 MB.
Total: 18.153300 ms (FindLiveObjects: 0.980600 ms CreateObjectMapping: 0.704700 ms MarkObjects: 13.290800 ms  DeleteObjects: 3.174900 ms)

Prepare: number of updated asset objects reloaded= 0
========================================================================
Received Prepare
Refreshing native plugins compatible for Editor in 2.75 ms, found 3 plugins.
Preloading 0 native plugins for Editor in 0.00 ms.
Unloading 16 Unused Serialized files (Serialized files now loaded: 0)
Unloading 6183 unused Assets / (4.0 MB). Loaded Objects now: 7076.
Memory consumption went from 161.9 MB to 158.0 MB.
Total: 19.091600 ms (FindLiveObjects: 0.897500 ms CreateObjectMapping: 0.673100 ms MarkObjects: 13.638100 ms  DeleteObjects: 3.880600 ms)

Prepare: number of updated asset objects reloaded= 0
========================================================================
Received Prepare
Refreshing native plugins compatible for Editor in 2.14 ms, found 3 plugins.
Preloading 0 native plugins for Editor in 0.00 ms.
Unloading 16 Unused Serialized files (Serialized files now loaded: 0)
Unloading 6183 unused Assets / (4.2 MB). Loaded Objects now: 7076.
Memory consumption went from 161.9 MB to 157.7 MB.
Total: 17.984800 ms (FindLiveObjects: 0.954900 ms CreateObjectMapping: 0.646200 ms MarkObjects: 11.951600 ms  DeleteObjects: 4.430200 ms)

Prepare: number of updated asset objects reloaded= 0
========================================================================
Received Prepare
Refreshing native plugins compatible for Editor in 3.53 ms, found 3 plugins.
Preloading 0 native plugins for Editor in 0.00 ms.
Unloading 16 Unused Serialized files (Serialized files now loaded: 0)
Unloading 6183 unused Assets / (3.8 MB). Loaded Objects now: 7076.
Memory consumption went from 161.9 MB to 158.2 MB.
Total: 20.574500 ms (FindLiveObjects: 1.242500 ms CreateObjectMapping: 1.200900 ms MarkObjects: 14.355100 ms  DeleteObjects: 3.773300 ms)

Prepare: number of updated asset objects reloaded= 0
========================================================================
Received Prepare
Refreshing native plugins compatible for Editor in 2.65 ms, found 3 plugins.
Preloading 0 native plugins for Editor in 0.00 ms.
Unloading 16 Unused Serialized files (Serialized files now loaded: 0)
Unloading 6183 unused Assets / (3.6 MB). Loaded Objects now: 7076.
Memory consumption went from 161.9 MB to 158.4 MB.
Total: 17.369700 ms (FindLiveObjects: 0.792400 ms CreateObjectMapping: 0.573500 ms MarkObjects: 12.776900 ms  DeleteObjects: 3.224300 ms)

Prepare: number of updated asset objects reloaded= 0
========================================================================
Received Prepare
Begin MonoManager ReloadAssembly
[Licensing::Client] Successfully resolved entitlement details
- Loaded All Assemblies, in  6.524 seconds
Refreshing native plugins compatible for Editor in 1.27 ms, found 3 plugins.
Assertion failed on expression: 'pred(*previous, *i)'
Assertion failed on expression: 'pred(*previous, *i)'
Native extension for WindowsStandalone target not found
[Package Manager] Failed to launch server process. Reason: Unity was launched with the -noUpm command-line argument
[Package Manager] Unable to send message (not connected to server process).
[Package Manager] Cannot connect to Unity Package Manager local server
ScheduleIndexationOnStartup MainProcess:False IndexOnStartup:True
Mono: successfully reloaded assembly
- Finished resetting the current domain, in  0.903 seconds
Domain Reload Profiling: 7428ms
	BeginReloadAssembly (1013ms)
		ExecutionOrderSort (0ms)
		DisableScriptedObjects (6ms)
		BackupInstance (0ms)
		ReleaseScriptingObjects (0ms)
		CreateAndSetChildDomain (67ms)
	RebuildCommonClasses (348ms)
	RebuildNativeTypeToScriptingClass (15ms)
	initialDomainReloadingComplete (40ms)
	LoadAllAssembliesAndSetupDomain (5109ms)
		LoadAssemblies (5496ms)
		RebuildTransferFunctionScriptingTraits (0ms)
		AnalyzeDomain (475ms)
			TypeCache.Refresh (11ms)
				TypeCache.ScanAssembly (0ms)
			BuildScriptInfoCaches (441ms)
			ResolveRequiredComponents (15ms)
	FinalizeReload (904ms)
		ReleaseScriptCaches (0ms)
		RebuildScriptCaches (0ms)
		SetupLoadedEditorAssemblies (705ms)
			LogAssemblyErrors (0ms)
			InitializePlatformSupportModulesInManaged (3ms)
			SetLoadedEditorAssemblies (8ms)
			BeforeProcessingInitializeOnLoad (197ms)
			ProcessInitializeOnLoadAttributes (417ms)
			ProcessInitializeOnLoadMethodAttributes (73ms)
			AfterProcessingInitializeOnLoad (6ms)
			EditorAssembliesLoaded (0ms)
		ExecutionOrderSort2 (0ms)
		AwakeInstancesAfterBackupRestoration (16ms)
Refreshing native plugins compatible for Editor in 0.95 ms, found 3 plugins.
Preloading 0 native plugins for Editor in 0.00 ms.
Unloading 16 Unused Serialized files (Serialized files now loaded: 0)
Unloading 6189 unused Assets / (3.5 MB). Loaded Objects now: 7079.
Memory consumption went from 161.6 MB to 158.0 MB.
Total: 7.370800 ms (FindLiveObjects: 0.486300 ms CreateObjectMapping: 0.409200 ms MarkObjects: 4.959700 ms  DeleteObjects: 1.514100 ms)

Prepare: number of updated asset objects reloaded= 0
========================================================================
Received Prepare
Refreshing native plugins compatible for Editor in 1.87 ms, found 3 plugins.
Preloading 0 native plugins for Editor in 0.00 ms.
Unloading 16 Unused Serialized files (Serialized files now loaded: 0)
Unloading 6183 unused Assets / (3.2 MB). Loaded Objects now: 7079.
Memory consumption went from 161.7 MB to 158.5 MB.
Total: 16.478900 ms (FindLiveObjects: 0.859600 ms CreateObjectMapping: 0.924500 ms MarkObjects: 12.259800 ms  DeleteObjects: 2.433800 ms)

Prepare: number of updated asset objects reloaded= 0
========================================================================
Received Prepare
Refreshing native plugins compatible for Editor in 1.77 ms, found 3 plugins.
Preloading 0 native plugins for Editor in 0.00 ms.
Unloading 16 Unused Serialized files (Serialized files now loaded: 0)
Unloading 6183 unused Assets / (4.3 MB). Loaded Objects now: 7079.
Memory consumption went from 161.7 MB to 157.4 MB.
Total: 12.020500 ms (FindLiveObjects: 1.013100 ms CreateObjectMapping: 0.508800 ms MarkObjects: 6.946500 ms  DeleteObjects: 3.550700 ms)

Prepare: number of updated asset objects reloaded= 0
========================================================================
Received Prepare
Refreshing native plugins compatible for Editor in 4.05 ms, found 3 plugins.
Preloading 0 native plugins for Editor in 0.00 ms.
Unloading 16 Unused Serialized files (Serialized files now loaded: 0)
Unloading 6183 unused Assets / (3.5 MB). Loaded Objects now: 7079.
Memory consumption went from 161.7 MB to 158.3 MB.
Total: 23.347000 ms (FindLiveObjects: 1.516300 ms CreateObjectMapping: 1.090200 ms MarkObjects: 17.049900 ms  DeleteObjects: 3.688700 ms)

Prepare: number of updated asset objects reloaded= 0
========================================================================
Received Prepare
Begin MonoManager ReloadAssembly
[Licensing::Client] Successfully resolved entitlement details
- Loaded All Assemblies, in  8.014 seconds
Refreshing native plugins compatible for Editor in 4.84 ms, found 3 plugins.
Assertion failed on expression: 'pred(*previous, *i)'
Assertion failed on expression: 'pred(*previous, *i)'
Native extension for WindowsStandalone target not found
[Package Manager] Failed to launch server process. Reason: Unity was launched with the -noUpm command-line argument
[Package Manager] Unable to send message (not connected to server process).
[Package Manager] Cannot connect to Unity Package Manager local server
ScheduleIndexationOnStartup MainProcess:False IndexOnStartup:True
Mono: successfully reloaded assembly
- Finished resetting the current domain, in  2.756 seconds
Domain Reload Profiling: 10772ms
	BeginReloadAssembly (1378ms)
		ExecutionOrderSort (2ms)
		DisableScriptedObjects (15ms)
		BackupInstance (0ms)
		ReleaseScriptingObjects (0ms)
		CreateAndSetChildDomain (92ms)
	RebuildCommonClasses (389ms)
	RebuildNativeTypeToScriptingClass (40ms)
	initialDomainReloadingComplete (97ms)
	LoadAllAssembliesAndSetupDomain (6111ms)
		LoadAssemblies (6042ms)
		RebuildTransferFunctionScriptingTraits (0ms)
		AnalyzeDomain (1140ms)
			TypeCache.Refresh (49ms)
				TypeCache.ScanAssembly (1ms)
			BuildScriptInfoCaches (1028ms)
			ResolveRequiredComponents (49ms)
	FinalizeReload (2757ms)
		ReleaseScriptCaches (0ms)
		RebuildScriptCaches (0ms)
		SetupLoadedEditorAssemblies (2205ms)
			LogAssemblyErrors (0ms)
			InitializePlatformSupportModulesInManaged (6ms)
			SetLoadedEditorAssemblies (11ms)
			BeforeProcessingInitializeOnLoad (760ms)
			ProcessInitializeOnLoadAttributes (1174ms)
			ProcessInitializeOnLoadMethodAttributes (230ms)
			AfterProcessingInitializeOnLoad (23ms)
			EditorAssembliesLoaded (2ms)
		ExecutionOrderSort2 (0ms)
		AwakeInstancesAfterBackupRestoration (70ms)
Refreshing native plugins compatible for Editor in 6.72 ms, found 3 plugins.
Preloading 0 native plugins for Editor in 0.00 ms.
Unloading 16 Unused Serialized files (Serialized files now loaded: 0)
Unloading 6189 unused Assets / (4.7 MB). Loaded Objects now: 7082.
Memory consumption went from 161.6 MB to 156.9 MB.
Total: 33.070700 ms (FindLiveObjects: 1.167700 ms CreateObjectMapping: 0.682500 ms MarkObjects: 18.606200 ms  DeleteObjects: 12.612200 ms)

Prepare: number of updated asset objects reloaded= 0
========================================================================
Received Prepare
Refreshing native plugins compatible for Editor in 5.07 ms, found 3 plugins.
Preloading 0 native plugins for Editor in 0.00 ms.
Unloading 16 Unused Serialized files (Serialized files now loaded: 0)
Unloading 6183 unused Assets / (4.4 MB). Loaded Objects now: 7082.
Memory consumption went from 161.9 MB to 157.4 MB.
Total: 21.532700 ms (FindLiveObjects: 1.684900 ms CreateObjectMapping: 1.518700 ms MarkObjects: 12.320500 ms  DeleteObjects: 6.006900 ms)

Prepare: number of updated asset objects reloaded= 0
========================================================================
Received Import Request.
  Time since last request: 2350.116988 seconds.
  path: Assets/Scripts/Tile/Model/TileDeck.cs
  artifactKey: Guid(538f688cadb9dd84096caaf2bad8597c) Importer(815301076,1909f56bfc062723c751e8b465ee728b)
Start importing Assets/Scripts/Tile/Model/TileDeck.cs using Guid(538f688cadb9dd84096caaf2bad8597c) Importer(815301076,1909f56bfc062723c751e8b465ee728b) (PreviewImporter) -> (artifact id: 'e2955feb6dc2c10daa49b6d0748817c5') in 0.2779055 seconds
Number of updated asset objects reloaded before import = 0Number of asset objects unloaded after import = 0

========================================================================
Received Prepare
Refreshing native plugins compatible for Editor in 4.05 ms, found 3 plugins.
Preloading 0 native plugins for Editor in 0.00 ms.
Unloading 16 Unused Serialized files (Serialized files now loaded: 0)
Unloading 6183 unused Assets / (2.4 MB). Loaded Objects now: 7082.
Memory consumption went from 161.9 MB to 159.4 MB.
Total: 23.343200 ms (FindLiveObjects: 1.511400 ms CreateObjectMapping: 3.617800 ms MarkObjects: 14.967000 ms  DeleteObjects: 3.244700 ms)

Prepare: number of updated asset objects reloaded= 0
========================================================================
Received Prepare
Refreshing native plugins compatible for Editor in 1.46 ms, found 3 plugins.
Preloading 0 native plugins for Editor in 0.00 ms.
Unloading 16 Unused Serialized files (Serialized files now loaded: 0)
Unloading 6183 unused Assets / (3.9 MB). Loaded Objects now: 7082.
Memory consumption went from 161.9 MB to 158.0 MB.
Total: 25.128900 ms (FindLiveObjects: 1.223700 ms CreateObjectMapping: 2.703800 ms MarkObjects: 17.679900 ms  DeleteObjects: 3.520100 ms)

Prepare: number of updated asset objects reloaded= 0
========================================================================
Received Prepare
Refreshing native plugins compatible for Editor in 6.80 ms, found 3 plugins.
Preloading 0 native plugins for Editor in 0.00 ms.
Unloading 16 Unused Serialized files (Serialized files now loaded: 0)
Unloading 6183 unused Assets / (3.6 MB). Loaded Objects now: 7082.
Memory consumption went from 161.9 MB to 158.3 MB.
Total: 33.204100 ms (FindLiveObjects: 6.443400 ms CreateObjectMapping: 2.834700 ms MarkObjects: 13.974000 ms  DeleteObjects: 9.950400 ms)

Prepare: number of updated asset objects reloaded= 0
========================================================================
Received Import Request.
  Time since last request: 87.967644 seconds.
  path: Assets/Scripts/Tile/Model/TileDeck.cs
  artifactKey: Guid(538f688cadb9dd84096caaf2bad8597c) Importer(815301076,1909f56bfc062723c751e8b465ee728b)
Start importing Assets/Scripts/Tile/Model/TileDeck.cs using Guid(538f688cadb9dd84096caaf2bad8597c) Importer(815301076,1909f56bfc062723c751e8b465ee728b) (PreviewImporter) -> (artifact id: '1486785fef0e822d09707b61e3061e5f') in 0.0728704 seconds
Number of updated asset objects reloaded before import = 0Number of asset objects unloaded after import = 0

========================================================================
Received Prepare
Refreshing native plugins compatible for Editor in 99.37 ms, found 3 plugins.
Preloading 0 native plugins for Editor in 0.00 ms.
Unloading 16 Unused Serialized files (Serialized files now loaded: 0)
Unloading 6183 unused Assets / (3.8 MB). Loaded Objects now: 7082.
Memory consumption went from 161.9 MB to 158.1 MB.
Total: 160.930800 ms (FindLiveObjects: 9.214900 ms CreateObjectMapping: 1.571600 ms MarkObjects: 102.776300 ms  DeleteObjects: 47.366400 ms)

Prepare: number of updated asset objects reloaded= 0
========================================================================
Received Import Request.
  Time since last request: 41.011196 seconds.
  path: Assets/Scripts/Tile/Model/TileDeck.cs
  artifactKey: Guid(538f688cadb9dd84096caaf2bad8597c) Importer(815301076,1909f56bfc062723c751e8b465ee728b)
Start importing Assets/Scripts/Tile/Model/TileDeck.cs using Guid(538f688cadb9dd84096caaf2bad8597c) Importer(815301076,1909f56bfc062723c751e8b465ee728b) (PreviewImporter) -> (artifact id: 'eb312ed3b5a10cd1cd8d84fc295ba4ac') in 0.0674257 seconds
Number of updated asset objects reloaded before import = 0Number of asset objects unloaded after import = 0

========================================================================
Received Prepare
Refreshing native plugins compatible for Editor in 3.71 ms, found 3 plugins.
Preloading 0 native plugins for Editor in 0.00 ms.
Unloading 16 Unused Serialized files (Serialized files now loaded: 0)
Unloading 6183 unused Assets / (2.8 MB). Loaded Objects now: 7082.
Memory consumption went from 161.9 MB to 159.0 MB.
Total: 26.164600 ms (FindLiveObjects: 1.105600 ms CreateObjectMapping: 2.457100 ms MarkObjects: 18.008100 ms  DeleteObjects: 4.592400 ms)

Prepare: number of updated asset objects reloaded= 0
========================================================================
Received Import Request.
  Time since last request: 11.901012 seconds.
  path: Assets/Scripts/Tile/Model/TileDeck.cs
  artifactKey: Guid(538f688cadb9dd84096caaf2bad8597c) Importer(815301076,1909f56bfc062723c751e8b465ee728b)
Start importing Assets/Scripts/Tile/Model/TileDeck.cs using Guid(538f688cadb9dd84096caaf2bad8597c) Importer(815301076,1909f56bfc062723c751e8b465ee728b) (PreviewImporter) -> (artifact id: '6fdde9046f4249b74459cfba156576fc') in 0.0147555 seconds
Number of updated asset objects reloaded before import = 0Number of asset objects unloaded after import = 0

========================================================================
Received Prepare
Refreshing native plugins compatible for Editor in 23.91 ms, found 3 plugins.
Preloading 0 native plugins for Editor in 0.00 ms.
Unloading 16 Unused Serialized files (Serialized files now loaded: 0)
Unloading 6183 unused Assets / (4.0 MB). Loaded Objects now: 7082.
Memory consumption went from 161.9 MB to 157.9 MB.
Total: 146.950700 ms (FindLiveObjects: 4.748100 ms CreateObjectMapping: 1.219200 ms MarkObjects: 93.152600 ms  DeleteObjects: 47.828300 ms)

Prepare: number of updated asset objects reloaded= 0
========================================================================
Received Import Request.
  Time since last request: 36.039096 seconds.
  path: Assets/Scripts/Tile/Model/TileDeck.cs
  artifactKey: Guid(538f688cadb9dd84096caaf2bad8597c) Importer(815301076,1909f56bfc062723c751e8b465ee728b)
Start importing Assets/Scripts/Tile/Model/TileDeck.cs using Guid(538f688cadb9dd84096caaf2bad8597c) Importer(815301076,1909f56bfc062723c751e8b465ee728b) (PreviewImporter) -> (artifact id: '21567c0561324deb3eef655c231e75a3') in 0.0120735 seconds
Number of updated asset objects reloaded before import = 0Number of asset objects unloaded after import = 0

========================================================================
Received Prepare
Refreshing native plugins compatible for Editor in 13.09 ms, found 3 plugins.
Preloading 0 native plugins for Editor in 0.00 ms.
Unloading 16 Unused Serialized files (Serialized files now loaded: 0)
Unloading 6183 unused Assets / (1.9 MB). Loaded Objects now: 7082.
Memory consumption went from 161.9 MB to 160.0 MB.
Total: 52.064000 ms (FindLiveObjects: 4.166200 ms CreateObjectMapping: 1.004300 ms MarkObjects: 40.607800 ms  DeleteObjects: 6.284400 ms)

Prepare: number of updated asset objects reloaded= 0
========================================================================
Received Import Request.
  Time since last request: 8.922028 seconds.
  path: Assets/Scripts/Tile/Model/TileDeck.cs
  artifactKey: Guid(538f688cadb9dd84096caaf2bad8597c) Importer(815301076,1909f56bfc062723c751e8b465ee728b)
Start importing Assets/Scripts/Tile/Model/TileDeck.cs using Guid(538f688cadb9dd84096caaf2bad8597c) Importer(815301076,1909f56bfc062723c751e8b465ee728b) (PreviewImporter) -> (artifact id: '45af4216e13336ee491150cc3f9629af') in 0.0160994 seconds
Number of updated asset objects reloaded before import = 0Number of asset objects unloaded after import = 0

========================================================================
Received Prepare
Refreshing native plugins compatible for Editor in 1.75 ms, found 3 plugins.
Preloading 0 native plugins for Editor in 0.00 ms.
Unloading 16 Unused Serialized files (Serialized files now loaded: 0)
Unloading 6183 unused Assets / (2.0 MB). Loaded Objects now: 7082.
Memory consumption went from 161.9 MB to 159.9 MB.
Total: 33.323200 ms (FindLiveObjects: 4.600100 ms CreateObjectMapping: 1.829800 ms MarkObjects: 15.172300 ms  DeleteObjects: 11.719500 ms)

Prepare: number of updated asset objects reloaded= 0
========================================================================
Received Import Request.
  Time since last request: 27.851066 seconds.
  path: Assets/Scripts/Tile/Model/TileDeck.cs
  artifactKey: Guid(538f688cadb9dd84096caaf2bad8597c) Importer(815301076,1909f56bfc062723c751e8b465ee728b)
Start importing Assets/Scripts/Tile/Model/TileDeck.cs using Guid(538f688cadb9dd84096caaf2bad8597c) Importer(815301076,1909f56bfc062723c751e8b465ee728b) (PreviewImporter) -> (artifact id: '7f92186b7df2073581946387f0670e88') in 0.0203115 seconds
Number of updated asset objects reloaded before import = 0Number of asset objects unloaded after import = 0

========================================================================
Received Prepare
Refreshing native plugins compatible for Editor in 4.76 ms, found 3 plugins.
Preloading 0 native plugins for Editor in 0.00 ms.
Unloading 16 Unused Serialized files (Serialized files now loaded: 0)
Unloading 6183 unused Assets / (2.4 MB). Loaded Objects now: 7082.
Memory consumption went from 161.9 MB to 159.5 MB.
Total: 26.553000 ms (FindLiveObjects: 0.947700 ms CreateObjectMapping: 1.065900 ms MarkObjects: 18.192200 ms  DeleteObjects: 6.345600 ms)

Prepare: number of updated asset objects reloaded= 0
========================================================================
Received Import Request.
  Time since last request: 44.363866 seconds.
  path: Assets/Scripts/Tile/Model/TileDeck.cs
  artifactKey: Guid(538f688cadb9dd84096caaf2bad8597c) Importer(815301076,1909f56bfc062723c751e8b465ee728b)
Start importing Assets/Scripts/Tile/Model/TileDeck.cs using Guid(538f688cadb9dd84096caaf2bad8597c) Importer(815301076,1909f56bfc062723c751e8b465ee728b) (PreviewImporter) -> (artifact id: 'c506e1400c401e2e5f6fc52e60e05e54') in 0.0438011 seconds
Number of updated asset objects reloaded before import = 0Number of asset objects unloaded after import = 0

========================================================================
Received Prepare
Refreshing native plugins compatible for Editor in 3.97 ms, found 3 plugins.
Preloading 0 native plugins for Editor in 0.00 ms.
Unloading 16 Unused Serialized files (Serialized files now loaded: 0)
Unloading 6183 unused Assets / (3.7 MB). Loaded Objects now: 7082.
Memory consumption went from 161.9 MB to 158.2 MB.
Total: 38.548300 ms (FindLiveObjects: 1.495200 ms CreateObjectMapping: 0.838300 ms MarkObjects: 26.915500 ms  DeleteObjects: 9.297900 ms)

Prepare: number of updated asset objects reloaded= 0
========================================================================
Received Import Request.
  Time since last request: 5.750705 seconds.
  path: Assets/Scripts/Tile/Model/TileDeck.cs
  artifactKey: Guid(538f688cadb9dd84096caaf2bad8597c) Importer(815301076,1909f56bfc062723c751e8b465ee728b)
Start importing Assets/Scripts/Tile/Model/TileDeck.cs using Guid(538f688cadb9dd84096caaf2bad8597c) Importer(815301076,1909f56bfc062723c751e8b465ee728b) (PreviewImporter) -> (artifact id: '16e62cab388d492dcc8057f5634bb4fd') in 0.0113326 seconds
Number of updated asset objects reloaded before import = 0Number of asset objects unloaded after import = 0

========================================================================
Received Prepare
Refreshing native plugins compatible for Editor in 4.14 ms, found 3 plugins.
Preloading 0 native plugins for Editor in 0.00 ms.
Unloading 16 Unused Serialized files (Serialized files now loaded: 0)
Unloading 6183 unused Assets / (2.1 MB). Loaded Objects now: 7082.
Memory consumption went from 161.9 MB to 159.7 MB.
Total: 35.265300 ms (FindLiveObjects: 3.118000 ms CreateObjectMapping: 4.739600 ms MarkObjects: 19.433700 ms  DeleteObjects: 7.972200 ms)

Prepare: number of updated asset objects reloaded= 0
========================================================================
Received Prepare
Refreshing native plugins compatible for Editor in 12.88 ms, found 3 plugins.
Preloading 0 native plugins for Editor in 0.00 ms.
Unloading 16 Unused Serialized files (Serialized files now loaded: 0)
Unloading 6183 unused Assets / (4.1 MB). Loaded Objects now: 7082.
Memory consumption went from 161.9 MB to 157.8 MB.
Total: 67.132900 ms (FindLiveObjects: 1.018900 ms CreateObjectMapping: 5.893500 ms MarkObjects: 32.117600 ms  DeleteObjects: 28.101500 ms)

Prepare: number of updated asset objects reloaded= 0
========================================================================
Received Prepare
Refreshing native plugins compatible for Editor in 34.25 ms, found 3 plugins.
Preloading 0 native plugins for Editor in 0.00 ms.
Unloading 16 Unused Serialized files (Serialized files now loaded: 0)
Unloading 6183 unused Assets / (2.5 MB). Loaded Objects now: 7082.
Memory consumption went from 162.0 MB to 159.5 MB.
Total: 34.525600 ms (FindLiveObjects: 6.876600 ms CreateObjectMapping: 0.772600 ms MarkObjects: 20.916000 ms  DeleteObjects: 5.958900 ms)

Prepare: number of updated asset objects reloaded= 0
========================================================================
Received Prepare
Refreshing native plugins compatible for Editor in 5.59 ms, found 3 plugins.
Preloading 0 native plugins for Editor in 0.00 ms.
Unloading 16 Unused Serialized files (Serialized files now loaded: 0)
Unloading 6183 unused Assets / (3.1 MB). Loaded Objects now: 7082.
Memory consumption went from 162.0 MB to 158.8 MB.
Total: 20.332700 ms (FindLiveObjects: 0.871600 ms CreateObjectMapping: 0.592700 ms MarkObjects: 14.981200 ms  DeleteObjects: 3.885200 ms)

Prepare: number of updated asset objects reloaded= 0
========================================================================
Received Prepare
Refreshing native plugins compatible for Editor in 5.81 ms, found 3 plugins.
Preloading 0 native plugins for Editor in 0.00 ms.
Unloading 16 Unused Serialized files (Serialized files now loaded: 0)
Unloading 6183 unused Assets / (3.3 MB). Loaded Objects now: 7082.
Memory consumption went from 162.0 MB to 158.7 MB.
Total: 33.547400 ms (FindLiveObjects: 1.244400 ms CreateObjectMapping: 0.812300 ms MarkObjects: 22.135900 ms  DeleteObjects: 9.353700 ms)

Prepare: number of updated asset objects reloaded= 0
========================================================================
Received Prepare
Refreshing native plugins compatible for Editor in 4.41 ms, found 3 plugins.
Preloading 0 native plugins for Editor in 0.00 ms.
Unloading 16 Unused Serialized files (Serialized files now loaded: 0)
Unloading 6183 unused Assets / (4.0 MB). Loaded Objects now: 7082.
Memory consumption went from 162.0 MB to 158.0 MB.
Total: 41.390800 ms (FindLiveObjects: 1.561800 ms CreateObjectMapping: 7.169700 ms MarkObjects: 20.460200 ms  DeleteObjects: 12.197100 ms)

Prepare: number of updated asset objects reloaded= 0
========================================================================
Received Prepare
Refreshing native plugins compatible for Editor in 2.94 ms, found 3 plugins.
Preloading 0 native plugins for Editor in 0.00 ms.
Unloading 16 Unused Serialized files (Serialized files now loaded: 0)
Unloading 6183 unused Assets / (3.3 MB). Loaded Objects now: 7082.
Memory consumption went from 162.0 MB to 158.7 MB.
Total: 33.352200 ms (FindLiveObjects: 1.639400 ms CreateObjectMapping: 1.061800 ms MarkObjects: 20.647700 ms  DeleteObjects: 10.001900 ms)

Prepare: number of updated asset objects reloaded= 0
========================================================================
Received Prepare
Refreshing native plugins compatible for Editor in 5.61 ms, found 3 plugins.
Preloading 0 native plugins for Editor in 0.00 ms.
Unloading 16 Unused Serialized files (Serialized files now loaded: 0)
Unloading 6183 unused Assets / (3.4 MB). Loaded Objects now: 7082.
Memory consumption went from 162.0 MB to 158.6 MB.
Total: 22.573900 ms (FindLiveObjects: 1.739600 ms CreateObjectMapping: 0.997500 ms MarkObjects: 13.163100 ms  DeleteObjects: 6.671200 ms)

Prepare: number of updated asset objects reloaded= 0
========================================================================
Received Prepare
Refreshing native plugins compatible for Editor in 6.22 ms, found 3 plugins.
Preloading 0 native plugins for Editor in 0.00 ms.
Unloading 16 Unused Serialized files (Serialized files now loaded: 0)
Unloading 6183 unused Assets / (3.6 MB). Loaded Objects now: 7082.
Memory consumption went from 162.0 MB to 158.4 MB.
Total: 28.227200 ms (FindLiveObjects: 2.389600 ms CreateObjectMapping: 2.539100 ms MarkObjects: 16.714100 ms  DeleteObjects: 6.582800 ms)

Prepare: number of updated asset objects reloaded= 0
========================================================================
Received Prepare
Refreshing native plugins compatible for Editor in 2.84 ms, found 3 plugins.
Preloading 0 native plugins for Editor in 0.00 ms.
Unloading 16 Unused Serialized files (Serialized files now loaded: 0)
Unloading 6183 unused Assets / (3.1 MB). Loaded Objects now: 7082.
Memory consumption went from 162.0 MB to 158.9 MB.
Total: 22.096800 ms (FindLiveObjects: 2.274700 ms CreateObjectMapping: 1.046400 ms MarkObjects: 15.379200 ms  DeleteObjects: 3.394300 ms)

Prepare: number of updated asset objects reloaded= 0
========================================================================
Received Prepare
Refreshing native plugins compatible for Editor in 4.43 ms, found 3 plugins.
Preloading 0 native plugins for Editor in 0.00 ms.
Unloading 16 Unused Serialized files (Serialized files now loaded: 0)
Unloading 6183 unused Assets / (2.4 MB). Loaded Objects now: 7082.
Memory consumption went from 162.0 MB to 159.6 MB.
Total: 22.305800 ms (FindLiveObjects: 1.229300 ms CreateObjectMapping: 1.221500 ms MarkObjects: 16.592100 ms  DeleteObjects: 3.261200 ms)

Prepare: number of updated asset objects reloaded= 0
========================================================================
Received Prepare
Refreshing native plugins compatible for Editor in 4.10 ms, found 3 plugins.
Preloading 0 native plugins for Editor in 0.00 ms.
Unloading 16 Unused Serialized files (Serialized files now loaded: 0)
Unloading 6183 unused Assets / (3.4 MB). Loaded Objects now: 7082.
Memory consumption went from 162.0 MB to 158.6 MB.
Total: 27.431000 ms (FindLiveObjects: 1.588400 ms CreateObjectMapping: 1.531100 ms MarkObjects: 17.365100 ms  DeleteObjects: 6.944000 ms)

Prepare: number of updated asset objects reloaded= 0
========================================================================
Received Prepare
Refreshing native plugins compatible for Editor in 2.31 ms, found 3 plugins.
Preloading 0 native plugins for Editor in 0.00 ms.
Unloading 16 Unused Serialized files (Serialized files now loaded: 0)
Unloading 6183 unused Assets / (3.8 MB). Loaded Objects now: 7082.
Memory consumption went from 162.0 MB to 158.2 MB.
Total: 19.603200 ms (FindLiveObjects: 1.083700 ms CreateObjectMapping: 0.928300 ms MarkObjects: 12.192000 ms  DeleteObjects: 5.398100 ms)

Prepare: number of updated asset objects reloaded= 0
========================================================================
Received Prepare
Refreshing native plugins compatible for Editor in 2.42 ms, found 3 plugins.
Preloading 0 native plugins for Editor in 0.00 ms.
Unloading 16 Unused Serialized files (Serialized files now loaded: 0)
Unloading 6183 unused Assets / (2.9 MB). Loaded Objects now: 7082.
Memory consumption went from 162.0 MB to 159.1 MB.
Total: 26.759800 ms (FindLiveObjects: 1.368700 ms CreateObjectMapping: 1.253100 ms MarkObjects: 16.478600 ms  DeleteObjects: 7.657900 ms)

Prepare: number of updated asset objects reloaded= 0
========================================================================
Received Import Request.
  Time since last request: 486.862666 seconds.
  path: Assets/Scripts/Tile/Model/TileDeck.cs
  artifactKey: Guid(538f688cadb9dd84096caaf2bad8597c) Importer(815301076,1909f56bfc062723c751e8b465ee728b)
Start importing Assets/Scripts/Tile/Model/TileDeck.cs using Guid(538f688cadb9dd84096caaf2bad8597c) Importer(815301076,1909f56bfc062723c751e8b465ee728b) (PreviewImporter) -> (artifact id: '913eade4913180fc638368b1f43e1393') in 0.2244671 seconds
Number of updated asset objects reloaded before import = 0Number of asset objects unloaded after import = 0

========================================================================
Received Prepare
Refreshing native plugins compatible for Editor in 4.15 ms, found 3 plugins.
Preloading 0 native plugins for Editor in 0.00 ms.
Unloading 16 Unused Serialized files (Serialized files now loaded: 0)
Unloading 6183 unused Assets / (3.1 MB). Loaded Objects now: 7082.
Memory consumption went from 162.0 MB to 158.8 MB.
Total: 40.296000 ms (FindLiveObjects: 4.478600 ms CreateObjectMapping: 1.483700 ms MarkObjects: 26.600000 ms  DeleteObjects: 7.732100 ms)

Prepare: number of updated asset objects reloaded= 0
========================================================================
Received Import Request.
  Time since last request: 565.500794 seconds.
  path: Assets/Scripts/Tile/Model/TileDeck.cs
  artifactKey: Guid(538f688cadb9dd84096caaf2bad8597c) Importer(815301076,1909f56bfc062723c751e8b465ee728b)
Start importing Assets/Scripts/Tile/Model/TileDeck.cs using Guid(538f688cadb9dd84096caaf2bad8597c) Importer(815301076,1909f56bfc062723c751e8b465ee728b) (PreviewImporter) -> (artifact id: '5c64ed143a8b184c02ffee9cffdacc58') in 0.0193947 seconds
Number of updated asset objects reloaded before import = 0Number of asset objects unloaded after import = 0

========================================================================
Received Prepare
Refreshing native plugins compatible for Editor in 12.34 ms, found 3 plugins.
Preloading 0 native plugins for Editor in 0.00 ms.
Unloading 16 Unused Serialized files (Serialized files now loaded: 0)
Unloading 6183 unused Assets / (3.0 MB). Loaded Objects now: 7082.
Memory consumption went from 162.0 MB to 159.0 MB.
Total: 47.051400 ms (FindLiveObjects: 6.461300 ms CreateObjectMapping: 1.192100 ms MarkObjects: 26.400500 ms  DeleteObjects: 12.995400 ms)

Prepare: number of updated asset objects reloaded= 0
========================================================================
Received Prepare
Refreshing native plugins compatible for Editor in 3.29 ms, found 3 plugins.
Preloading 0 native plugins for Editor in 0.00 ms.
Unloading 16 Unused Serialized files (Serialized files now loaded: 0)
Unloading 6183 unused Assets / (2.2 MB). Loaded Objects now: 7082.
Memory consumption went from 162.0 MB to 159.8 MB.
Total: 19.905000 ms (FindLiveObjects: 1.069900 ms CreateObjectMapping: 0.499900 ms MarkObjects: 14.848900 ms  DeleteObjects: 3.484900 ms)

Prepare: number of updated asset objects reloaded= 0
========================================================================
Received Prepare
Refreshing native plugins compatible for Editor in 1.82 ms, found 3 plugins.
Preloading 0 native plugins for Editor in 0.00 ms.
Unloading 16 Unused Serialized files (Serialized files now loaded: 0)
Unloading 6183 unused Assets / (3.0 MB). Loaded Objects now: 7082.
Memory consumption went from 162.0 MB to 159.0 MB.
Total: 17.649100 ms (FindLiveObjects: 0.898600 ms CreateObjectMapping: 0.462100 ms MarkObjects: 13.515200 ms  DeleteObjects: 2.771900 ms)

Prepare: number of updated asset objects reloaded= 0
========================================================================
Received Prepare
Refreshing native plugins compatible for Editor in 2.57 ms, found 3 plugins.
Preloading 0 native plugins for Editor in 0.00 ms.
Unloading 16 Unused Serialized files (Serialized files now loaded: 0)
Unloading 6183 unused Assets / (3.6 MB). Loaded Objects now: 7082.
Memory consumption went from 162.0 MB to 158.4 MB.
Total: 24.518700 ms (FindLiveObjects: 1.445700 ms CreateObjectMapping: 0.987500 ms MarkObjects: 14.322600 ms  DeleteObjects: 7.760600 ms)

Prepare: number of updated asset objects reloaded= 0
========================================================================
Received Prepare
Refreshing native plugins compatible for Editor in 3.53 ms, found 3 plugins.
Preloading 0 native plugins for Editor in 0.00 ms.
Unloading 16 Unused Serialized files (Serialized files now loaded: 0)
Unloading 6183 unused Assets / (3.4 MB). Loaded Objects now: 7082.
Memory consumption went from 162.0 MB to 158.6 MB.
Total: 41.590200 ms (FindLiveObjects: 2.883900 ms CreateObjectMapping: 1.425200 ms MarkObjects: 28.746800 ms  DeleteObjects: 8.532700 ms)

Prepare: number of updated asset objects reloaded= 0
========================================================================
Received Prepare
Refreshing native plugins compatible for Editor in 3.38 ms, found 3 plugins.
Preloading 0 native plugins for Editor in 0.00 ms.
Unloading 16 Unused Serialized files (Serialized files now loaded: 0)
Unloading 6183 unused Assets / (3.9 MB). Loaded Objects now: 7082.
Memory consumption went from 162.0 MB to 158.1 MB.
Total: 19.245600 ms (FindLiveObjects: 1.365600 ms CreateObjectMapping: 0.869600 ms MarkObjects: 11.404500 ms  DeleteObjects: 5.604500 ms)

Prepare: number of updated asset objects reloaded= 0
========================================================================
Received Prepare
Refreshing native plugins compatible for Editor in 4.57 ms, found 3 plugins.
Preloading 0 native plugins for Editor in 0.00 ms.
Unloading 16 Unused Serialized files (Serialized files now loaded: 0)
Unloading 6183 unused Assets / (2.2 MB). Loaded Objects now: 7082.
Memory consumption went from 162.0 MB to 159.8 MB.
Total: 35.925500 ms (FindLiveObjects: 1.772600 ms CreateObjectMapping: 1.644400 ms MarkObjects: 27.209300 ms  DeleteObjects: 5.297100 ms)

Prepare: number of updated asset objects reloaded= 0
========================================================================
Received Prepare
Refreshing native plugins compatible for Editor in 3.11 ms, found 3 plugins.
Preloading 0 native plugins for Editor in 0.00 ms.
Unloading 16 Unused Serialized files (Serialized files now loaded: 0)
Unloading 6183 unused Assets / (3.5 MB). Loaded Objects now: 7082.
Memory consumption went from 162.0 MB to 158.5 MB.
Total: 21.324900 ms (FindLiveObjects: 1.451100 ms CreateObjectMapping: 1.042500 ms MarkObjects: 13.642000 ms  DeleteObjects: 5.187200 ms)

Prepare: number of updated asset objects reloaded= 0
========================================================================
Received Prepare
Refreshing native plugins compatible for Editor in 2.91 ms, found 3 plugins.
Preloading 0 native plugins for Editor in 0.00 ms.
Unloading 16 Unused Serialized files (Serialized files now loaded: 0)
Unloading 6183 unused Assets / (3.7 MB). Loaded Objects now: 7082.
Memory consumption went from 162.0 MB to 158.3 MB.
Total: 55.129200 ms (FindLiveObjects: 2.813300 ms CreateObjectMapping: 1.588200 ms MarkObjects: 34.117200 ms  DeleteObjects: 16.609200 ms)

Prepare: number of updated asset objects reloaded= 0
========================================================================
Received Prepare
Refreshing native plugins compatible for Editor in 4.34 ms, found 3 plugins.
Preloading 0 native plugins for Editor in 0.00 ms.
Unloading 16 Unused Serialized files (Serialized files now loaded: 0)
Unloading 6183 unused Assets / (3.3 MB). Loaded Objects now: 7082.
Memory consumption went from 162.0 MB to 158.6 MB.
Total: 25.081700 ms (FindLiveObjects: 2.350800 ms CreateObjectMapping: 1.014300 ms MarkObjects: 15.394700 ms  DeleteObjects: 6.320000 ms)

Prepare: number of updated asset objects reloaded= 0
========================================================================
Received Prepare
Refreshing native plugins compatible for Editor in 2.74 ms, found 3 plugins.
Preloading 0 native plugins for Editor in 0.00 ms.
Unloading 16 Unused Serialized files (Serialized files now loaded: 0)
Unloading 6183 unused Assets / (3.6 MB). Loaded Objects now: 7082.
Memory consumption went from 162.0 MB to 158.4 MB.
Total: 24.333800 ms (FindLiveObjects: 1.455900 ms CreateObjectMapping: 1.113500 ms MarkObjects: 16.352800 ms  DeleteObjects: 5.409900 ms)

Prepare: number of updated asset objects reloaded= 0
========================================================================
Received Prepare
Refreshing native plugins compatible for Editor in 6.64 ms, found 3 plugins.
Preloading 0 native plugins for Editor in 0.00 ms.
Unloading 16 Unused Serialized files (Serialized files now loaded: 0)
Unloading 6183 unused Assets / (2.7 MB). Loaded Objects now: 7082.
Memory consumption went from 162.0 MB to 159.3 MB.
Total: 28.865100 ms (FindLiveObjects: 8.409900 ms CreateObjectMapping: 1.004500 ms MarkObjects: 14.044300 ms  DeleteObjects: 5.404700 ms)

Prepare: number of updated asset objects reloaded= 0
========================================================================
Received Prepare
Refreshing native plugins compatible for Editor in 4.18 ms, found 3 plugins.
Preloading 0 native plugins for Editor in 0.00 ms.
Unloading 16 Unused Serialized files (Serialized files now loaded: 0)
Unloading 6183 unused Assets / (3.8 MB). Loaded Objects now: 7082.
Memory consumption went from 162.0 MB to 158.1 MB.
Total: 20.653600 ms (FindLiveObjects: 1.436000 ms CreateObjectMapping: 1.128500 ms MarkObjects: 13.089200 ms  DeleteObjects: 4.998100 ms)

Prepare: number of updated asset objects reloaded= 0
========================================================================
Received Prepare
Refreshing native plugins compatible for Editor in 3.58 ms, found 3 plugins.
Preloading 0 native plugins for Editor in 0.00 ms.
Unloading 16 Unused Serialized files (Serialized files now loaded: 0)
Unloading 6183 unused Assets / (2.4 MB). Loaded Objects now: 7082.
Memory consumption went from 162.0 MB to 159.5 MB.
Total: 19.888000 ms (FindLiveObjects: 1.843900 ms CreateObjectMapping: 1.085200 ms MarkObjects: 14.791000 ms  DeleteObjects: 2.166100 ms)

Prepare: number of updated asset objects reloaded= 0
========================================================================
Received Prepare
Refreshing native plugins compatible for Editor in 2.67 ms, found 3 plugins.
Preloading 0 native plugins for Editor in 0.00 ms.
Unloading 16 Unused Serialized files (Serialized files now loaded: 0)
Unloading 6183 unused Assets / (2.8 MB). Loaded Objects now: 7082.
Memory consumption went from 162.0 MB to 159.2 MB.
Total: 18.468900 ms (FindLiveObjects: 1.333200 ms CreateObjectMapping: 0.982800 ms MarkObjects: 12.387900 ms  DeleteObjects: 3.763900 ms)

Prepare: number of updated asset objects reloaded= 0
========================================================================
Received Prepare
Refreshing native plugins compatible for Editor in 2.59 ms, found 3 plugins.
Preloading 0 native plugins for Editor in 0.00 ms.
Unloading 16 Unused Serialized files (Serialized files now loaded: 0)
Unloading 6183 unused Assets / (3.1 MB). Loaded Objects now: 7082.
Memory consumption went from 162.0 MB to 158.9 MB.
Total: 18.131300 ms (FindLiveObjects: 1.227200 ms CreateObjectMapping: 0.816900 ms MarkObjects: 13.280700 ms  DeleteObjects: 2.804900 ms)

Prepare: number of updated asset objects reloaded= 0
========================================================================
Received Prepare
Refreshing native plugins compatible for Editor in 8.70 ms, found 3 plugins.
Preloading 0 native plugins for Editor in 0.00 ms.
Unloading 16 Unused Serialized files (Serialized files now loaded: 0)
Unloading 6183 unused Assets / (3.1 MB). Loaded Objects now: 7082.
Memory consumption went from 162.0 MB to 158.9 MB.
Total: 18.091800 ms (FindLiveObjects: 0.953500 ms CreateObjectMapping: 1.067600 ms MarkObjects: 12.404500 ms  DeleteObjects: 3.665400 ms)

Prepare: number of updated asset objects reloaded= 0
========================================================================
Received Prepare
Refreshing native plugins compatible for Editor in 2.24 ms, found 3 plugins.
Preloading 0 native plugins for Editor in 0.00 ms.
Unloading 16 Unused Serialized files (Serialized files now loaded: 0)
Unloading 6183 unused Assets / (4.3 MB). Loaded Objects now: 7082.
Memory consumption went from 162.0 MB to 157.7 MB.
Total: 15.145800 ms (FindLiveObjects: 0.849400 ms CreateObjectMapping: 0.480200 ms MarkObjects: 10.210600 ms  DeleteObjects: 3.604600 ms)

Prepare: number of updated asset objects reloaded= 0
========================================================================
Received Prepare
Refreshing native plugins compatible for Editor in 4.36 ms, found 3 plugins.
Preloading 0 native plugins for Editor in 0.00 ms.
Unloading 16 Unused Serialized files (Serialized files now loaded: 0)
Unloading 6183 unused Assets / (3.3 MB). Loaded Objects now: 7082.
Memory consumption went from 162.0 MB to 158.6 MB.
Total: 38.924800 ms (FindLiveObjects: 3.047600 ms CreateObjectMapping: 7.822900 ms MarkObjects: 15.573800 ms  DeleteObjects: 12.476100 ms)

Prepare: number of updated asset objects reloaded= 0
========================================================================
Received Prepare
Refreshing native plugins compatible for Editor in 3.30 ms, found 3 plugins.
Preloading 0 native plugins for Editor in 0.00 ms.
Unloading 16 Unused Serialized files (Serialized files now loaded: 0)
Unloading 6183 unused Assets / (3.3 MB). Loaded Objects now: 7082.
Memory consumption went from 162.0 MB to 158.7 MB.
Total: 15.543400 ms (FindLiveObjects: 1.205700 ms CreateObjectMapping: 0.768200 ms MarkObjects: 10.377400 ms  DeleteObjects: 3.190300 ms)

Prepare: number of updated asset objects reloaded= 0
========================================================================
Received Prepare
Refreshing native plugins compatible for Editor in 3.19 ms, found 3 plugins.
Preloading 0 native plugins for Editor in 0.00 ms.
Unloading 16 Unused Serialized files (Serialized files now loaded: 0)
Unloading 6183 unused Assets / (3.0 MB). Loaded Objects now: 7082.
Memory consumption went from 162.0 MB to 159.0 MB.
Total: 21.372000 ms (FindLiveObjects: 2.629200 ms CreateObjectMapping: 2.187900 ms MarkObjects: 13.026800 ms  DeleteObjects: 3.526400 ms)

Prepare: number of updated asset objects reloaded= 0
========================================================================
Received Prepare
Refreshing native plugins compatible for Editor in 2.76 ms, found 3 plugins.
Preloading 0 native plugins for Editor in 0.00 ms.
Unloading 16 Unused Serialized files (Serialized files now loaded: 0)
Unloading 6183 unused Assets / (2.7 MB). Loaded Objects now: 7082.
Memory consumption went from 162.0 MB to 159.3 MB.
Total: 16.321100 ms (FindLiveObjects: 1.979000 ms CreateObjectMapping: 0.784200 ms MarkObjects: 10.936000 ms  DeleteObjects: 2.620500 ms)

Prepare: number of updated asset objects reloaded= 0
========================================================================
Received Prepare
Refreshing native plugins compatible for Editor in 2.41 ms, found 3 plugins.
Preloading 0 native plugins for Editor in 0.00 ms.
Unloading 16 Unused Serialized files (Serialized files now loaded: 0)
Unloading 6183 unused Assets / (3.9 MB). Loaded Objects now: 7082.
Memory consumption went from 162.0 MB to 158.1 MB.
Total: 11.572000 ms (FindLiveObjects: 0.823900 ms CreateObjectMapping: 0.394900 ms MarkObjects: 6.528200 ms  DeleteObjects: 3.823400 ms)

Prepare: number of updated asset objects reloaded= 0
========================================================================
Received Prepare
Refreshing native plugins compatible for Editor in 3.10 ms, found 3 plugins.
Preloading 0 native plugins for Editor in 0.00 ms.
Unloading 16 Unused Serialized files (Serialized files now loaded: 0)
Unloading 6183 unused Assets / (4.0 MB). Loaded Objects now: 7082.
Memory consumption went from 162.0 MB to 158.0 MB.
Total: 16.633400 ms (FindLiveObjects: 1.276900 ms CreateObjectMapping: 0.916700 ms MarkObjects: 11.475100 ms  DeleteObjects: 2.963700 ms)

Prepare: number of updated asset objects reloaded= 0
========================================================================
Received Prepare
Refreshing native plugins compatible for Editor in 3.40 ms, found 3 plugins.
Preloading 0 native plugins for Editor in 0.00 ms.
Unloading 16 Unused Serialized files (Serialized files now loaded: 0)
Unloading 6183 unused Assets / (2.9 MB). Loaded Objects now: 7082.
Memory consumption went from 162.0 MB to 159.1 MB.
Total: 17.080400 ms (FindLiveObjects: 1.449800 ms CreateObjectMapping: 0.873700 ms MarkObjects: 11.368300 ms  DeleteObjects: 3.387300 ms)

Prepare: number of updated asset objects reloaded= 0
========================================================================
Received Prepare
Refreshing native plugins compatible for Editor in 3.34 ms, found 3 plugins.
Preloading 0 native plugins for Editor in 0.00 ms.
Unloading 16 Unused Serialized files (Serialized files now loaded: 0)
Unloading 6183 unused Assets / (3.6 MB). Loaded Objects now: 7082.
Memory consumption went from 162.0 MB to 158.4 MB.
Total: 20.495100 ms (FindLiveObjects: 1.290600 ms CreateObjectMapping: 0.451300 ms MarkObjects: 13.856200 ms  DeleteObjects: 4.894900 ms)

Prepare: number of updated asset objects reloaded= 0
========================================================================
Received Prepare
Refreshing native plugins compatible for Editor in 2.79 ms, found 3 plugins.
Preloading 0 native plugins for Editor in 0.00 ms.
Unloading 16 Unused Serialized files (Serialized files now loaded: 0)
Unloading 6183 unused Assets / (3.3 MB). Loaded Objects now: 7082.
Memory consumption went from 162.0 MB to 158.7 MB.
Total: 15.012200 ms (FindLiveObjects: 2.209300 ms CreateObjectMapping: 0.473100 ms MarkObjects: 9.826600 ms  DeleteObjects: 2.501800 ms)

Prepare: number of updated asset objects reloaded= 0
========================================================================
Received Prepare
Refreshing native plugins compatible for Editor in 1.62 ms, found 3 plugins.
Preloading 0 native plugins for Editor in 0.00 ms.
Unloading 16 Unused Serialized files (Serialized files now loaded: 0)
Unloading 6183 unused Assets / (3.6 MB). Loaded Objects now: 7082.
Memory consumption went from 162.0 MB to 158.4 MB.
Total: 20.080700 ms (FindLiveObjects: 1.088300 ms CreateObjectMapping: 0.974700 ms MarkObjects: 12.658500 ms  DeleteObjects: 5.357400 ms)

Prepare: number of updated asset objects reloaded= 0
========================================================================
Received Prepare
Refreshing native plugins compatible for Editor in 3.17 ms, found 3 plugins.
Preloading 0 native plugins for Editor in 0.00 ms.
Unloading 16 Unused Serialized files (Serialized files now loaded: 0)
Unloading 6183 unused Assets / (3.9 MB). Loaded Objects now: 7082.
Memory consumption went from 162.0 MB to 158.1 MB.
Total: 18.285000 ms (FindLiveObjects: 1.396200 ms CreateObjectMapping: 0.826100 ms MarkObjects: 10.251600 ms  DeleteObjects: 5.809000 ms)

Prepare: number of updated asset objects reloaded= 0
========================================================================
Received Prepare
Refreshing native plugins compatible for Editor in 5.47 ms, found 3 plugins.
Preloading 0 native plugins for Editor in 0.00 ms.
Unloading 16 Unused Serialized files (Serialized files now loaded: 0)
Unloading 6183 unused Assets / (3.8 MB). Loaded Objects now: 7082.
Memory consumption went from 162.0 MB to 158.2 MB.
Total: 18.621900 ms (FindLiveObjects: 1.476100 ms CreateObjectMapping: 1.086800 ms MarkObjects: 12.048100 ms  DeleteObjects: 4.009500 ms)

Prepare: number of updated asset objects reloaded= 0
========================================================================
Received Prepare
Refreshing native plugins compatible for Editor in 3.25 ms, found 3 plugins.
Preloading 0 native plugins for Editor in 0.00 ms.
Unloading 16 Unused Serialized files (Serialized files now loaded: 0)
Unloading 6183 unused Assets / (5.0 MB). Loaded Objects now: 7082.
Memory consumption went from 162.0 MB to 157.0 MB.
Total: 25.632200 ms (FindLiveObjects: 2.392900 ms CreateObjectMapping: 2.723700 ms MarkObjects: 15.205800 ms  DeleteObjects: 5.308200 ms)

Prepare: number of updated asset objects reloaded= 0
========================================================================
Received Prepare
Refreshing native plugins compatible for Editor in 1.62 ms, found 3 plugins.
Preloading 0 native plugins for Editor in 0.00 ms.
Unloading 16 Unused Serialized files (Serialized files now loaded: 0)
Unloading 6183 unused Assets / (3.9 MB). Loaded Objects now: 7082.
Memory consumption went from 162.0 MB to 158.1 MB.
Total: 19.172800 ms (FindLiveObjects: 1.308900 ms CreateObjectMapping: 1.272700 ms MarkObjects: 12.663900 ms  DeleteObjects: 3.925500 ms)

Prepare: number of updated asset objects reloaded= 0
========================================================================
Received Prepare
Refreshing native plugins compatible for Editor in 2.83 ms, found 3 plugins.
Preloading 0 native plugins for Editor in 0.00 ms.
Unloading 16 Unused Serialized files (Serialized files now loaded: 0)
Unloading 6183 unused Assets / (4.1 MB). Loaded Objects now: 7082.
Memory consumption went from 162.0 MB to 157.9 MB.
Total: 15.895300 ms (FindLiveObjects: 1.160300 ms CreateObjectMapping: 0.806700 ms MarkObjects: 10.660700 ms  DeleteObjects: 3.265500 ms)

Prepare: number of updated asset objects reloaded= 0
========================================================================
Received Prepare
Refreshing native plugins compatible for Editor in 3.01 ms, found 3 plugins.
Preloading 0 native plugins for Editor in 0.00 ms.
Unloading 16 Unused Serialized files (Serialized files now loaded: 0)
Unloading 6183 unused Assets / (2.3 MB). Loaded Objects now: 7082.
Memory consumption went from 162.0 MB to 159.7 MB.
Total: 20.162900 ms (FindLiveObjects: 1.619000 ms CreateObjectMapping: 1.104200 ms MarkObjects: 14.047300 ms  DeleteObjects: 3.390300 ms)

Prepare: number of updated asset objects reloaded= 0
========================================================================
Received Prepare
Refreshing native plugins compatible for Editor in 4.87 ms, found 3 plugins.
Preloading 0 native plugins for Editor in 0.00 ms.
Unloading 16 Unused Serialized files (Serialized files now loaded: 0)
Unloading 6183 unused Assets / (3.8 MB). Loaded Objects now: 7082.
Memory consumption went from 162.0 MB to 158.2 MB.
Total: 19.378500 ms (FindLiveObjects: 1.363400 ms CreateObjectMapping: 1.076900 ms MarkObjects: 13.490500 ms  DeleteObjects: 3.446000 ms)

Prepare: number of updated asset objects reloaded= 0
========================================================================
Received Prepare
Refreshing native plugins compatible for Editor in 3.73 ms, found 3 plugins.
Preloading 0 native plugins for Editor in 0.00 ms.
Unloading 16 Unused Serialized files (Serialized files now loaded: 0)
Unloading 6183 unused Assets / (3.6 MB). Loaded Objects now: 7082.
Memory consumption went from 162.0 MB to 158.3 MB.
Total: 19.945400 ms (FindLiveObjects: 1.518500 ms CreateObjectMapping: 1.017500 ms MarkObjects: 13.652700 ms  DeleteObjects: 3.755100 ms)

Prepare: number of updated asset objects reloaded= 0
========================================================================
Received Prepare
Refreshing native plugins compatible for Editor in 4.39 ms, found 3 plugins.
Preloading 0 native plugins for Editor in 0.00 ms.
Unloading 16 Unused Serialized files (Serialized files now loaded: 0)
Unloading 6183 unused Assets / (2.1 MB). Loaded Objects now: 7082.
Memory consumption went from 162.0 MB to 159.9 MB.
Total: 17.341900 ms (FindLiveObjects: 1.209600 ms CreateObjectMapping: 0.894700 ms MarkObjects: 12.222800 ms  DeleteObjects: 3.013000 ms)

Prepare: number of updated asset objects reloaded= 0
========================================================================
Received Prepare
Refreshing native plugins compatible for Editor in 3.55 ms, found 3 plugins.
Preloading 0 native plugins for Editor in 0.00 ms.
Unloading 16 Unused Serialized files (Serialized files now loaded: 0)
Unloading 6183 unused Assets / (3.5 MB). Loaded Objects now: 7082.
Memory consumption went from 162.0 MB to 158.5 MB.
Total: 48.443200 ms (FindLiveObjects: 1.506600 ms CreateObjectMapping: 1.136300 ms MarkObjects: 11.914100 ms  DeleteObjects: 33.884300 ms)

Prepare: number of updated asset objects reloaded= 0
========================================================================
Received Prepare
Refreshing native plugins compatible for Editor in 2.71 ms, found 3 plugins.
Preloading 0 native plugins for Editor in 0.00 ms.
Unloading 16 Unused Serialized files (Serialized files now loaded: 0)
Unloading 6183 unused Assets / (3.6 MB). Loaded Objects now: 7082.
Memory consumption went from 162.0 MB to 158.3 MB.
Total: 14.987200 ms (FindLiveObjects: 0.878900 ms CreateObjectMapping: 0.364700 ms MarkObjects: 11.124100 ms  DeleteObjects: 2.617900 ms)

Prepare: number of updated asset objects reloaded= 0
========================================================================
Received Prepare
Refreshing native plugins compatible for Editor in 1.65 ms, found 3 plugins.
Preloading 0 native plugins for Editor in 0.00 ms.
Unloading 16 Unused Serialized files (Serialized files now loaded: 0)
Unloading 6183 unused Assets / (4.2 MB). Loaded Objects now: 7082.
Memory consumption went from 162.0 MB to 157.8 MB.
Total: 20.778600 ms (FindLiveObjects: 1.691300 ms CreateObjectMapping: 1.023600 ms MarkObjects: 12.994800 ms  DeleteObjects: 5.066800 ms)

Prepare: number of updated asset objects reloaded= 0
========================================================================
Received Prepare
Refreshing native plugins compatible for Editor in 3.52 ms, found 3 plugins.
Preloading 0 native plugins for Editor in 0.00 ms.
Unloading 16 Unused Serialized files (Serialized files now loaded: 0)
Unloading 6183 unused Assets / (3.3 MB). Loaded Objects now: 7082.
Memory consumption went from 162.0 MB to 158.7 MB.
Total: 18.569900 ms (FindLiveObjects: 1.483900 ms CreateObjectMapping: 0.975600 ms MarkObjects: 13.629200 ms  DeleteObjects: 2.479900 ms)

Prepare: number of updated asset objects reloaded= 0
========================================================================
Received Prepare
Refreshing native plugins compatible for Editor in 1.52 ms, found 3 plugins.
Preloading 0 native plugins for Editor in 0.00 ms.
Unloading 16 Unused Serialized files (Serialized files now loaded: 0)
Unloading 6183 unused Assets / (4.3 MB). Loaded Objects now: 7082.
Memory consumption went from 162.0 MB to 157.7 MB.
Total: 19.272500 ms (FindLiveObjects: 1.155200 ms CreateObjectMapping: 0.549000 ms MarkObjects: 12.328500 ms  DeleteObjects: 5.238400 ms)

Prepare: number of updated asset objects reloaded= 0
========================================================================
Received Prepare
Refreshing native plugins compatible for Editor in 5.65 ms, found 3 plugins.
Preloading 0 native plugins for Editor in 0.00 ms.
Unloading 16 Unused Serialized files (Serialized files now loaded: 0)
Unloading 6183 unused Assets / (3.2 MB). Loaded Objects now: 7082.
Memory consumption went from 162.0 MB to 158.8 MB.
Total: 24.346600 ms (FindLiveObjects: 1.665500 ms CreateObjectMapping: 1.395700 ms MarkObjects: 15.287400 ms  DeleteObjects: 5.996200 ms)

Prepare: number of updated asset objects reloaded= 0
========================================================================
Received Prepare
Refreshing native plugins compatible for Editor in 3.62 ms, found 3 plugins.
Preloading 0 native plugins for Editor in 0.00 ms.
Unloading 16 Unused Serialized files (Serialized files now loaded: 0)
Unloading 6183 unused Assets / (3.7 MB). Loaded Objects now: 7082.
Memory consumption went from 162.0 MB to 158.3 MB.
Total: 26.569200 ms (FindLiveObjects: 2.267500 ms CreateObjectMapping: 1.238800 ms MarkObjects: 18.282000 ms  DeleteObjects: 4.778900 ms)

Prepare: number of updated asset objects reloaded= 0
========================================================================
Received Prepare
Refreshing native plugins compatible for Editor in 1.39 ms, found 3 plugins.
Preloading 0 native plugins for Editor in 0.00 ms.
Unloading 16 Unused Serialized files (Serialized files now loaded: 0)
Unloading 6183 unused Assets / (3.0 MB). Loaded Objects now: 7082.
Memory consumption went from 162.0 MB to 159.0 MB.
Total: 25.374000 ms (FindLiveObjects: 0.883400 ms CreateObjectMapping: 0.458700 ms MarkObjects: 14.365300 ms  DeleteObjects: 9.665100 ms)

Prepare: number of updated asset objects reloaded= 0
========================================================================
Received Import Request.
  Time since last request: 1032.009771 seconds.
  path: Assets/Scripts/Tile/Model/TileSuit.cs
  artifactKey: Guid(9ff10e233d9f4c543b1d6b489ddc0eae) Importer(815301076,1909f56bfc062723c751e8b465ee728b)
Start importing Assets/Scripts/Tile/Model/TileSuit.cs using Guid(9ff10e233d9f4c543b1d6b489ddc0eae) Importer(815301076,1909f56bfc062723c751e8b465ee728b) (PreviewImporter) -> (artifact id: 'c1efb7ddca639fb3293e1a2185fe5fac') in 0.3505285 seconds
Number of updated asset objects reloaded before import = 0Number of asset objects unloaded after import = 0

========================================================================
Received Prepare
Refreshing native plugins compatible for Editor in 3.45 ms, found 3 plugins.
Preloading 0 native plugins for Editor in 0.00 ms.
Unloading 16 Unused Serialized files (Serialized files now loaded: 0)
Unloading 6183 unused Assets / (2.9 MB). Loaded Objects now: 7082.
Memory consumption went from 162.0 MB to 159.1 MB.
Total: 28.636900 ms (FindLiveObjects: 1.928500 ms CreateObjectMapping: 1.028000 ms MarkObjects: 20.683700 ms  DeleteObjects: 4.995000 ms)

Prepare: number of updated asset objects reloaded= 0
========================================================================
Received Import Request.
  Time since last request: 9.339731 seconds.
  path: Assets/Scripts/Tile/Model/TileSuit.cs
  artifactKey: Guid(9ff10e233d9f4c543b1d6b489ddc0eae) Importer(815301076,1909f56bfc062723c751e8b465ee728b)
Start importing Assets/Scripts/Tile/Model/TileSuit.cs using Guid(9ff10e233d9f4c543b1d6b489ddc0eae) Importer(815301076,1909f56bfc062723c751e8b465ee728b) (PreviewImporter) -> (artifact id: 'efed65e166287a08dbff98dfa7705075') in 0.0348449 seconds
Number of updated asset objects reloaded before import = 0Number of asset objects unloaded after import = 0

========================================================================
Received Prepare
Refreshing native plugins compatible for Editor in 3.36 ms, found 3 plugins.
Preloading 0 native plugins for Editor in 0.00 ms.
Unloading 16 Unused Serialized files (Serialized files now loaded: 0)
Unloading 6183 unused Assets / (3.5 MB). Loaded Objects now: 7082.
Memory consumption went from 162.0 MB to 158.5 MB.
Total: 26.565000 ms (FindLiveObjects: 1.824000 ms CreateObjectMapping: 0.468700 ms MarkObjects: 16.605500 ms  DeleteObjects: 7.665200 ms)

Prepare: number of updated asset objects reloaded= 0
========================================================================
Received Prepare
Begin MonoManager ReloadAssembly
[Licensing::Client] Successfully resolved entitlement details
- Loaded All Assemblies, in  7.112 seconds
Refreshing native plugins compatible for Editor in 5.08 ms, found 3 plugins.
Assertion failed on expression: 'pred(*previous, *i)'
Assertion failed on expression: 'pred(*previous, *i)'
Native extension for WindowsStandalone target not found
[Package Manager] Failed to launch server process. Reason: Unity was launched with the -noUpm command-line argument
[Package Manager] Unable to send message (not connected to server process).
[Package Manager] Cannot connect to Unity Package Manager local server
ScheduleIndexationOnStartup MainProcess:False IndexOnStartup:True
Mono: successfully reloaded assembly
- Finished resetting the current domain, in  1.313 seconds
Domain Reload Profiling: 8408ms
	BeginReloadAssembly (891ms)
		ExecutionOrderSort (0ms)
		DisableScriptedObjects (7ms)
		BackupInstance (0ms)
		ReleaseScriptingObjects (0ms)
		CreateAndSetChildDomain (64ms)
	RebuildCommonClasses (354ms)
	RebuildNativeTypeToScriptingClass (25ms)
	initialDomainReloadingComplete (86ms)
	LoadAllAssembliesAndSetupDomain (5739ms)
		LoadAssemblies (5748ms)
		RebuildTransferFunctionScriptingTraits (0ms)
		AnalyzeDomain (742ms)
			TypeCache.Refresh (31ms)
				TypeCache.ScanAssembly (1ms)
			BuildScriptInfoCaches (669ms)
			ResolveRequiredComponents (26ms)
	FinalizeReload (1313ms)
		ReleaseScriptCaches (0ms)
		RebuildScriptCaches (0ms)
		SetupLoadedEditorAssemblies (923ms)
			LogAssemblyErrors (0ms)
			InitializePlatformSupportModulesInManaged (5ms)
			SetLoadedEditorAssemblies (14ms)
			BeforeProcessingInitializeOnLoad (504ms)
			ProcessInitializeOnLoadAttributes (345ms)
			ProcessInitializeOnLoadMethodAttributes (51ms)
			AfterProcessingInitializeOnLoad (4ms)
			EditorAssembliesLoaded (0ms)
		ExecutionOrderSort2 (0ms)
		AwakeInstancesAfterBackupRestoration (13ms)
Refreshing native plugins compatible for Editor in 0.83 ms, found 3 plugins.
Preloading 0 native plugins for Editor in 0.00 ms.
Unloading 16 Unused Serialized files (Serialized files now loaded: 0)
Unloading 6189 unused Assets / (3.7 MB). Loaded Objects now: 7085.
Memory consumption went from 161.9 MB to 158.1 MB.
Total: 6.216200 ms (FindLiveObjects: 0.436600 ms CreateObjectMapping: 0.448700 ms MarkObjects: 3.906600 ms  DeleteObjects: 1.423300 ms)

Prepare: number of updated asset objects reloaded= 0
